1 2 3 4 5 6 7 8 9 10 11 12 13 14 15 16 17 18 19 20 21 22 23 24 25 26 27 28 29 30 31 32 33 34 35 36 37 38 39 40 41 42 43 44 45 46 47 48 49 50 51 52 53 54 55 56 57 58 59 60 61 62 63 64 65 66 67 68 69 70 71 72 73 74 75 76 77 78 79 80 81 82 83 84 85 86 87 88 89 90 91 92 93 94 95 96 97 98 99 100 101 102 103 104 105 106 107 108 109 110 111 112 113 114 115 116 117 118 119 120 121 122 123 124 125 126 127 128 129 130 131 132 133 134 135 136 137 138 139 140 141 142 143 144 145 146 147 148 149 150 151 152 153 154 155 156 157 158 159 160 161 162 163 164 165 166 167 168 169 170 171 172 173 174 175 176 177 178 179 180 181 182 183 184 185 186 187 188 189 190 191 192 193 194 195 196 197 198 199 200 201 202 203 204 205 206 207 208 209 210 211 212 213 214 215 216 217 218 219 220 221 222 223 224 225 226 227 228 229 230 231 232 233 234 235 236 237 238 239 240 241 242 243 244 245 246 247 248 249 250 251 252 253 254 255 256 257 258 259 260 261 262 263 264 265 266 267 268 269 270 271 272 273 274 275 276 277 278 279 280 281 282 283 284 285 286 287 288 289 290 291 292 293 294 295 296 297 298 299 300 301 302 303 304 305 306 307 308 309 310 311 312 313 314 315 316 317 318 319 320 321 322 323 324 325 326 327 328 329 330 331 332 333 334 335 336 337 338 339 340 341 342 343 344 345 346 347 348 349 350 351 352 353 354 355 356 357 358 359 360 361 362 363 364 365 366 367 368 369 370 371 372 373 374 375 376 377 378 379 380 381 382 383 384 385 386 387 388 389 390 391 392 393 394 395 396 397 398 399 400 401 402 403 404 405 406 407 408 409 410 411 412 413 414 415 416 417 418 419 420 421 422 423 424 425 426 427 428 429 430 431 432 433 434 435 436 437 438 439 440 441 442 443 444 445 446 447 448 449 450 451 452 453 454 455 456 457 458 459 460 461 462 463 464 465 466 467 468 469 470 471 472 473 474 475 476 477 478 479 480 481 482 483 484 485 486 487 488 489 490 491 492 493 494 495 496 497 498 499 500 501 502 503 504 505 506 507 508 509 510 511 512 513 514 515 516 517 518 519 520 521 522 523 524 525 526 527 528 529 530 531 532 533 534 535 536 537 538 539 540 541 542 543 544 545 546 547 548 549 550 551 552 553 554 555 556 557 558 559 560 561 562 563 564 565 566 567 568 569 570 571 572 573 574 575 576 577 578 579 580 581 582 583 584 585 586 587 588 589 590 591 592 593 594 595 596 597 598 599 600 
OK
1PPP
2PPP
3PPP
4PPP
5PPP
6PPP
7PPP
8PPP
9PPP
10PPP
11PPP
12PPP
13PPP
14PPP
15PPP
16PPP
17PPP
18PPP
19PPP
20PPP
21PPP
22PPP
23PPP
24PPP
25PPP
26PPP
27PPP
28PPP
29PPP
30PPP
31PPP
32PPP
33PPP
34PPP
35PPP
36PPP
37PPP
38PPP
39PPP
40PPP
41PPP
42PPP
43PPP
44PPP
45PPP
46PPP
47PPP
48PPP
49PPP
50PPP
51PPP
52PPP
53PPP
54PPP
55PPP
56PPP
57PPP
58PPP
59PPP
60PPP
61PPP
62PPP
63PPP
64PPP
65PPP
66PPP
67PPP
68PPP
69PPP
70PPP
71PPP
72PPP
73PPP
74PPP
75PPP
76PPP
77PPP
78PPP
79PPP
80PPP
81PPP
82PPP
83PPP
84PPP
85PPP
86PPP
87PPP
88PPP
89PPP
90PPP
91PPP
92PPP
93PPP
94PPP
95PPP
96PPP
97PPP
98PPP
99PPP
100PPP
101PPP
102PPP
103PPP
104PPP
105PPP
106PPP
107PPP
108PPP
109PPP
110PPP
111PPP
112PPP
113PPP
114PPP
115PPP
116PPP
117PPP
118PPP
119PPP
120PPP
121PPP
122PPP
123PPP
124PPP
125PPP
126PPP
127PPP
128PPP
129PPP
130PPP
131PPP
132PPP
133PPP
134PPP
135PPP
136PPP
137PPP
138PPP
139PPP
140PPP
141PPP
142PPP
143PPP
144PPP
145PPP
146PPP
147PPP
148PPP
149PPP
150PPP
151PPP
152PPP
153PPP
154PPP
155PPP
156PPP
157PPP
158PPP
159PPP
160PPP
161PPP
162PPP
163PPP
164PPP
165PPP
166PPP
167PPP
168PPP
169PPP
170PPP
171PPP
172PPP
173PPP
174PPP
175PPP
176PPP
177PPP
178PPP
179PPP
180PPP
181PPP
182PPP
183PPP
184PPP
185PPP
186PPP
187PPP
188PPP
189PPP
190PPP
191PPP
192PPP
OK
193PPP
