2799243976
5872952266
656816144
13272379207
4041334550
2196630841
1346842620
2694491930
717279745
3438721415
450192540
7260987621
5872952266
672322005
589839852
1346842620
6868406406
291509820
6348428804
2723849840
2723849840
7768000029
7260987621
324698530
3366813935
0
727293592
7260987621
2231053165
532014520
1844982571
2302960645
7260987621
1346842620
0
2799243976
6348428804
291509820
7159916226
3366813935
0
532014520
2196630841
291509820
744229485
324698530
727293592
672322005
1452401356
656816144
0
2901807920
0
616208350
207315990
656816144
0
207315990
727293592
10294233243
1558731160
672322005
0
1951312375
3366813935
7768000029
6533694029
2305278562
324698530
672322005
1951312375
6432622634
0
2124723361
10294233243
6161195322
2231053165
