0
0
0
0
0
0
0
0
0
0
0
0
73099532
7813239
0
298675111
98802017
0
164278132
302216269
19794801
44291871
254911409
0
0
33455417
71889524
302732739
24856895
205615089
145811774
265261348
24856895
0
126110580
126110580
80745542
263458857
293145297
192207732
0
46269845
78916549
0
0
26874873
272547295
0
119773369
26106874
137026998
195531843
568117
109397892
299027936
287459969
9918438
0
96056624
3032037
146001197
0
38334911
165540404
158559048
134707319
171006409
302506943
705331
260781524
290963851
211535124
209936338
32258408
125994399
134310043
25857643
231854142
29697121
59500601
0
81005314
38916687
3032037
162251320
47774293
169381227
0
68295343
3248104
70571356
0
53466982
45562429
138794854
3571921
60365934
205660445
303932051
0
231854142
33176233
53466982
173052409
0
0
199865419
238053065
58768504
0
203017926
45525380
53466982
20385988
203017926
65044459
60365934
15267124
0
89403489
274600239
293058128
62303696
0
0
113765106
308685242
204665873
309223910
137501944
177613965
294934345
288539693
30382858
100479597
218723047
286815372
0
295870988
223483659
178967572
258668236
65146716
67027020
223483659
218326954
233665885
290107021
284328038
91452907
192297073
130661527
281389314
0
237663148
303829107
256021193
165087475
186565999
249084552
15949803
288991950
240532605
69241761
116549083
129967272
0
88784499
315203378
178082901
25799464
157024774
5743565
262371275
308252085
33487735
108545367
227037513
231854142
139783186
225009855
128096214
292284279
198299583
131454315
15469098
263062521
48415480
0
0
231660802
271436751
274422858
123439870
23727890
0
323229565
155146546
181854799
48112590
231646290
78482865
260600135
78218903
231660802
133625234
285458077
113117299
53260578
110761469
204527219
0
195046405
101875524
154500746
13823804
233019047
83266222
204409341
228958762
311602626
188312661
200594677
28587688
276038769
158265337
65816213
57648381
296285293
252636890
282038668
254041344
0
86766865
211272291
39839775
48317791
158559048
215885354
305855215
212403475
284638313
146802504
185314948
269608198
245512615
76946360
216340064
320352072
276038769
182517823
301199403
98133257
75698084
36613066
275326871
12435104
175473736
224024077
150120068
39839775
77664869
322065784
0
280714433
184775435
106132280
97953316
307955618
275037603
0
20963483
81628683
246020279
162078673
96859013
104777505
222544004
1269187
842711
154640344
264837674
300041933
0
281340587
60994229
27974977
129724431
274548548
119082105
156514674
93167914
220406130
232686150
51206280
210650798
248270727
0
65816213
281593449
116722380
253605762
307181361
212850590
75480168
163225991
280925827
100308834
137751550
134855527
16494499
311223517
0
297893074
178382454
219580423
296133102
172893305
295762626
240761689
62418914
68003545
230099299
147766636
32291803
0
94927241
246020279
239519401
152817205
113205070
90982518
296026685
2689648
84804877
142526334
115238378
246678050
73092009
13101349
169173658
198584616
236251535
101880799
128894436
216338291
265011509
9226505
11587282
253152774
210785089
277817324
119546613
93029612
0
315838377
78396152
44594691
281362741
0
123406678
247310076
21060799
43443241
26532351
203574062
138346877
81409086
282038668
199091608
63515648
154549958
0
165136198
319206770
243628999
36158690
0
87261045
259094092
297337121
233878375
285917522
0
237831527
223729542
88754151
311618599
71459202
56087514
178633301
50000567
206080094
71956276
5568456
107406082
306919211
138064381
121115871
92393514
175866025
126856467
178633301
264919844
288641000
58055443
69693903
125303076
82013000
19333403
182455758
90055088
204084103
38390620
74770937
3545239
43257254
57186701
0
81944862
71294058
32171046
71459202
30633902
171336124
285855740
16912358
276677213
283475448
252978876
118458532
308028600
300230339
5568456
295643626
143155278
114882088
219372996
50821506
225663823
210434627
317413602
0
245137360
66784055
235998316
