617 639 33294 163837
616 639 32975 163837
616 638 32975 163529
614 638 32337 163529
612 638 31699 163529
610 638 31061 163529
608 638 30423 163529
606 638 29785 163529
604 638 29147 163529
602 638 28509 163529
600 638 27871 163529
598 638 27233 163529
596 638 26595 163529
594 638 25957 163529
592 638 25319 163529
590 638 24681 163529
588 638 24043 163529
586 638 23405 163529
584 638 22767 163529
582 638 22129 163529
580 638 21491 163529
578 638 20853 163529
576 638 20215 163529
574 638 19577 163529
572 638 18939 163529
570 638 18301 163529
568 638 17663 163529
566 638 17025 163529
564 638 16387 163529
562 638 15749 163529
560 638 15111 163529
558 638 14473 163529
556 638 13835 163529
554 638 13197 163529
552 638 12559 163529
550 638 11921 163529
548 638 11283 163529
546 638 10645 163529
544 638 10007 163529
542 638 9369 163529
540 638 8731 163529
538 638 8093 163529
536 638 7455 163529
534 638 6817 163529
532 638 6179 163529
530 638 5541 163529
528 638 4903 163529
526 638 4265 163529
524 638 3627 163529
522 638 2989 163529
520 638 2351 163529
518 638 1713 163529
516 638 1075 163529
514 638 437 163529
514 636 437 163015
514 634 437 162501
514 632 437 161987
514 630 437 161473
514 628 437 160959
514 626 437 160445
514 624 437 159931
514 622 437 159417
514 620 437 158903
514 618 437 158389
514 616 437 157875
514 614 437 157361
514 612 437 156847
514 610 437 156333
514 608 437 155819
514 606 437 155305
514 604 437 154791
514 602 437 154277
514 600 437 153763
514 598 437 153249
514 596 437 152735
514 594 437 152221
514 592 437 151707
514 590 437 151193
514 588 437 150679
514 586 437 150165
514 584 437 149651
514 582 437 149137
514 580 437 148623
514 578 437 148109
514 576 437 147595
514 574 437 147081
514 572 437 146567
514 570 437 146053
514 568 437 145539
514 566 437 145025
514 564 437 144511
514 562 437 143997
514 560 437 143483
514 558 437 142969
514 556 437 142455
514 554 437 141941
514 552 437 141427
514 550 437 140913
514 548 437 140399
514 546 437 139885
514 544 437 139371
514 542 437 138857
514 540 437 138343
514 538 437 137829
514 536 437 137315
514 534 437 136801
514 532 437 136287
514 530 437 135773
514 528 437 135259
514 526 437 134745
514 524 437 134231
514 522 437 133717
514 520 437 133203
514 518 437 132689
514 516 437 132175
514 514 437 131661
514 512 437 131147
514 510 437 130633
514 508 437 130119
514 506 437 129605
514 504 437 129091
514 502 437 128577
514 500 437 128063
514 498 437 127549
514 496 437 127035
514 494 437 126521
514 492 437 126007
514 490 437 125493
514 488 437 124979
514 486 437 124465
514 484 437 123951
514 482 437 123437
514 480 437 122923
514 478 437 122409
514 476 437 121895
514 474 437 121381
514 472 437 120867
514 470 437 120353
514 468 437 119839
514 466 437 119325
514 464 437 118811
514 462 437 118297
514 460 437 117783
514 458 437 117269
514 456 437 116755
514 454 437 116241
514 452 437 115727
514 450 437 115213
514 448 437 114699
514 446 437 114185
514 444 437 113671
514 442 437 113157
514 440 437 112643
514 438 437 112129
514 436 437 111615
512 436 1 111615
512 434 1 111103
512 432 1 110591
512 430 1 110079
512 428 1 109567
512 426 1 109055
512 424 1 108543
512 422 1 108031
512 420 1 107519
512 418 1 107007
512 416 1 106495
512 414 1 105983
512 412 1 105471
512 410 1 104959
512 408 1 104447
512 406 1 103935
512 404 1 103423
512 402 1 102911
512 400 1 102399
512 398 1 101887
512 396 1 101375
512 394 1 100863
512 392 1 100351
512 390 1 99839
512 388 1 99327
512 386 1 98815
512 384 1 98303
512 382 1 97791
512 380 1 97279
512 378 1 96767
512 376 1 96255
512 374 1 95743
512 372 1 95231
512 370 1 94719
512 368 1 94207
512 366 1 93695
512 364 1 93183
512 362 1 92671
512 360 1 92159
512 358 1 91647
512 356 1 91135
512 354 1 90623
512 352 1 90111
512 350 1 89599
512 348 1 89087
512 346 1 88575
512 344 1 88063
512 342 1 87551
512 340 1 87039
512 338 1 86527
512 336 1 86015
512 334 1 85503
512 332 1 84991
512 330 1 84479
512 328 1 83967
512 326 1 83455
512 324 1 82943
512 322 1 82431
512 320 1 81919
512 318 1 81407
512 316 1 80895
512 314 1 80383
512 312 1 79871
512 310 1 79359
512 308 1 78847
512 306 1 78335
512 304 1 77823
512 302 1 77311
512 300 1 76799
512 298 1 76287
512 296 1 75775
512 294 1 75263
512 292 1 74751
512 290 1 74239
512 288 1 73727
512 286 1 73215
512 284 1 72703
512 282 1 72191
512 280 1 71679
512 278 1 71167
512 276 1 70655
512 274 1 70143
512 272 1 69631
512 270 1 69119
512 268 1 68607
512 266 1 68095
512 264 1 67583
512 262 1 67071
512 260 1 66559
512 258 1 66047
512 256 1 65535
512 254 1 65023
512 252 1 64511
512 250 1 63999
512 248 1 63487
512 246 1 62975
512 244 1 62463
512 242 1 61951
512 240 1 61439
512 238 1 60927
512 236 1 60415
512 234 1 59903
512 232 1 59391
512 230 1 58879
512 228 1 58367
512 226 1 57855
512 224 1 57343
512 222 1 56831
512 220 1 56319
512 218 1 55807
512 216 1 55295
512 214 1 54783
512 212 1 54271
512 210 1 53759
512 208 1 53247
512 206 1 52735
512 204 1 52223
512 202 1 51711
512 200 1 51199
512 198 1 50687
512 196 1 50175
512 194 1 49663
512 192 1 49151
512 190 1 48639
512 188 1 48127
512 186 1 47615
512 184 1 47103
512 182 1 46591
512 180 1 46079
512 178 1 45567
512 176 1 45055
512 174 1 44543
512 172 1 44031
512 170 1 43519
512 168 1 43007
512 166 1 42495
512 164 1 41983
512 162 1 41471
512 160 1 40959
512 158 1 40447
512 156 1 39935
512 154 1 39423
512 152 1 38911
512 150 1 38399
512 148 1 37887
512 146 1 37375
512 144 1 36863
512 142 1 36351
512 140 1 35839
512 138 1 35327
512 136 1 34815
512 134 1 34303
512 132 1 33791
512 130 1 33279
512 128 1 32767
512 126 1 32255
512 124 1 31743
512 122 1 31231
512 120 1 30719
512 118 1 30207
512 116 1 29695
512 114 1 29183
512 112 1 28671
512 110 1 28159
512 108 1 27647
512 106 1 27135
512 104 1 26623
512 102 1 26111
512 100 1 25599
512 98 1 25087
512 96 1 24575
512 94 1 24063
512 92 1 23551
512 90 1 23039
512 88 1 22527
512 86 1 22015
512 84 1 21503
512 82 1 20991
512 80 1 20479
512 78 1 19967
512 76 1 19455
512 74 1 18943
512 72 1 18431
512 70 1 17919
512 68 1 17407
512 66 1 16895
512 64 1 16383
512 62 1 15871
512 60 1 15359
512 58 1 14847
512 56 1 14335
512 54 1 13823
512 52 1 13311
512 50 1 12799
512 48 1 12287
512 46 1 11775
512 44 1 11263
512 42 1 10751
512 40 1 10239
512 38 1 9727
512 36 1 9215
512 34 1 8703
512 32 1 8191
512 30 1 7679
512 28 1 7167
512 26 1 6655
512 24 1 6143
512 22 1 5631
512 20 1 5119
512 18 1 4607
512 16 1 4095
512 14 1 3583
512 12 1 3071
512 10 1 2559
512 8 1 2047
512 6 1 1535
512 4 1 1023
512 2 1 511
512 0 1 0
NO
