12 7
8 6
12 -17
17 -13
-15 -24
2 -24
7 -8
-9 6
10 -20
24 -2
24 9
-9 -31
-13 3
-12 -8
21 1
17 -7
16 -17
15 -19
23 0
4 -17
25 -31
20 -26
24 -9
3 9
-1 -14
-15 -11
3 -27
-1 -5
14 -20
22 -21
19 -15
15 -5
15 -1
3 -19
-12 -14
-2 9
9 -17
8 -28
-2 5
6 -16
2 -31
5 2
13 -23
-12 -24
14 9
3 -5
3 -22
-4 -22
24 -2
7 -28
-8 5
-10 0
-4 -2
21 -7
12 -13
-15 -27
3 -12
22 -25
16 -29
0 -13
-12 4
-12 -8
-11 -15
18 -27
-9 -15
-7 -17
-2 -15
-10 -6
-11 -29
-6 1
5 -21
21 -31
15 3
-6 -12
21 -8
-15 9
5 -24
7 -7
10 -15
15 0
18 7
-9 -26
-2 -15
15 -12
2 -31
-5 8
-5 -24
-15 -31
-15 -21
7 8
19 -6
25 -16
19 -10
-15 -13
25 -1
-5 3
15 -14
-15 -28
17 1
7 -21
18 3
-5 -29
-13 -20
-11 -26
6 -2
-12 -15
-2 -29
16 -23
10 2
13 -7
8 7
2 -16
1 -13
2 -24
-6 -30
4 -30
20 -1
-9 7
-13 -21
-13 -7
24 -24
-14 -18
-6 3
6 3
12 -21
5 -22
-7 8
8 -7
3 9
19 -1
-15 -19
18 7
-12 8
22 -26
-6 -31
14 -22
-8 1
10 -14
10 -24
-2 -21
3 4
7 -5
19 -25
-4 -20
-7 -27
-13 -23
4 5
-10 -12
19 -28
13 -27
-10 -12
3 -19
-6 -31
17 5
-8 -26
-8 -5
25 2
-3 4
-13 -7
-7 -22
15 -21
4 -23
-10 -1
18 -30
17 -11
-8 7
25 -6
-4 -21
10 -28
-10 4
-6 -13
4 -22
-4 3
-11 -19
2 -16
6 -23
9 -30
2 1
13 -20
20 -9
16 -30
5 -1
12 -1
-14 -18
20 -25
-8 -29
10 -4
-1 5
10 -9
-8 8
19 -1
-9 -15
16 -6
-6 -12
21 -29
-17 -4
-10 -12
4 4
-7 -7
-8 -24
14 -16
-5 -19
-11 -4
-8 -5
-9 -15
10 9
-7 2
4 -31
5 -2
6 -14
17 -6
-8 9
-8 -4
19 -11
-7 -31
14 6
2 -30
-2 -9
14 -10
-7 4
25 2
22 -22
13 -14
-6 -24
-10 2
9 8
2 2
23 -6
4 2
-9 -2
21 6
12 -17
23 7
22 -5
5 -27
6 -12
25 -10
15 -4
23 8
19 -27
18 -12
-12 -21
-3 -29
22 2
23 -27
6 2
-15 -24
-9 9
-9 -27
11 -5
-6 -21
-9 -23
16 5
20 -1
21 -1
19 -2
-5 6
-15 -6
-14 8
1 8
-11 8
16 -25
-8 8
-10 -18
-12 2
-15 -17
-13 -25
9 4
-12 -12
9 -30
-6 -13
15 -10
1 2
-11 -14
17 -10
0 5
5 -24
-15 -5
-7 -25
-13 -18
25 -29
12 -28
-5 -19
24 -15
17 -9
2 -29
-14 -23
10 -14
-14 0
20 2
-2 -21
13 4
4 0
6 -4
23 -6
-14 8
15 -3
-12 -29
-14 -30
3 2
11 7
22 -4
-10 -12
-11 -22
-2 -30
-12 -6
-2 1
5 3
9 -28
10 -9
15 -7
6 -12
-1 -6
6 -16
13 -30
-7 -18
24 -25
-15 -24
15 -25
1 -26
-8 -9
16 -9
-2 -21
1 6
1 8
5 -24
9 -29
12 7
12 -22
-1 -14
-5 -6
15 -21
16 1
2 -10
-15 3
11 -22
0 -13
17 -1
18 -22
14 -21
-6 -21
3 2
-3 -27
16 -30
-2 -26
3 -5
13 -22
21 -13
-12 -18
-15 -28
-6 -2
-3 -5
-9 -26
1 -31
1 -25
-8 -5
0 -2
5 -3
18 -19
16 -24
2 -23
18 -25
5 -2
9 -7
-15 -5
13 -21
-1 -30
22 -9
-8 -17
8 -6
5 3
-5 5
7 1
10 -15
-12 -15
10 -9
11 -14
15 -26
-9 -18
15 -22
-14 -14
6 -15
4 -13
25 -3
21 -9
-3 -14
2 -10
-3 -31
2 8
1 -8
-1 -28
-12 -31
6 2
-8 -2
-7 7
25 -22
1 -8
12 6
-12 -3
9 7
-3 8
0 -1
9 -5
17 -30
12 -21
8 -31
-1 -4
-13 3
6 -19
9 0
-2 -9
-15 -5
-11 -2
11 -23
4 -22
-9 1
-6 -12
8 3
-7 -17
20 4
10 -14
22 8
-10 -30
17 -2
-1 -14
5 -7
-16 -11
-3 -27
-3 7
-6 0
-6 -12
6 -13
-13 -25
-2 -21
6 -24
-7 -25
12 -27
-8 3
-10 -31
10 -9
3 -30
-12 -13
6 -13
9 3
0 7
12 -5
3 -23
-10 -12
2 -14
19 9
12 -30
-8 -17
-8 -17
-6 -16
-1 1
20 2
17 8
-3 -14
3 5
-6 4
18 5
6 -19
-10 -1
21 -7
-10 -1
8 1
17 0
-7 9
-11 -14
1 -8
-8 -21
-2 -31
-8 -5
0 -3
7 -5
8 -16
8 -28
16 0
17 -4
-1 6
2 7
16 -22
13 8
-5 3
0 -5
0 -7
23 -1
9 -23
2 -30
21 8
12 -13
2 -16
8 -23
-13 -15
20 -15
-2 -21
0 -26
9 -27
-10 5
24 -10
8 -18
-10 -12
-11 0
14 -10
17 -7
10 -9
-11 8
17 -2
-9 5
-10 -29
-7 -7
0 -2
12 9
19 1
23 3
-7 -7
-6 -12
-15 -19
-2 -2
19 -25
-1 -17
10 -9
-7 -7
-7 -10
2 -15
9 0
23 -30
5 -7
-12 -16
1 -31
-7 1
5 -15
-8 -5
15 -6
-2 -9
16 -3
25 -12
-6 -16
-15 -11
22 -14
23 -9
-7 5
11 -1
6 -2
-9 8
16 -15
16 -19
17 -29
20 -8
13 -23
-10 -12
21 -24
24 -27
7 8
11 -14
1 -8
-15 -5
5 -2
0 9
2 -10
23 -21
22 -1
7 -1
18 -12
1 -8
13 -11
-14 -10
15 -29
13 -20
-13 -18
17 -11
22 5
-10 -15
7 -8
2 -29
-11 -14
-3 -29
-9 5
17 -31
3 -19
7 -31
15 -5
10 -9
13 -17
16 1
13 -7
-3 -5
4 -14
-12 -28
25 -10
-8 -28
25 -10
-7 -26
1 9
-7 2
-6 -1
20 9
0 -13
3 -25
19 -21
24 -8
19 -21
-5 -19
14 -18
4 -3
21 -5
19 4
-9 -30
-13 -6
-13 -21
2 -16
-14 -20
3 -11
18 0
10 -5
-14 -10
-5 6
18 -11
-2 -9
18 1
-2 -2
3 -25
10 -5
-6 -2
-5 -19
24 -2
13 -31
-13 -31
4 4
18 -26
5 3
14 1
18 -8
-4 -26
-9 -28
22 -11
19 -15
13 -10
-13 9
-6 -17
3 -19
-10 -27
-5 -24
-11 -2
-14 6
21 -8
18 -7
-1 -6
-8 -5
15 -16
15 -5
22 -5
-15 -5
-9 -25
13 -16
5 -29
8 -4
-9 4
19 -19
10 4
-6 -12
4 -29
-11 2
12 -16
4 -15
18 -22
-11 -2
20 -23
2 -31
-1 -27
2 5
-9 -29
8 -17
22 -13
10 -9
-2 4
-13 1
24 -23
12 -5
9 -26
-12 -13
-1 -22
-9 -21
1 -3
-3 2
15 -1
16 6
19 -16
-6 -1
18 8
-2 -24
20 -14
-14 2
11 -3
3 -19
20 -7
14 -20
18 6
6 -19
7 5
-9 -19
12 8
-7 -10
1 -8
-6 -23
5 -6
-1 -17
-14 -13
-8 -2
-10 -1
25 -29
0 -1
-2 -24
14 5
4 -21
16 -4
10 -14
11 5
24 8
5 -21
-9 9
20 -7
1 5
-12 -8
10 -22
-2 -9
-3 -5
3 -5
18 -25
6 -18
3 -17
25 -27
18 -6
25 1
11 -14
-14 3
6 7
4 8
18 -10
6 -12
17 5
-8 -27
6 -6
15 -16
18 -19
13 -21
11 -3
1 -8
-1 -14
-3 -30
22 -16
23 -14
-1 -14
2 -25
24 9
13 -1
23 4
19 -13
6 -6
21 -18
23 -8
13 -8
-3 9
-11 -4
2 -14
15 -18
19 -4
18 -24
-12 -22
1 -30
-4 -28
19 -23
25 -4
13 -11
-1 -8
20 -20
-8 -9
21 -13
5 -30
-9 6
5 6
-3 -14
8 -27
6 -3
0 8
15 -5
-12 -6
19 -29
-2 -9
9 -4
-11 -13
23 -19
23 3
16 -14
22 8
1 -13
22 -3
15 -9
19 -18
-6 -23
-2 -31
20 -14
10 -3
4 8
-6 -26
10 -15
9 -7
13 -9
3 -12
-14 -15
4 -14
17 -16
-10 -6
22 9
24 -23
-8 -20
-7 -30
13 3
15 -22
17 -31
-6 -13
1 8
-15 -27
10 -9
10 -9
21 -27
-15 0
7 -25
-7 -7
-10 -20
13 -19
9 6
-1 -17
17 -26
8 -6
-10 8
-12 -12
22 -26
11 -14
10 -20
-13 -7
1 -29
-3 7
-7 -3
2 -16
25 -24
13 -8
-12 -28
24 6
-6 -9
6 -16
6 -7
22 -11
13 -7
-15 -16
21 -28
25 -18
-10 -20
-1 -14
25 -2
16 8
21 -13
8 -31
7 -8
22 0
-11 -12
-9 -3
-11 -27
-6 3
16 -22
-7 -3
-3 -24
-15 -13
7 -19
21 -10
-15 -5
4 -31
-9 -29
-15 0
11 9
7 -1
5 -1
5 -7
21 -3
3 -5
23 -3
-2 -21
23 -18
16 -12
12 -5
-15 0
-8 -5
15 -11
10 1
-5 -21
18 3
-13 -18
10 -9
22 -10
-1 -14
-7 -21
-10 -12
6 -28
22 -19
7 -7
23 -7
0 -21
-8 -27
18 1
23 -28
-11 2
24 -23
-10 -6
16 -28
-9 -30
5 -17
-3 -5
21 2
14 2
-11 -19
3 -28
24 2
0 -26
24 -24
24 7
-3 -29
15 -20
-5 6
22 -30
-15 -29
-10 -12
1 -13
-8 -17
-5 7
-6 -13
-6 -2
4 -24
5 5
-6 -13
-10 -18
0 -13
1 -25
17 -3
-17 -4
16 -28
15 4
12 -23
-3 5
7 -8
18 1
25 -27
2 -10
-2 8
5 -2
0 -6
-15 2
-11 -14
25 5
-9 -28
9 6
-6 -16
19 7
8 -26
18 -25
15 -3
23 0
17 -15
-4 -27
-1 1
19 1
1 5
10 -9
0 -5
2 -10
16 -28
5 -30
5 -18
24 -26
5 0
-4 -20
3 -22
-13 -20
10 -18
3 -30
-11 -18
18 -8
-6 -14
-11 -7
-10 -6
-9 5
14 -5
22 -22
-15 4
1 -8
13 -6
17 -24
21 5
5 -8
-4 8
9 -16
