-629.00 -37.00 -299.00 999.00
-35.00 -29.00 -928.00 962.00
-7.00 -22.00 -91.00 97.00
-19.00 -138.00 -963.00 933.00
-5.00 -72.00 -982.00 795.00
-2.00 -61.00 -98.00 75.00
-11.00 -758.00 -987.00 723.00
-2.00 -188.00 -998.00 -35.00
0.00 -19.00 -100.00 -4.00
0.00 -18.00 -100.00 14.00
1.00 -267.00 -1000.00 -223.00
2.00 -63.00 -100.00 -23.00
3.00 -72.00 -999.00 -490.00
7.00 -126.00 -996.00 -562.00
29.00 -194.00 -989.00 -688.00
1.00 -3.00 -98.00 -86.00
51.00 -83.00 -960.00 -882.00
5.00 -6.00 -97.00 -89.00
3.00 -2.00 -92.00 -95.00
23.00 -3.00 -89.00 -97.00
274.00 -35.00 -909.00 -965.00
11.00 0.00 -59.00 -100.00
1.00 0.00 -60.00 -100.00
6.00 0.00 -66.00 -100.00
46.00 0.00 -48.00 -100.00
11.00 0.00 -2.00 -100.00
66.00 0.00 9.00 -100.00
9.00 0.00 75.00 -100.00
1133.00 2.00 -635.00 -1000.00
385.00 20.00 498.00 -998.00
15.00 4.00 84.00 -100.00
102.00 120.00 883.00 -978.00
12.00 406.00 985.00 -858.00
0.00 22.00 99.00 -69.00
0.00 91.00 99.00 -40.00
0.00 7.00 99.00 -47.00
0.00 122.00 997.00 528.00
38
0.00 980.00 997.00 -452.00
39
0.00 27.00 99.00 -96.00
-9.00 320.00 997.00 650.00
-2.00 38.00 99.00 51.00
-5.00 10.00 97.00 89.00
-633.00 29.00 988.00 970.00
-40.00 0.00 0.00 99.00
-33.00 0.00 33.00 99.00
-3.00 0.00 36.00 99.00
-1.00 0.00 37.00 99.00
-48.00 0.00 85.00 99.00
-7.00 0.00 92.00 99.00
-654.00 0.00 355.00 999.00
51
39047.000