439
441
443
443
441
442
439
443
443
443
443
443
443
443
443
443
443
443
443
443
443
444
444
443
443
443
443
444
444
444
443
443
444
444
444
444
444
443
444
444
444
443
443
443
440
439
439
439
439
440
440
439
438
437
437
438
438
438
438
439
442
440
439
439
439
439
438
438
439
439
439
439
438
439
438
438
439
439
439
439
443
440
439
439
438
438
438
437
437
437
437
438
438
439
439
439
439
439
438
437
437
436
437
438
438
438
439
439
438
438
439
439
439
439
439
439
438
438
438
439
438
438
438
438
439
440
440
439
440
439
441
443
443
443
443
443
443
443
444
444
443
444
444
443
443
443
444
443
443
443
444
444
444
444
444
445
445
446
445
445
445
445
445
446
445
445
445
445
444
445
444
444
444
444
444
444
443
443
443
444
444
444
444
444
444
444
444
444
445
444
444
444
444
444
445
445
446
446
446
446
445
445
445
446
447
447
447
447
447
447
447
447
447
446
446
447
447
447
447
447
447
447
447
447
447
447
448
448
448
448
448
448
448
448
448
448
447
448
447
447
447
447
447
447
447
447
447
447
447
447
447
447
447
447
447
448
448
447
447
448
448
448
448
448
448
447
447
448
448
448
448
448
448
449
449
449
449
449
449
449
449
449
449
449
449
449
450
450
449
449
449
449
449
449
449
449
449
449
449
449
448
448
448
448
448
449
449
449
449
449
449
449
449
448
448
448
449
448
448
449
449
449
449
450
