0
0
19
8
0
0
0
8
0
0
52
20
0
17
0
9
0
44
12
10
0
28
46
4
45
32
77
91
42
18
0
4
94
0
23
0
93
0
0
138
0
0
79
10
7
0
146
140
22
19
41
21
95
33
0
191
14
13
17
0
44
10
37
51
7
93
192
22
2
16
49
0
192
15
18
74
35
28
55
243
102
99
136
0
45
7
0
234
2
42
13
34
0
110
77
33
0
13
64
33
0
124
28
49
27
18
148
0
35
28
10
160
122
45
66
307
266
36
4
41
31
5
22
13
165
45
58
32
8
13
19
37
70
63
84
108
9
19
48
16
13
113
177
341
45
347
142
105
252
20
81
114
18
324
420
70
52
19
255
59
48
65
158
270
13
0
260
201
0
152
245
0
30
313
98
323
163
179
29
161
26
5
125
128
179
39
416
8
181
30
94
15
0
386
286
160
87
134
0
73
210
15
14
22
212
207
84
74
104
21
138
26
194
44
17
124
26
69
133
6
31
47
99
52
3
27
0
55
1012
20
278
373
12
49
541
53
