7
28
34
12
7
4
25
60
55
11
33
42
42
40
85
81
17
21
109
63
37
24
29
10
15
24
12
40
33
13
140
13
24
18
11
8
8
7
8
91
162
16
2
60
5
87
72
15
66
110
33
28
13
3
30
87
7
55
14
45
25
13
9
36
39
16
5
18
11
23
33
15
55
71
2
16
36
21
28
75
19
23
50
52
80
83
31
11
6
74
4
55
12
24
55
65
8
21
94
8
51
43
9
24
65
63
9
16
14
12
14
21
9
10
14
32
11
43
13
64
56
60
25
103
8
9
34
38
20
48
24
36
11
9
3
28
19
45
28
69
118
152
9
15
24
3
16
62
52
86
24
12
24
13
56
9
4
55
39
11
17
16
28
25
21
100
7
19
34
15
6
9
10
3
3
12
20
54
161
17
45
15
3
66
18
62
22
37
14
59
31
44
25
48
52
9
21
15
9
20
9
75
34
21
7
9
52
23
23
10
4
37
46
47
124
13
21
9
32
9
20
16
12
8
82
79
42
41
5
49
57
60
31
9
26
37
44
8
21
37
7
25
39
25
18
62
149
59
6
82
10
15
17
17
3
41
21
14
33
8
72
13
9
7
19
54
9
47
8
15
15
38
10
8
16
18
14
16
73
6
8
14
39
8
22
113
9
11
78
8
37
10
40
28
23
15
11
61
15
55
67
148
149
84
38
14
43
45
29
37
18
24
21
6
4
20
19
2
53
30
47
9
9
23
27
7
12
29
6
29
12
12
13
9
45
3
55
40
75
29
40
94
91
19
31
43
39
77
32
115
28
50
19
12
39
21
6
28
24
26
25
2
6
20
14
11
39
7
7
68
32
14
40
42
110
15
9
13
36
7
7
33
41
4
52
22
52
2
31
22
39
21
7
92
123
25
2
30
64
42
10
88
12
5
98
29
20
8
28
47
5
11
91
2
35
112
29
7
20
25
10
36
25
35
50
43
36
43
10
25
45
15
17
35
26
79
13
19
16
36
8
4
50
20
16
57
8
38
11
26
76
65
53
70
10
28
33
2
7
9
14
178
45
52
12
11
89
2
14
6
23
29
39
19
73
24
47
14
21
23
105
35
23
56
27
15
18
52
5
68
110
52
10
61
17
8
18
13
23
26
41
20
45
7
12
85
58
78
31
15
5
41
12
62
27
25
18
7
42
14
39
13
32
18
32
16
51
15
2
82
43
5
50
85
18
16
49
11
64
28
117
20
14
20
83
8
18
20
21
78
16
30
20
8
31
6
76
103
32
3
58
78
147
17
10
6
14
59
41
13
86
4
58
13
56
41
10
68
26
101
10
73
51
64
38
10
3
54
65
13
49
64
86
21
12
9
28
16
12
68
16
13
5
70
20
109
12
5
65
30
56
32
37
16
64
21
46
93
2
13
16
43
42
10
43
9
29
31
41
17
39
95
40
16
8
55
5
104
32
55
19
5
25
45
48
52
17
11
10
17
16
58
25
9
20
52
67
71
8
16
8
10
16
32
11
6
73
66
39
15
22
93
41
29
36
10
72
36
6
22
14
51
15
20
16
62
95
6
57
33
9
23
7
20
15
8
28
77
22
16
17
8
6
19
20
15
44
5
10
54
13
13
65
40
21
11
70
12
6
42
43
19
37
9
15
16
33
53
4
6
27
3
16
20
56
31
40
9
36
12
23
11
45
3
86
17
54
75
71
62
69
65
8
17
43
13
14
5
48
14
6
54
76
33
9
61
16
14
16
22
20
27
85
15
12
21
84
26
141
16
9
58
45
13
48
5
15
25
21
20
52
11
9
62
8
42
15
56
14
67
50
4
27
15
121
23
22
1
2
76
26
24
34
35
21
12
16
52
42
5
92
21
21
26
17
73
65
9
79
13
122
36
7
31
33
15
7
25
24
25
4
9
11
60
42
20
34
28
35
36
11
25
4
50
63
14
9
11
10
32
27
32
57
6
29
24
6
55
4
39
28
14
67
46
42
19
16
24
46
4
57
3
31
5
30
5
9
18
20
51
24
81
19
14
18
3
29
68
38
16
28
22
8
43
40
25
177
25
54
2
8
25
18
24
17
60
6
32
21
112
16
17
75
68
39
12
74
15
5
14
32
61
127
122
15
8
19
7
21
12
4
10
40
30
61
19
52
20
123
23
46
11
8
24
11
27
27
71
41
85
27
23
12
4
7
31
12
15
8
41
52
57
14
25
9
2
88
9
11
20
35
19
1
45
13
37
44
39
119
39
8
43
33
3
35
48
97
9
20
22
