359329238
465664404
101572364
485116673
232822979
74648637
889222980
352103726
448027976
778989564
808192001
689950064
901533733
675971753
293252686
334358715
618176163
917208937
926850358
933807322
606752353
676493608
692023867
929211024
332543323
425374897
890096745
808192001
632543322
625950376
241046901
495588727
625950376
500147930
558459101
401674012
523568780
937734425
335116351
716209196
774909609
240012716
625950376
939893281
375831630
682442755
604310889
395283899
870251639
159104943
516858728
640081557
955484688
142735732
918825892
903358731
327750
623912506
465423735
528158358
996403600
930872155
235239304
581765604
733366685
637247451
802870913
984329276
777208641
275298144
555139416
639321254
310536250
626035104
808192002
974756067
788882818
972822638
929002608
235271813
22962989
211395893
303183114
751439032
625950434
644676562
795862370
759558536
646491903
724417296
593548013
802600491
741171113
292836903
203178832
485116673
34992280
808192001
912720888
428534243
