300613858
335489490
724301906
222360399
300613858
300613858
475493713
177840752
403982879
548061162
514803169
810359639
636754893
185197513
982617188
618999856
674266475
51783307
244260300
945713212
250803511
574307921
771166870
597156203
185197513
318861609
404159033
888887695
999983852
468727255
281265260
581259324
222360399
779243159
731492899
421878036
282942140
293955923
36021200
353037001
565159216
98011880
925538461
675169060
38913827
77325231
899221586
675169060
657740814
280140466
280140466
890010304
561369664
278406018
610795436
885483975
867802524
111681747
152291796
239480853
415846676
280140466
192659578
401290065
636921526
918804137
85632076
35725739
300613858
280140466
909449144
954760558
794988526
357820635
508807110
300613858
352645596
192659578
362912678
794988526
359658916
684569211
716721819
944523973
771166870
769738491
19213061
374609807
314651276
5608517
107272511
600408468
571839389
77325231
373871300
519358871
212727538
768982121
800463979
217450275
993516435
462061536
865079673
196118035
635468322
242358630
85072763
922544866
280140466
949242190
456919206
624895446
415268535
152291796
204959600
362912678
494999259
543051148
588391331
251261492
28978184
52657899
519358871
543051148
925538461
258467162
494999259
112837727
807306589
152291796
307215406
656589299
581259324
971477780
715458591
788787012
905973867
674266475
784106176
267677497
974669268
192835391
402617547
87631142
769738491
416995174
925538461
752469100
144142293
808275737
54641010
997499864
493532786
744659146
842100289
846912719
192659578
315840017
402617547
193312740
656589299
811803360
176114674
137742679
623307316
456439325
827417581
769738491
73708953
222360399
201755331
876776540
777788709
954340572
144142293
165096217
416995174
802539627
925538461
404159033
467518472
996912799
505462953
300613858
475493713
848585040
374609807
349248171
300613858
785506152
744659146
525336870
623307316
177840752
515789195
532534330
85034297
605111050
98330202
165648896
54641010
727819661
226423820
331855587
222360399
346616857
88879943
210561813
378367141
949242190
270034944
291501533
280140466
280140466
404159033
833089050
674266475
954340572
581976114
945713212
98330202
794988526
222360399
146998122
656589299
597156203
649478389
978602908
52657899
890010304
648822169
644498522
152291796
300613858
505462953
85072763
322951075
226251690
471554416
365963398
102746555
649478389
432444814
506873292
731492899
236129167
379631620
88879943
192659578
945713212
997499864
927693911
769738491
839075514
280140466
771166870
796121400
796121400
151428351
925538461
36832899
204959600
922544866
656589299
471554416
165096217
264385864
432444814
888887695
804528071
572708113
794988526
251261492
623307316
152291796
867802524
591852033
559236648
416995174
974004800
98330202
290558099
906355759
151428351
29891156
967190423
85034297
800752216
309335617
880319774
944523973
15055068
899221586
40775109
222360399
959043086
226251690
605111050
468099709
625859034
506957988
656589300
320610007
508807110
280140466
715458591
967190423
630483255
900566394
771166870
521842637
468099709
51783307
653919803
846912719
842100289
454471238
759132627
669660241
804288745
781342928
222360399
760153788
434183803
165096217
971749182
645654742
532534330
842100289
606575392
73708953
295516545
713440380
475493713
888887695
300613858
935850292
628368663
280140466
458440031
196118035
239480853
922544866
280140466
85072763
399871135
318861609
741964957
757958540
44087808
514803169
21419121
974669268
581259324
222360399
98330202
765778005
505462953
636754893
505462953
270034944
796724592
146998122
193659963
222360399
973779439
388598901
177840752
636754893
573367750
519358871
350493553
779243159
656589299
947240648
252160909
222360399
960959155
504812449
262301464
668373698
462061536
404159033
290558099
322951075
454061008
475493713
625261358
505462953
565159216
240985065
769738491
270034944
462061536
67897771
299292855
576818651
234772758
649793885
176114674
800752216
960959155
731045598
307215406
280140466
913346301
669660241
973779439
404581255
399871135
848585040
454471238
404159033
244260300
421878036
503999710
324572860
606575392
785506152
974669268
270034944
432444814
800752216
701244336
755290530
674266475
839954481
152291796
401290065
769738491
277126744
31048339
192835391
280140466
649478389
462061536
614721783
794988526
208838721
645550589
922544866
675169060
178088926
483222319
973779439
840917622
954340572
359658916
190872288
280140466
420108492
280140466
329262539
85632076
628368663
918804137
623307316
971749182
300613858
769738491
351597796
282942140
701244336
243168492
475493713
222360399
662208840
673055328
505462953
222360399
863690235
543051148
591852033
222360399
665429820
240660707
280140466
416995174
925538461
300613858
192659578
350493553
636754893
744659146
404159033
907240237
398653022
636326994
222360399
625261358
280140466
222360399
865079673
674266475
52657899
749809657
749809657
947240648
73708953
702153414
262933803
884012680
418885816
576818651
222360399
744659146
33290374
841524830
768991338
23675949
495849405
997386607
404159033
151820390
880319774
572708113
811803360
280140466
13490022
589150271
404159033
702879733
337418652
53045007
409173688
769738491
49288134
283073858
152291796
404159033
769738491
416995174
314651276
275429600
111681747
212344606
196118035
625859034
304130201
300613858
315294747
628368663
318861609
222360399
404159033
802539627
636754893
603537812
960959155
192659578
997499864
716721819
922544866
785506152
307195457
974004800
280140466
165096217
429373159
809845719
474191596
573367750
501939211
5608517
212344606
549850057
715458591
744659146
146998122
222360399
475493713
768982121
823864126
945713212
520860132
370159577
572708113
370335874
322951075
504900762
468727255
614721783
102746555
222360399
300613858
974669268
75862569
588391331
913346301
144142293
280140466
974669268
959043086
542707988
575499845
193659963
605111050
198827067
399871135
577515855
300613858
771166870
309335617
804288745
576818651
771166870
255138164
280140466
811803360
403982879
192835391
945713212
270034944
769738491
715458591
769738491
390817180
230882413
982617188
299499685
822038575
222360399
111681747
796724592
521842637
286831629
504812449
300953613
85632076
890212981
234788651
290558099
771166870
702879733
476353661
262301464
925538461
321678592
222360399
152291796
446095126
769738491
115767107
417412700
454471238
674266475
222360399
204959600
300613858
196118035
109427400
192659578
517726013
420108492
519358871
15055068
230017500
925538461
471554416
121749192
731984084
300613858
315294747
804288745
556103264
771166870
40775109
947240648
196118035
823864126
954341488
98330202
702879733
198827067
769738491
196118035
222360399
357820635
87631142
153002794
997386607
222360399
234772758
280140466
349248171
538352400
771166870
890010304
771166870
222360399
769738491
53045007
769738491
462061536
18089286
152291796
23675949
916397955
106414288
794988526
769738491
494999259
153002794
98330202
997386607
463327722
153002794
258467162
967190423
573367750
217450275
280140466
222360399
119922350
620020489
656589299
415906318
581259324
211335326
54641010
954340572
222360399
196603155
636754893
960959155
428314970
842100289
446095126
574307921
922544866
75051470
656589299
493532786
530404495
280140466
927693911
511210648
404159033
520860132
454471238
28472137
398653022
202147386
322951075
925538461
300613858
588391331
85072763
419302531
343209153
73708953
222360399
193659963
945713212
618999856
435944652
34284353
337418652
800463979
543051148
275429600
300613858
543051148
12054187
623307316
616483714
295516545
98011880
152291796
151428351
841524830
36832899
36506874
314651276
794988526
51783307
280140466
515789195
404159033
280140466
613382691
277126744
453390940
111681747
88879943
404159033
222360399
283073858
574307921
192659578
300613858
532217656
98011880
960959155
331855587
613382691
222360399
283308293
300613858
716721819
415846676
808275737
152291796
505462953
317999586
217450275
960959155
769738491
217872580
280140466
779243159
589150271
645654742
10064749
280140466
550899895
925538461
115767107
519358871
314651276
991589004
769738491
222360399
468125768
214486929
944523973
769738491
777788709
811803360
925538461
519358871
669660241
890010304
222360399
280140466
804288745
808275737
483222319
165096217
611284508
945713212
243168492
399871135
635468322
314651276
399871135
15055068
453390940
78886490
519358871
636754893
198827067
794988526
815889918
755290530
300613858
67897771
755290530
370159577
777788709
922544866
240660707
997499864
49193889
85632076
262933803
73708953
404159033
463327722
823864126
33290374
84643986
925538461
736812787
244733661
974669268
680959576
656589299
772762623
771166870
131552340
907761554
771166870
900566394
280140466
769738491
611284508
771166870
77325231
262301464
881268775
190986342
176114674
504812449
48678234
759132627
909449144
415906318
379631620
370159577
760153788
822038575
954340572
409173688
665429820
307195457
57405729
262301464
370335874
550899895
532534330
85632076
945713212
36832899
982617188
296283599
884012680
794988526
578295625
198827067
475493713
508807110
529929452
13490022
248007037
196118035
23675949
715458591
560974656
94185852
504900762
279682399
649478389
428185710
432444814
85072763
230017500
454061008
316268779
54641010
954312937
446095126
78886490
28472137
19213061
673055328
222360399
794988526
556103264
657740814
612957463
718939166
300613858
73708953
918457823
370159577
152291796
291501533
10064749
890010304
214486929
550899895
424032354
121749192
680467659
280140466
618999856
559236648
222360399
98011880
185197513
329262539
153002794
954340572
974669268
521842637
432444814
828948179
922544866
777788709
281265260
713440380
974669268
635468322
665429820
85632076
862880561
702153414
36832899
193659963
417412700
416995174
515003799
280140466
244733661
300608636
315294747
280140466
455771359
208838721
