1238184
108082
649968
618203
288266
824481
1205275
237224
695458
317315
864697
435301
704078
828456
896702
647161
1244559
695647
1022542
124901
1015628
1173734
692149
726749
1032390
247288
547318
177322
668055
1350081
835030
692838
1004554
794542
727466
1159082
1391004
529451
1094207
712805
292210
312876
1029946
366249
787373
337717
1014463
374414
781633
424754
451196
1230395
1142305
461137
774162
570603
157690
619193
201523
688373
561888
482323
988883
1310163
1028018
1292079
714850
1079135
1232912
606408
1217780
985551
347600
728843
1300418
780262
719540
673522
848080
784629
917286
728644
802691
1312726
733983
761855
521778
710474
1182796
1396558
1228691
197527
529409
719837
914414
992659
414373
520931
600816
46455
558577
582503
1088241
692612
634831
772698
985231
1169886
1085106
454359
428082
588602
787548
894213
1184803
903190
390961
454042
1115918
1286041
1277069
1165890
1029601
471687
468503
780864
1007191
395664
708569
129403
113489
1038827
263624
761823
1172929
718877
1362194
660959
558341
996065
707000
755204
1154013
791314
1250038
1003384
616877
274585
978872
340790
1043103
838001
1086191
488254
708242
1056477
994377
1302219
973817
1113595
1341702
841080
510032
189115
106199
1218166
753018
1143215
500088
770828
700016
817701
849030
1278633
1226390
827374
722228
1241403
882532
242856
1163557
294650
799962
771810
617556
1011618
1100295
1153057
1002868
966022
979898
712808
105062
1090347
718554
1196874
800213
875364
755799
1049491
1251891
173904
1258036
835764
1121390
1227590
161492
533312
1047890
802358
710646
679608
660696
704903
1028306
1027178
1137960
933268
742667
713418
1312600
1038507
871934
134145
760665
1269057
944201
1348882
426569
432050
794071
1223220
174680
826593
725262
1229229
409572
525563
241426
904556
784314
450189
1237033
1010891
949845
715597
200856
740056
1189406
529617
914355
1236816
325942
753214
1015169
639273
69785
548534
371888
231806
789513
649614
1222094
672924
978586
490594
567004
1078427
828864
337009
328981
756677
643003
305411
1257492
1032929
576153
1283418
1274415
394652
1338430
865139
68052
221588
1009280
782138
646040
795654
839777
374176
787709
1025328
783048
504675
1245023
376162
822465
1204869
995474
987768
1275214
1204406
328988
446054
918631
1094298
1194460
1020225
762104
1178216
1117189
711993
604578
916929
761680
1049321
342909
676777
1296625
674694
842276
706241
324714
1280548
1076854
1120172
231009
378333
1021371
769042
808813
1084750
613561
887885
1280183
904015
696008
789215
772829
981473
406404
230384
329775
657707
907214
665961
1008570
774782
1259474
938385
935433
698767
1397327
961240
402141
988404
776906
1354439
825479
299282
725335
404141
1113845
718532
685317
798408
369545
770792
270861
748188
632284
378933
716083
628970
458673
1243604
1317175
193249
506945
1011044
934703
1274184
1379968
797771
743471
1225938
441164
1249058
1213591
865910
282781
712380
689691
966872
1280892
802070
323159
1094850
1145134
1209768
1264208
315925
1101553
375494
610033
132907
1284470
1303835
982655
447946
854578
663168
1221366
768122
1148905
575854
683952
1131984
1254867
534512
1332762
1191441
647173
197749
753971
1316739
867965
808773
943012
761914
419094
727264
475717
1158747
723813
702839
929153
746821
369887
529378
669417
857111
661767
374203
1215753
1349083
405958
1228906
719881
1231277
1386815
617166
927628
403765
701662
270642
149632
1076082
706271
830034
1001656
703110
1322991
1178566
503160
712578
577047
1292765
689628
468038
1240583
1109952
962762
779417
915835
769518
141497
773001
1248750
798293
650871
1226604
847870
291028
96273
785116
1180144
1223760
525101
221645
660014
1175802
685166
767914
909987
941232
935181
1011785
651361
346627
1095566
312482
990340
668959
566525
409921
640137
64859
973458
800797
654242
314985
403376
977445
1210684
1338998
484378
798656
1179943
672740
870419
531567
448102
225798
704877
1378226
820910
1108880
877570
1030485
916757
448843
975895
663907
720503
940322
769559
1042199
836918
1192075
1056083
1111786
939784
1288708
854400
676153
891576
774589
1226106
782658
1180803
879993
786482
1107632
718376
813479
1014166
1155101
680652
1147016
432704
966684
44555
1282215
1228583
371251
469354
341342
967888
1089189
855924
763472
677487
723076
736564
776143
1225522
1049917
1367793
1064926
485316
674654
369619
834205
517631
853258
982323
865086
727264
966605
641374
915990
695470
518399
432373
568457
373584
731438
166524
1076528
1111266
1036454
496834
449051
1409342
571836
1075675
1210238
1369785
712508
736459
1267093
1208462
445133
1319514
265016
1144908
1046628
1033973
1220461
729445
1254895
494446
886459
1234883
765028
977574
1159302
652228
852095
802816
660728
535484
774964
745212
639947
1050763
104348
952424
888751
390094
1267466
105850
1392369
103667
171364
311099
765141
780943
683740
731369
787494
468388
716207
274553
1063462
993044
757349
1023409
420017
1140598
1218414
663056
1227505
679266
912039
1186752
1160635
692859
712761
1397367
772795
313327
153085
709731
1288388
85200
711684
671192
432229
890891
852215
920759
1049974
1335492
1067017
738527
892681
1355674
1297930
674391
1152393
981584
519144
814290
1122450
1173121
511317
1010922
652881
794978
1029847
870856
670554
769671
327808
730473
718246
448869
878118
844322
1192121
1291455
594519
696717
843347
1045841
936544
1263479
680797
614103
76793
273962
1177456
576066
753337
783436
1316511
1134394
520105
237253
245329
907400
696927
1062387
228684
807323
1191501
543977
932290
507810
850751
309834
290969
798361
792583
1064602
562035
1068012
764521
760904
1150640
596393
827146
968127
909501
235467
411612
717784
903168
524515
560487
997057
1057029
1166547
415528
805327
524616
1438119
970228
754325
358064
317434
1022597
121866
1075851
1167259
1142443
1072042
849907
123701
439459
906765
570105
1028575
395806
813964
864697
203973
1112014
464063
557633
141412
1320796
1220497
927662
393117
779056
1193421
1122790
1109860
825131
1027903
1275490
1082447
1175335
698989
966618
640181
238463
702191
278210
1303386
853216
580900
835366
575421
756036
106199
725833
249730
385034
777833
426982
1166109
587961
1018618
204604
758576
716569
989801
465094
759092
853375
1195776
563404
1261430
324587
1191116
630850
1254924
1313125
186851
1295203
341238
371265
686073
740736
1031217
478595
929309
1130065
806917
161299
903256
675018
161570
445249
316541
708039
619449
1252729
605847
1032977
62156
434915
1001398
248320
663018
956956
291028
303516
628095
451285
266109
735360
145895
426176
995055
1071221
823627
707933
615691
864579
451772
1150023
1130097
542795
956834
1090345
924195
1296474
961534
228689
857325
758127
1185389
489858
369871
225282
969485
197904
484742
1183662
1171569
168266
278589
1322238
694390
1101156
1047051
704311
1038507
1141544
1309035
1233431
656122
861504
431742
1242368
745153
978586
941731
966274
616425
228844
492721
715099
590994
209736
743294
1142607
239680
753879
904951
1293503
776603
958524
1246642
792130
666249
715407
1263736
1299398
372682
928703
1362107
661174
1304267
1283404
332641
770052
713079
1140718
1227652
928336
1306906
966548
406765
1338150
1089957
675081
1238645
1100691
1129665
790751
1079712
232313
1192519
809760
823270
1233568
1173960
538426
1199605
1258874
1019238
1315052
275414
941432
980858
555629
1004646
179892
1112811
910716
1034050
1036894
547462
768533
957904
1258272
855687
409504
999482
355520
656432
505622
440057
423075
