30260
86031
1326139
9641
534803
412
495346
850038
1307786
46038
1553
333173
51355
203104
644900
5199
437743
739813
4581
820718
996222
801033
1715
652516
16886
260782
139811
246600
456263
1294902
493919
441222
10133
35027
217317
77746
974775
57982
144288
187295
104058
330263
89983
799685
13199
1356012
68910
1742576
398051
1038501
38898
381885
448782
6120
1083167
45196
398306
3044589
169778
380890
99499
653083
198344
3342245
40506
150579
1361791
514674
273923
520525
1491412
1906557
1197921
20827
198513
61821
1442565
2195016
1694016
410940
415021
715326
356860
489394
179536
248715
1385066
1855356
121001
111068
55917
793635
4015144
3418638
52863
1021
587512
8863
11658
527684
1218551
231367
97772
2174357
1882581
474003
588373
594128
56269
194239
1242967
161126
66124
25609
149712
583
8120
2445647
2347775
3027023
588317
3704
167808
147099
976664
1119991
122452
565290
105137
1027771
701497
2113
100981
196948
350048
253817
225763
79773
165124
342917
1963420
127788
31108
227382
572514
1688039
1347682
3140419
1056861
949895
1526440
125594
977112
469594
1031623
2987069
242991
428235
522778
2608190
4586
594849
683050
1971
10662
73576
794486
18385
998
241505
1907592
3714182
618187
551868
315260
98414
39103
18503
258208
75056
2896161
18733
823730
65999
13344
591293
420746
305622
580596
670553
925
254785
15876
2255425
127360
250929
384304
4173
287693
364
1647785
2301246
1384670
3234461
12631
649428
702063
643211
1538378
8468
178524
202945
7655
1643848
3245079
141595
1511543
48423
279201
1562932
566628
767953
1257461
5996
1055949
2160025
194483
185416
176906
30195
454992
271705
864
2154773
43370
16434
82636
1343697
425227
424184
453951
2080332
622811
379961
65892
1946910
140198
770647
347472
345730
547210
99257
430148
119571
4822
3107621
521075
723327
24091
462866
1394925
810155
1081829
36491
15825
292202
612422
83024
280641
3655
339105
1249039
723327
1019823
1593872
299144
176629
573949
110577
1539312
149143
74981
661953
70925
359680
771980
380657
498332
854445
1431704
53573
514878
438103
7642
282856
513529
372422
26895
806218
457474
198781
1068638
359586
510459
12683
472776
692693
1045337
15962
205430
164436
20739
103301
2030486
919650
1623665
48224
62886
143011
32790
26383
283933
2384892
2668986
36676
238057
377626
821609
839644
1575595
95571
41280
836621
1481774
144183
1261332
18771
261590
52479
731
344513
100028
17182
2248141
21445
1580740
59169
2373648
32032
1044673
439015
108405
225637
1113959
1335
2573200
628099
77049
22650
34720
617554
3489625
1083071
1554158
748337
547758
740333
2186230
2132947
3061998
103296
355542
30252
133196
520998
923292
336323
766981
309411
637919
115632
881413
440914
21319
1191085
878768
3804
4497
619886
587116
103000
1109285
155354
380526
317296
278518
6625
251908
159322
612208
2698
3270753
581968
1188036
246085
1741173
362160
130208
282797
12725
496983
75006
1787818
241170
336513
85366
674958
201553
1528329
780639
40154
2113409
763056
663737
272788
304210
121301
59684
73734
105616
2236976
1871391
204858
18361
413788
1383489
331912
1488925
76506
13625
1363316
906379
310476
588415
2735930
578157
1369388
10674
119125
54446
808
2866054
945091
1805659
36885
117494
275583
533
1084799
35118
544621
1889893
1005581
1048623
1203684
781292
1854931
1423192
186127
1355290
17736
1053425
396569
593997
593762
62874
830220
686715
2279
2871670
150695
259774
17354
665733
43184
1473652
36003
1085828
420563
2374883
54694
1300852
2063785
240832
605066
112061
1022099
89618
578457
326015
1991169
1076675
37245
358106
459607
254181
331986
9228
207777
220189
891083
42370
2524982
614693
238390
18313
331883
314771
11535
358652
16679
5025
2463532
1388510
730980
1335477
40145
5803
2710673
138634
32511
2282
430766
155609
37274
1824278
176
1322
119017
107908
158331
128064
18082
524142
2006267
884214
301221
817874
987954
1667145
378699
28286
975569
273226
51815
1294436
320157
17250
324801
15048
1077551
1100887
1669506
456795
725804
478819
355378
150928
5822
392413
1006857
239275
2261176
1534322
61144
506629
1549685
1454484
858923
208660
2661489
1134396
577213
5374
725519
121290
827178
802760
47026
192028
1571068
1998305
136344
1270
17158
119149
415088
1796366
53817
418244
400271
76331
608573
1544472
66284
1213200
3144
40557
648650
424871
530720
329937
23389
80035
2275700
601274
568387
586975
3425
1423803
181881
1162093
436948
123704
1019716
315067
2337307
818664
213149
436376
104407
11857
4679
561280
1681285
1362179
1363969
70626
1697559
131112
1480108
14579
440782
35586
1274340
807258
61381
94688
1934
1308519
511356
1164966
68836
768382
289000
94790
268147
76054
481433
1592579
150970
189152
1588372
360230
2189
247251
269417
69758
434851
552714
469862
1539109
50932
1550
68125
682252
107669
8661
349158
754248
533108
249108
293563
1017163
10971
503912
1817138
1336509
16572
344656
920839
528748
2432
35017
20343
581824
9728
1365422
1189018
55396
1862075
345886
674092
131240
2585543
77453
1816913
1223366
489531
589775
765548
1300104
87034
222504
999428
430810
145563
356358
331192
652908
75227
1831821
1676
362107
121589
411517
15865
233608
376269
691760
860343
150529
69430
40114
465379
545726
224674
27125
421954
305631
1885631
25601
171159
288686
893101
1136380
1598
1
3596655
815417
404364
783218
58835
1368898
130629
230561
50186
734062
2709
96294
1183865
126326
192137
310711
1974356
1956152
859921
176287
804557
500946
1226487
230539
337033
409421
917861
721143
1374485
662375
418462
13462
16872
372791
563007
222182
2503373
113571
345616
768422
3082731
3189
1469109
186931
1463041
261732
563634
157015
373010
75849
469652
185198
3712860
19514
1428449
312493
287010
83824
3371513
67824
1210317
783679
358505
1745620
58578
24327
522026
44885
475289
1497977
706021
703028
11362
20547
850922
2023732
614963
34071
156037
176379
318418
3431736
954448
537896
749847
1224608
323067
905516
961683
2776111
1000412
368996
7747
1889534
2318916
1345377
475276
403765
311735
294751
660317
418017
299863
12525
164031
1362
138021
2030978
100223
7578
761400
9213
16619
165815
1142710
2760720
11323
147445
215239
19724
1045904
700863
478850
136269
581610
58218
255265
2577324
122900
491413
1675576
75260
9171
1477289
132419
162174
836905
1292030
107460
90832
526159
508528
35416
21000
146745
1359076
96521
1402361
398498
1147641
120776
114698
93788
60504
319706
184317
542
1420543
384304
448971
13529
19755
586924
76163
221204
42633
614135
413651
918390
176577
470016
639202
40204
221454
1919082
680810
32981
1909454
873541
2201634
315427
108017
232527
404762
1039051
944323
313673
710765
6224
304657
749708
255491
40954
28692
666112
950082
530389
193135
1525845
1017460
15263
803970
13331
287661
120617
36894
1717029
72248
356086
739
131171
605959
606573
93369
927261
71492
1098597
1215665
184357
31443
98535
836621
2120774
144932
619737
415694
1721814
34613
1801785
679561
1902089
196568
36468
885677
940489
1677856
2835995
189251
99195
1045137
2718322
572098
152236
302511
1507532
1005617
3139
275845
837898
516201
1470386
7492
