23550
41012
83898
85178
85178
85178
214776
240496
334490
334490
334490
338911
353744
371471
387262
387549
406848
444279
474123
474123
507915
528059
527945
527945
570271
585185
616057
620961
632651
632651
632651
663318
663174
664057
658761
689203
689203
679971
686105
686105
686105
686105
701686
751752
773042
773042
757773
761963
781159
791039
791158
791122
791122
781086
781086
781086
771564
777315
777279
777547
777547
810013
814677
823125
812967
851471
851471
851471
851471
857183
875036
875036
874161
864645
875567
875526
881365
863512
892954
892954
893080
893080
893080
893024
893024
893024
893024
893024
893075
893075
893075
850116
850116
850116
850180
840056
840056
844527
844527
843740
843740
