3382600
5006931
507277001
826749884
18568675
3807533
783428160
921557124
654150621
147057889
162884632
686532838
129466425
968451233
280296271
9322904
4997973
570368645
514095113
814098973
176040033
488406500
918327899
12267361
174353197
817882352
697473376
669268532
8554102
650731637
769306789
543315000
180702673
730906885
84266909
402482184
38541246
109695484
504342988
216919643
399866405
124999786
751165165
254845950
162933178
422114955
911114207
139237221
675792891
148887157
669577779
576569501
20653193
874054006
750031447
35473790
501055311
261162532
758849637
477502156
559343132
155543970
703947524
606054810
458407483
672253530
950853257
183388413
203932116
434112692
437297662
501055311
553914267
681859837
917380677
112136209
176957040
313583835
608784924
307542799
866414704
898827600
161711596
637093082
504342988
220050301
346033774
289156217
527468143
989081634
646650907
949083594
812843139
417455815
626269029
576569501
184431985
420709250
820873187
503749204
306560008
200296382
213833204
735857345
847168595
648196569
99416753
607715753
955499538
458407483
962770563
155543970
458407483
870181655
559343132
635906300
820873187
148579152
940784847
501055311
659775328
350047784
553914267
695357840
301496519
665556427
259537708
340808120
870394347
504342988
395868439
470355006
649523073
73723481
197636841
915251816
313105423
659775328
805863685
820873187
876747195
708756820
665556427
470355006
687191030
220050301
253151293
678702777
504342988
117527901
598597635
708756820
735857345
378817861
639534731
117527901
870181655
529980905
751659788
356509328
515592166
690489812
40934700
487018703
296273185
2524844
917380677
206923682
659775328
915251816
659763689
236615781
307542799
92407826
822171982
699512491
155543970
117527901
340808120
955499538
220050301
68958051
356509328
785530230
446401701
916153894
122371506
659775328
307542799
866414704
695357840
99416753
331945588
99416753
962770563
687191030
243640717
820873187
527468143
598530404
765680391
255016623
826627739
876747195
658891113
1
646650907
330820723
626269029
737081821
953876626
255016623
296255346
675792891
470355006
434112692
785530230
393739719
2524844
2524844
870394347
451944130
955880546
574174895
206923682
206923682
296273185
751659788
200296382
319248120
243640717
659775328
289156217
487018703
470710125
200296382
747780851
161711596
487018703
553914267
527468143
501055311
559343132
14553391
870181655
259537708
576569501
356509328
493787980
255016623
695357840
87473747
997222412
515592166
296273185
135663416
1
915251816
135663416
675792891
658891113
921101024
646650907
395868439
735857345
695357840
68958051
634461433
698062216
634461433
687191030
1
183388413
319248120
73723481
637093082
128750373
183388413
876747195
955880546
870181655
785023286
870181655
73723481
73723481
708756820
687191030
835708634
852127815
161711596
912417754
866414704
559343132
553914267
687191030
646650907
659763689
73723481
473379239
639534731
576569501
876747195
785530230
553914267
243640717
206923682
953876626
503749204
576569501
598530404
296273185
659775328
118787296
503749204
503749204
434112692
687191030
916153894
161711596
337827833
14553391
826627739
598597635
122371506
735857345
665556427
633511960
626269029
183388413
659775328
480750826
876747195
320530701
470355006
634461433
779057549
200296382
785530230
648196569
929541247
917380677
637093082
659775328
678702777
183388413
11253704
870181655
340808120
255016623
574174895
289156217
735857345
658891113
737081821
566172240
255016623
639534731
206923682
378817861
665556427
473379239
785023286
2524844
301496519
997222412
915251816
503044
658891113
319248120
566172240
690834867
393739719
296255346
916153894
576569501
470355006
259537708
640755667
458407483
781915958
243640717
675792891
11253704
626269029
574174895
330820723
243640717
259537708
446401701
259537708
785530230
708756820
301496519
440263203
122371506
122371506
319248120
785530230
48786078
480750826
949083594
515592166
117527901
553914267
751659788
690834867
393739719
659775328
503044
340808120
695357840
637093082
529980905
929541247
598530404
117527901
501055311
527468143
678702777
92407826
690834867
870394347
63692182
1
340808120
296273185
704647280
503044
640755667
962770563
633511960
253151293
220050301
63692182
458407483
997222412
2524844
503749204
515592166
63692182
319248120
699512491
751659788
866414704
243640717
909423767
301496519
200296382
68958051
68958051
63692182
68958051
296255346
319248120
395868439
307542799
820873187
678702777
378817861
378817861
574174895
753863840
155543970
504342988
785530230
446401701
2524844
940784847
690489812
675792891
378817861
200296382
2524844
501055311
545158932
319248120
117527901
870394347
117527901
559343132
699512491
446401701
753863840
646650907
89184383
598530404
393739719
255016623
949083594
393739719
337827833
451944130
135663416
640755667
934449411
155543970
704647280
464157011
253151293
