0
0
0
0
0
0
0
0
0
0
0
3
6
0
0
3
0
1
1
5
0
0
0
3
0
16
1
0
7
0
13
13
11
2
3
0
2
0
11
0
13
22
3
0
0
9
9
8
5
9
21
12
26
1
14
0
14
54
26
18
4
1
3
25
5
5
3
25
33
5
0
18
132
31
2
7
0
1
104
71
51
3
45
0
21
12
47
59
28
3
7
6
3
41
28
9
140
0
0
28
12
11
3
9
30
17
10
49
43
1
75
11
68
44
9
10
10
8
13
18
40
11
128
60
75
37
80
148
85
31
61
29
12
38
176
69
58
10
70
44
17
7
166
84
107
7
24
30
4
138
92
26
33
35
4
0
16
12
13
61
175
13
69
23
1
59
24
47
13
45
1
151
28
11
2
23
271
3
87
29
108
47
184
63
163
9
166
80
22
13
131
21
39
201
59
186
42
18
158
109
43
150
135
27
40
8
188
13
407
289
142
381
138
10
19
149
72
8
36
8
325
29
66
25
5
6
25
536
49
12
162
19
5
31
107
41
59
30
21
82
44
191
11
55
59
15
36
38
26
57
235
47
15
35
115
199
21
26
172
156
179
37
19
36
26
58
48
117
52
68
25
61
7
88
31
46
51
2
44
13
35
71
25
68
23
233
267
42
95
141
7
119
28
120
27
56
74
139
104
128
54
140
97
13
66
46
40
405
13
34
27
265
255
259
66
352
9
184
119
68
297
143
50
31
50
196
93
65
154
58
41
133
51
147
52
25
109
49
26
68
17
65
353
2
44
15
698
9
52
160
8
270
32
21
7
8
50
21
443
123
83
128
65
95
139
262
517
260
73
33
123
225
199
126
63
54
108
161
38
144
91
292
187
203
61
186
110
29
84
29
29
124
21
10
67
225
242
26
59
119
828
25
64
37
90
8
708
161
585
524
33
120
106
120
334
191
494
39
45
450
28
18
145
521
89
162
21
42
174
18
23
305
139
521
49
37
281
38
37
24
64
26
352
27
30
567
394
49
511
11
526
254
170
445
58
106
96
134
28
124
250
33
123
351
122
52
56
105
49
24
29
12
70
50
131
47
106
72
74
177
134
98
284
274
174
208
29
58
9
139
71
40
142
88
110
89
42
178
68
103
106
50
133
131
490
44
32
117
452
100
25
73
162
61
146
10
878
92
30
46
280
100
826
26
15
89
68
15
49
288
274
62
264
13
229
122
193
20
12
44
304
70
417
37
263
150
73
210
82
147
153
28
549
738
88
58
135
29
211
40
13
709
377
468
41
61
63
18
65
989
88
87
360
224
193
65
224
985
367
46
219
96
45
503
9
479
276
68
21
298
153
52
504
147
110
157
153
179
68
95
264
72
348
296
864
382
263
93
75
24
45
160
91
61
380
310
40
72
242
41
31
117
105
95
48
173
125
86
867
85
486
879
322
4
970
505
312
62
143
41
339
46
270
48
115
61
94
617
145
77
221
16
325
63
55
368
479
168
21
188
101
1089
113
173
20
133
290
131
25
319
219
34
151
18
28
89
134
112
108
107
20
72
173
555
11
229
22
209
1097
972
477
19
496
130
266
22
187
17
951
114
99
53
48
847
31
251
496
907
30
205
8
58
47
159
86
39
118
446
207
323
159
119
69
31
133
104
64
211
1149
227
86
804
53
382
76
349
17
149
423
28
208
525
242
878
113
209
142
118
115
331
23
769
8
918
745
680
123
40
33
565
153
543
102
180
350
46
1002
25
33
794
305
138
196
146
48
58
570
285
625
452
199
95
212
423
70
61
21
50
221
247
34
80
8
80
80
172
190
967
67
295
462
576
596
392
224
68
90
1101
42
130
123
149
146
190
48
131
56
108
636
130
154
36
20
355
319
261
134
258
644
137
427
432
18
41
88
111
213
112
807
218
115
151
125
282
47
346
921
345
199
335
49
798
266
56
126
86
250
476
79
30
644
1065
497
490
105
170
20
150
147
94
340
205
326
316
328
717
335
651
27
852
24
256
231
227
36
548
367
137
231
228
339
171
219
152
70
57
180
51
795
457
150
90
34
112
121
68
174
523
391
519
77
28
126
715
73
34
53
574
137
930
557
579
480
108
85
31
111
100
238
249
240
46
385
955
864
183
244
89
372
52
212
92
71
244
812
12
614
635
491
502
34
26
255
82
187
74
31
81
108
306
104
2409
38
62
481
146
357
46
829
70
1318
87
1094
487
49
172
46
177
145
312
102
336
139
233
157
27
393
264
752
235
22
156
499
39
52
55
661
235
48
483
92
298
52
94
36
60
221
32
741
113
908
114
676
422
484
185
50
195
430
66
394
28
267
181
39
137
131
698
105
119
39
220
60
88
152
67
383
573
692
1170
322
26
91
224
787
826
602
38
95
337
78
527
19
113
431
533
28
39
76
591
124
450
258
78
180
74
785
593
164
541
235
568
705
448
817
127
166
432
178
247
193
24
200
413
1864
179
235
45
70
725
109
1398
209
351
198
228
176
85
100
45
373
608
129
1479
2061
265
289
1032
71
265
463
48
554
1119
76
1051
442
268
765
65
71
117
480
972
31
147
54
257
125
582
252
275
37
402
530
64
182
114
428
50
239
553
439
78
201
95
400
49
230
83
67
368
50
145
31
226
1703
58
738
281
82
93
87
232
387
147
168
244
551
63
153
2001
462
256
419
170
71
28
468
188
423
837
197
243
1595
272
427
126
188
260
816
20
199
231
60
112
414
53
55
49
883
276
327
189
2287
546
191
752
76
378
511
1107
39
1967
49
1405
361
39
98
94
226
163
362
611
302
964
268
112
1572
175
299
51
402
153
2135
120
282
93
85
1504
30
176
405
79
1168
78
393
69
225
437
298
85
39
129
151
790
759
429
1310
539
120
367
535
58
39
93
213
207
460
682
379
402
498
1025
104
408
182
300
343
183
155
533
131
147
620
295
589
303
503
180
110
871
812
941
261
344
134
109
112
257
89
190
186
187
55
309
29
322
164
558
163
677
84
92
214
489
280
421
347
604
42
163
322
564
944
235
137
189
23
276
287
201
810
2887
1011
216
362
189
126
217
1077
486
878
262
536
340
501
114
66
217
982
74
63
196
883
857
257
331
196
1511
763
1472
462
1655
74
140
967
831
539
1136
215
548
204
217
78
275
255
767
57
113
168
36
187
628
319
634
755
209
178
1636
1156
1327
219
654
567
1338
340
909
577
74
473
118
1030
106
586
271
2067
269
351
138
42
218
199
246
26
569
487
679
449
250
741
653
29
118
644
393
386
227
1192
3005
569
72
175
62
24
793
406
252
136
66
832
29
75
1097
1928
332
66
803
378
332
94
712
548
226
1670
298
778
70
556
116
299
271
102
946
95
474
437
216
1599
720
189
500
497
474
660
410
222
1305
2179
184
396
143
312
637
269
201
214
815
19
154
423
1223
376
164
79
339
165
19
1917
701
108
729
1963
216
252
470
84
184
91
157
41
136
213
199
1244
2831
716
42
44
795
478
158
733
445
73
1588
424
318
583
126
109
1264
347
44
609
391
124
376
1973
289
248
3728
794
505
52
216
118
144
436
265
87
60
2242
441
52
890
205
716
1365
210
228
975
642
217
89
32
356
236
87
349
272
2905
1540
46
889
320
94
116
250
334
975
587
372
183
73
975
171
141
378
2085
250
202
410
171
1221
183
259
355
380
1434
17
235
170
156
339
51
468
1318
661
190
334
144
35
256
284
52
56
611
96
82
1250
236
358
474
922
404
267
331
59
85
87
90
371
131
57
468
92
194
424
74
1503
68
400
568
326
429
318
483
478
1601
219
440
55
345
144
1108
121
87
250
448
316
1828
247
3194
234
80
176
1410
1015
974
165
53
1098
848
96
295
666
52
515
718
668
325
42
407
121
1885
1582
167
145
661
136
193
244
55
170
892
944
330
187
52
241
343
228
193
118
754
235
107
426
221
86
1893
154
745
303
153
281
210
344
1435
1149
2852
269
278
114
147
30
316
1966
807
1090
200
431
419
295
438
320
1827
370
353
96
169
379
843
818
379
41
1482
973
488
1751
1756
240
1190
430
364
1839
755
184
1099
325
638
122
703
716
279
99
165
4272
265
76
541
112
538
743
116
2363
582
792
218
696
384
2341
1088
103
214
1406
225
88
176
233
594
2016
327
1311
46
284
100
797
2722
598
481
113
51
572
347
55
1265
487
227
2329
379
80
244
52
325
2369
662
180
1243
1936
92
381
431
539
50
461
267
1501
129
389
849
98
496
453
174
1701
84
630
1494
396
600
175
720
865
366
81
811
383
1358
262
838
124
383
128
471
1537
482
314
168
605
182
113
2431
585
462
477
55
469
365
167
1769
411
91
38
3660
2867
966
76
167
1128
267
457
168
520
167
595
384
281
322
759
447
442
1105
327
88
295
401
796
54
98
1677
207
123
114
2655
409
425
213
73
1985
157
150
457
300
157
829
1694
362
622
389
1173
59
240
280
43
279
427
347
69
571
366
1629
1493
188
2207
185
802
990
530
96
1349
372
2238
616
1501
214
882
123
399
803
301
1260
567
1012
122
722
608
2600
344
1118
2491
232
1227
131
984
207
373
57
95
223
752
972
458
124
315
497
882
2289
222
2408
96
93
1968
2988
265
1156
179
59
417
282
361
153
418
291
46
2411
1572
434
112
211
415
194
572
248
586
200
1002
293
596
278
748
195
828
276
402
1493
197
466
1404
150
2013
2757
1675
352
135
2274
464
61
566
1218
242
219
1910
199
150
92
41
66
475
266
464
232
437
1505
411
442
215
223
2573
2584
27
1944
121
1156
1601
1088
814
109
160
1062
31
352
365
330
104
601
62
3183
290
38
3127
1023
233
263
227
667
63
496
561
178
350
163
697
644
129
978
983
349
310
56
345
64
207
987
664
93
1123
491
585
956
203
263
134
345
189
1680
704
61
165
444
942
652
229
229
363
554
62
289
709
193
989
997
320
449
891
1106
1853
907
227
211
315
1065
1224
155
1125
107
175
140
1219
140
683
660
1207
800
315
385
1091
639
392
1575
495
110
237
435
3648
195
156
188
3722
378
1387
1582
237
2037
204
249
42
300
2497
173
534
1155
2455
871
313
1783
1426
1187
609
175
755
130
1559
534
133
1078
433
684
1433
2606
866
211
348
209
2052
110
869
130
527
166
3148
254
864
460
71
168
540
1737
481
569
273
196
71
229
209
143
536
562
53
254
74
413
951
916
495
1401
461
241
23
670
975
1115
2578
394
308
2112
362
805
1126
2343
1259
493
62
200
1897
129
210
160
565
1274
168
106
194
259
1486
330
2413
756
64
344
747
221
1021
2597
486
517
1306
380
1079
143
850
5405
2102
58
587
1506
271
352
334
383
1508
1932
590
55
117
241
271
335
717
323
271
493
171
311
1042
147
5514
43
667
957
1469
245
223
780
1146
383
95
635
253
1443
113
869
265
74
324
347
532
64
552
2521
1285
888
2439
955
199
1373
1001
225
533
230
53
281
1087
264
715
40
1193
576
798
169
220
743
1747
304
211
800
2842
1672
971
1182
1539
254
599
310
2680
132
1529
148
177
122
719
57
1180
1554
682
1123
625
1063
94
124
1306
978
796
1073
575
719
419
3089
66
493
620
390
1361
2556
791
362
127
785
792
395
387
1997
124
979
591
336
409
1946
339
442
694
573
557
2380
783
501
1373
600
460
657
1173
354
322
2284
765
633
1405
909
684
579
3493
974
2368
149
3708
654
61
157
120
2403
1283
657
1744
143
115
279
3283
758
78
370
148
588
332
764
124
392
63
1825
129
1307
553
79
749
3824
293
144
540
511
1759
294
155
327
505
662
1080
297
74
333
265
643
1393
1670
3294
208
1191
618
1622
71
373
187
616
1356
352
1356
543
1312
83
264
1168
211
264
979
78
1910
724
160
804
1915
1061
1343
201
171
270
220
574
1683
1511
1417
1120
444
1343
540
1072
249
418
1096
762
1139
155
873
654
574
625
645
466
2138
1360
90
938
562
237
721
1344
1248
938
2784
584
1344
1074
696
929
310
344
2831
56
541
1940
122
2464
1643
621
2798
3777
912
72
1346
351
166
659
438
2539
1028
301
507
1261
535
1064
193
1823
1995
2230
271
432
382
248
552
139
369
496
89
430
398
824
2579
306
291
718
345
1438
891
1078
137
644
120
290
234
1568
91
1156
471
518
69
3054
330
499
409
143
2822
381
860
2197
270
1305
875
1740
963
5136
546
1523
333
2567
4544
1303
1498
235
4284
825
1711
451
264
2220
396
303
1113
403
131
2222
287
127
481
1107
332
381
222
611
489
561
371
652
1593
1766
404
437
1154
276
2571
140
1423
2944
309
437
729
1012
335
767
82
205
205
180
746
781
479
5907
319
3107
87
148
1490
81
892
630
413
73
260
87
421
175
649
405
586
347
456
549
317
2074
227
1446
4589
694
98
224
507
733
1352
2178
2190
1080
1452
409
188
256
365
563
299
307
620
1477
2882
1301
3684
162
1086
161
314
1256
2023
895
256
215
158
141
1905
684
1020
428
493
436
1146
319
800
670
931
140
575
761
2296
764
1558
615
2353
638
206
734
2069
286
1429
105
2255
1248
1398
452
263
1092
139
470
81
1141
145
214
75
765
2095
667
3457
1541
3641
1574
73
182
335
794
498
53
882
1915
176
86
145
743
231
4366
628
305
150
1034
574
131
952
689
83
953
177
1981
485
252
157
960
448
60
430
389
2110
157
777
313
450
1109
513
315
162
513
939
694
1485
1899
84
6309
80
176
794
163
1166
90
3488
5510
275
1377
268
592
899
819
462
904
145
71
877
309
700
241
805
95
1859
2107
158
486
1125
68
1209
266
2791
437
177
5008
626
647
68
170
170
200
328
791
443
171
1408
1555
82
606
400
1987
399
410
159
469
1288
359
96
913
133
180
160
1275
1735
2217
137
76
247
500
2933
438
1128
3871
859
517
611
1474
3215
3833
454
176
2610
601
510
69
329
3438
1502
4365
532
773
852
242
304
3625
149
856
185
615
2850
383
2311
1127
740
162
2442
2288
619
4386
417
147
472
1273
411
350
267
437
933
241
311
1391
1868
103
350
961
509
3331
428
480
623
305
2576
79
803
454
182
1013
103
1203
819
181
515
69
103
497
347
1891
1017
635
1709
2079
796
180
491
257
503
593
227
528
753
398
712
289
662
831
82
860
172
1999
823
1511
507
240
2719
63
1296
103
1357
2551
4709
347
6761
798
983
246
5374
289
1643
1005
2002
168
739
765
338
662
2221
323
1257
352
153
2734
2678
988
234
568
685
3550
630
507
108
445
494
493
2358
168
343
103
481
180
3296
399
2940
436
519
1136
951
154
479
494
471
1636
289
169
344
3045
516
72
1143
353
79
450
1014
176
1029
1043
839
261
1463
369
1340
769
184
830
540
153
102
725
506
255
1223
1404
1317
432
1505
75
326
730
1731
177
790
665
1043
831
427
4243
1240
2601
794
82
418
306
332
351
335
2350
2668
286
1032
1052
330
2643
1226
1741
724
283
777
227
2704
1536
3644
7903
321
361
108
702
182
403
393
205
1280
198
274
294
335
184
395
290
583
270
459
150
346
1659
679
2452
3810
461
274
2586
893
660
331
363
124
451
184
1778
340
1232
1460
1082
181
465
2142
2868
1781
557
1268
780
459
698
743
400
643
2154
579
703
2189
1868
112
852
1357
120
107
573
350
520
1204
1804
189
1887
791
107
184
491
164
255
975
3649
169
183
812
867
791
636
2554
1939
163
684
2280
89
356
594
391
552
3204
883
2166
330
393
377
925
7354
353
2394
180
1415
585
366
558
1663
1433
772
101
226
2271
2762
123
1385
363
213
939
920
907
1321
117
368
1679
1102
398
541
1337
323
626
521
111
97
107
2296
793
155
457
2384
680
89
116
602
546
466
1132
107
455
1811
736
177
73
111
238
2331
1302
161
309
217
1324
77
1127
1400
947
401
304
471
1344
1680
103
482
3659
252
2227
175
1921
260
912
391
599
193
378
1496
930
467
162
1363
1282
1620
333
387
81
197
1501
430
1425
1362
970
2204
926
272
1759
1907
2354
450
339
186
1943
735
1564
2814
1680
287
297
1086
310
115
1757
771
1572
517
742
950
837
200
1156
1895
579
1134
2685
449
2732
76
522
604
82
748
379
1754
367
703
1783
265
1159
200
194
3490
1182
1461
222
1896
619
116
418
393
1988
3998
479
618
1115
2601
488
2284
1202
567
940
722
200
856
929
1410
950
277
423
362
2236
773
3995
223
915
780
4217
973
593
83
1521
1440
750
652
1200
298
1670
345
1337
391
85
1463
618
391
1830
392
215
1723
1140
1908
703
1420
304
761
176
522
116
293
2074
808
2579
767
622
180
666
410
204
862
835
272
1186
2070
1902
984
672
845
588
767
347
1747
3015
3542
679
833
578
1503
1018
747
6332
612
5280
261
311
189
254
1523
1803
5384
314
264
228
2147
367
2384
610
1895
494
1927
1540
2443
1580
3872
1076
2763
754
2947
1172
124
318
2534
438
284
3585
375
1029
383
810
290
554
1260
1210
1560
1021
3055
398
868
383
187
198
602
1214
961
939
103
1193
1682
622
813
479
234
3961
595
287
1610
764
329
1257
1672
301
5600
697
106
209
181
1184
3721
3444
2468
2468
294
4137
662
106
513
4271
686
1239
218
401
769
193
2169
435
2372
307
421
1543
1444
325
797
786
1278
96
2794
2991
1554
459
572
2721
161
404
392
4931
1304
3191
2408
561
2037
215
405
111
3156
908
337
3081
384
3572
1662
1672
1244
723
2120
3081
1467
133
608
291
289
1248
199
1583
1013
723
5031
893
4159
165
587
337
2501
291
397
397
945
435
949
770
223
1069
3650
1505
3736
6663
1240
1015
7588
2293
603
1262
422
1938
482
562
419
2547
1061
847
3244
3840
553
586
114
318
1624
808
535
1642
2482
1647
1004
1055
688
131
2475
340
346
3741
1919
595
313
629
535
5176
457
2079
1559
409
411
437
2141
1094
399
1550
1479
2918
180
617
1959
96
3267
4866
377
898
477
551
785
1033
590
663
223
901
2158
622
465
1139
2567
353
1260
384
544
1592
201
972
652
5171
1321
3491
283
2039
1024
234
1415
705
1273
240
552
506
682
387
7558
314
552
864
645
1854
1236
1024
443
1904
2327
1087
2284
810
138
249
223
3052
963
202
643
1712
138
659
384
688
237
1331
1315
2289
194
2898
230
1333
4945
1433
339
756
797
3320
1293
2063
258
837
243
4539
942
237
1131
1594
463
2695
138
243
853
2575
339
1048
381
385
805
1218
3365
252
604
4443
2269
677
353
848
2231
391
1378
1641
708
678
1293
1311
3545
2943
1579
519
1792
238
1285
1405
230
913
1685
1544
2269
652
641
214
1684
552
3257
951
5516
1119
7884
3118
3057
3587
651
658
138
1547
352
882
930
323
1794
2640
1390
230
471
253
398
643
1327
352
336
3582
3994
5345
2408
1120
1154
402
1106
5422
116
2775
2255
1230
734
4593
755
531
2073
976
3667
319
1339
1957
1017
466
1088
1324
1361
5370
1692
1052
583
3214
1120
429
1316
1952
951
652
225
232
1024
458
1833
2452
737
1115
793
4081
138
415
635
634
1333
4029
492
657
1311
207
131
651
208
2321
105
580
131
1128
438
1833
321
6292
1098
4192
482
1339
2195
1428
249
878
562
231
2490
435
3932
1989
3127
6127
872
968
138
1134
264
1709
1160
426
869
2158
599
956
1744
1809
3068
2159
1339
2281
982
771
871
1609
365
2943
326
544
581
118
1814
5555
552
2038
1644
1663
1412
1023
1069
1090
1581
489
1780
883
1067
464
368
412
2790
233
861
1989
671
735
5253
359
2785
126
1551
2162
3193
971
1968
2424
3974
248
1046
326
1711
1912
702
986
2349
1296
1451
326
423
2027
354
1122
445
2817
1434
2228
992
1156
2415
241
683
950
908
4648
339
499
2156
1468
270
4265
762
143
6267
7323
974
139
1942
644
1418
671
7430
