x=1 y=0 typ=-1 a[x][y]=7 r=3
x=1 y=0 typ=-1 l=6 a[x][y]-1=6
x=1 y=2 typ=-1 a[x][y]=1 r=1
x=1 y=2 typ=-1 l=2 a[x][y]-1=0
x=2 y=1 typ=-1 a[x][y]=5 r=5
x=2 y=1 typ=-1 l=6 a[x][y]-1=4
x=0 y=1 typ=-1 a[x][y]=3 r=3
x=0 y=1 typ=-1 l=4 a[x][y]-1=2
x=1 y=1 typ=-1 a[x][y]=6 r=2
x=1 y=1 typ=-1 l=3 a[x][y]-1=5
x=2 y=1 typ=-1 a[x][y]=5 r=5
x=2 y=1 typ=-1 l=6 a[x][y]-1=4
x=1 y=2 typ=-1 a[x][y]=1 r=1
x=1 y=2 typ=-1 l=2 a[x][y]-1=0
x=2 y=2 typ=-1 a[x][y]=0 r=0
x=2 y=2 typ=-1 l=5 a[x][y]-1=-1

x=1 y=0 typ=1 a[x][y]=7 r=3
x=1 y=0 typ=1 l=4 a[x][y]-1=6
x=1 y=2 typ=1 a[x][y]=1 r=-1
x=1 y=2 typ=1 l=2 a[x][y]-1=0
x=2 y=1 typ=1 a[x][y]=5 r=-1
x=2 y=1 typ=1 l=6 a[x][y]-1=4
x=0 y=1 typ=1 a[x][y]=3 r=3
x=0 y=1 typ=1 l=2 a[x][y]-1=2
x=1 y=1 typ=1 a[x][y]=0 r=2
x=1 y=1 typ=1 l=3 a[x][y]-1=-1
x=2 y=1 typ=1 a[x][y]=5 r=-1
x=2 y=1 typ=1 l=6 a[x][y]-1=4
x=1 y=2 typ=1 a[x][y]=1 r=-1
x=1 y=2 typ=1 l=2 a[x][y]-1=0
x=2 y=2 typ=1 a[x][y]=6 r=0
x=2 y=2 typ=1 l=5 a[x][y]-1=5