1395174275926
716374007793
1333850893417
2021527254025
1813045386900
1504935617729
2372207569797
2000523845741
3218864421687
1664260370579
1468803006893
1885418826907
1946387405562
1825237200693
449562907346
2080005524610
3154067859507
1617279402113
1843832584780
2364961029910
1118404630149
381848258051
438965045107
2491178537410
1630892448688
573328775338
3004182061443
1575640992953
1078946078409
1192048815466
2498967950164
1878851543270
1862939483479
2455496729906
2259056175499
1555949643649
1398642802884
3190224616816
1678023695237
1883451093510
2209019431990
1419422463055
2655740091827
1253824534567
1383221644410
3456918634820
2072396412397
785900889137
1739537050021
1080249167427
1018482178536
1578310247140
1608913102699
3521019116726
343058225055
2261714246248
1930132579244
1536931178888
1930043124611
1115249395267
1489998025924
2014154654430
1139587958729
1722789706496
1628045392887
4839017671440
1017443637566
2363951914825
1918245533777
1691518189022
2793309087987
997761892748
2483628001996
1129753055847
1029150136304
1032262332001
1607621818400
1577194333559
1403597315150
2613348951679
1763106460712
1412434047266
1636243961416
3103403289404
2526608622672
2100141596965
2473877537742
1943716513541
1024682166991
975309318151
554104928117
332214481960
2127138714712
865654097086
1986250142878
533316755559
2131252857000
1966730267143
160595421300
2679398582338
1683197526089
2939420813316
591225648776
2461466315471
3945362723661
2681938897421
2048194935020
1479740117247
1777587629874
1738288104535
762130048865
0
2914611022008
1283074183257
1163148088603
2428528930652
931741296243
2298530057407
3020844089877
2183677911093
2340519629426
1455920078747
898358748621
2369084213168
489666758833
872370321411
3286770366372
2106351729604
2067817573679
1100104692805
3514929568045
1943055887751
1696305134824
2354316635719
523213581882
1779865429779
3096561551952
1336814148010
1549628972054
991021418449
2237916801831
417621823348
162193414564
2422603310347
1884071297738
1554821193688
1936237077351
2176630016699
2592002944250
568745653140
1524566363829
1385663198795
558766996236
3054247751184
2373122544733
2190452466624
1182321628283
1032040988966
803591885321
1951882431754
1986183423704
965774662917
1804433345343
1890386158874
1065674254535
1896873143970
1161606454644
2531415779544
819611409897
3250919101213
1857154379300
2291592568340
1437158607883
479171160531
1716840819484
2662823702989
1631501210740
1354815866592
1220950951803
1084365488247
1662130148508
1066472081145
1676229816874
2305687195073
3007815647986
581971785230
1119365757283
2147733292946
663460965316
1574363757805
706319447208
1630652767933
2162367658257
1314456475327
2887523828767
1413228592950
2612766680029
201550999881
1128817171534
984224927719
1065197285841
1680865582434
1509867833636
981426182369
1095747440607
1185478728546
1320175678074
1601834685965
773500500064
1403886864534
1641035302631
941033789856
1372562711399
1087614709139
99102044587
696992324745
938952020165
720913450957
1323157448201
1030829971628
1334799684172
743617041922
2938542661119
1005744105039
2575425420855
2357730949078
3092109839291
1100387859761
2790676389411
4639637487681
2138696360394
3262008822450
3021237497550
2373052445083
4202398800486
1722543245267
844741946271
1982931758827
771488521651
1321321631622
1316891326940
2213799753468
2150976123582
1811554869647
1958320476929
2136220228347
0
341825092866
2351855537333
2235847963415
1284342277419
1595899833271
1642875362527
2945348893816
2696876125758
675161274398
676742929003
2014543812741
2180163060891
2334391969827
213211751003
1259376727531
2580035960085
466109937895
2067976165057
1446857452824
2018445717926
2120710904538
2433542891036
1984247517679
2307730596533
1969555818366
2339194884580
3774142342670
1218852526123
1777732680619
1619648491551
417295474209
197891897519
1223043257817
1532622575216
1049703367889
445575254434
1592305056154
1983200994755
810939082197
2692814058151
748168208325
2284718081914
571966087023
2830124686653
1799830094558
954816212531
1120803047137
1992571219840
103236805976
2733119666265
2259280851708
1627972059457
3280570801828
2272187248146
3862686254352
206227922321
1173389594968
1015051030568
1599015052546
2482134353205
525031986688
2427069426166
3410790376458
1874807065174
1197587673004
2751872934423
1218163622031
1115752021694
1308803984586
1923859976515
2003853563878
1761761861451
1041098224283
2401394668141
1576204093441
2073979689777
1845668819565
856719443500
139148647580
968942438270
964722373093
1546543774202
931365323908
614118288425
1412454337250
1723359142826
2389297417434
1186637848017
1224467565049
1463619602809
431480789628
3643103724837
622518657284
1789805863198
2197451867757
1986283265364
2894360206078
1820231541381
2585756558983
1423619097285
2465291873204
1776015675991
1226434632379
2647714876562
1238223151758
73005056381
763526902309
714967410974
3363946621672
831935749140
2101986254126
1698984722521
523168227186
1342179851229
1876024573801
1374828140902
1065763310592
968892975508
868917816037
2445009826946
2395221221225
2010467613305
2451877766075
2712939145109
1110542202581
1069752354234
1515130392632
2529909866312
1822729443654
535419780793
1965451296600
1777651242437
1025205455427
1495466703743
943659803060
183152757771
928029331473
3056449768138
1524154092598
1959336082677
1210449158856
1863123388710
1893563858454
2894188074182
1726496698982
93040564984
1152324745424
2229179142534
1431765350068
1100258734722
2383210635215
2568003893462
2176980078990
763464593062
2167887968675
526589842607
3150557263589
1849494269441
994671142336
867023872770
2427860644312
2701087768304
2105389345661
3426653321347
1140610303071
2196679356615
116914805103
2159633344788
2750546238076
3013782241385
2591159073699
1998503799346
10305254241
4578625644862
1407206506778
933342438026
1307294529933
986464255612
1085900740867
1358265197930
595801256238
1166364655551
3477723584776
843394964923
748733247416
1287454435231
3427143895749
873291727824
339603977794
2061984810400
1838481410245
1727114952826
738320447522
736614007579
2046471025917
2719233991865
431768098950
2199194732020
919670271799
2130700592503
2275111122088
2212435810247
2326003280198
2144614632408
1535138541876
1723287983423
1719252105905
830433394242
3156468980337
3108211921647
3432155492216
1254119870880
2671150851045
2458567089221
774448734892
2044233879038
4273882106304
532229884644
1765578660808
1959938444868
5074462340411
1121440939263
1608748375753
1356643280094
811162886897
1394900971771
2587990307165
1727398625199
1553616886504
3275840022041
1362165409389
1604798971051
1335494474823
2310255178368
1843174336625
1911514461834
1629318556352
1288332261612
1463753434456
1564688963611
1843065119851
2529991067448
159769897461
2324218067461
2472952217102
990646564006
1110622000911
182573597380
2623284621771
2335335482124
1303885512549
653261224127
1445744792220
1580778383124
1421758846346
877552736208
1849625025306
3186053104669
732579649976
2211137417331
698194709334
1349148415943
172783720208
2266698449101
2590670063587
3307238440210
939703310088
793832349219
1665309940152
2594897614754
2201951969722
1326176780418
387104583383
2674897700968
2490287619220
3508492133163
1032925447305
1859990535421
1954673350271
794129726559
2199918981200
1431610532623
1358342378552
2288287192280
2282068496583
1510042335265
2525231403555
1457676667309
1829890942448
1983885898287
1695161694473
1858684472403
933739354242
1118449344309
1497771321080
3000442653048
1662851091548
2419282996726
903465236965
1552081135522
2128043974363
819877373914
115891349533
2535154069298
460045809726
1421845274441
831914948360
2531274454719
2728797610226
403036155413
2882225088655
1215424633796
2201564236744
2037266908938
1365578701886
1560774647992
965937164067
2336115129648
1516210167606
1938541354747
2914680680443
1744504677427
935012913780
634140547802
1023427144967
2761987919585
3404234303120
2627819570000
2590989810823
1202172444411
2086834106196
2021116054836
1715578647381
2052583024955
3266438222085
780189796306
1221296627469
467239680876
1121316566004
940264288287
1580984326713
1201630295977
854226714875
1134249213632
2821703329165
1493195584420
3339839536020
697664589440
1017033099347
1515536886357
1317235658796
2046012170191
3200291787499
652827540127
1654764335767
1732398569969
1244137880669
1862148651756
1425973921309
945040076130
1802092772950
523279084182
1641929371625
1432327677382
2158008196827
2056319857641
1999388867908
851996566094
2287091767726
2063451789603
2286177885144
1751734590836
814907563036
1534871763611
1988221459099
1765585872004
1179840832933
2588826808347
1653161577563
1516692194586
528091860869
1565611289934
847821065588
2145089765177
3009557176609
2035769718901
1468726737690
1270937937073
428819817878
1403566156140
1675623050698
1092193149310
285416142141
1581599593157
1746131030657
301835617364
2936589836945
3133126599552
1864941154797
1386385507190
1570761331065
5105918146829
1144787668999
903123362016
1600050508692
2494681453579
1209520212704
471087081113
1284614906100
1699443985405
1561583234291
1458530296502
1659414110229
4232762920072
1816842254332
1489495458163
1033100366619
1202731017165
2702243616177
1644913958390
1163938994014
3328439770713
1129982578318
1532342557910
1720308609211
927037802384
1468352134007
998841683828
692900043473
3283487602190
716594072946
2228701845154
2104137377643
743649849911
1389936152219
1633116609164
1900951448960
1235290249007
2478668286878
1871432095606
2483341348644
1739090984120
1439644162175
1120210801701
1558108483422
2726443555079
3515535007641
2275768068626
1040428559126
2376385001764
2166986726100
1943582106958
1431216476147
833821933265
2288918863690
1223396837343
1890822601064
1712357050800
1426795767923
448020168115
1078663252170
2208977318007
875297937686
1443961622136
1937826790582
904733467131
1870203933405
1017171966732
1108277955709
3302846226962
1874923694665
774282903513
1444784697230
1540522869268
1581212747322
3675118924722
2886549638091
1922286256494
1822627710591
2375301512064
2060048562161
523190994882
1982093891140
1551117381351
2166953360690
2372652544912
174228977362
3326917064287
1222566150793
948232317774
1508520020065
1781275575896
1753940250307
1615657309184
1211368782508
1526993398562
1798066561632
682251548562
3877880544689
918065875603
1339562529524
2374535081493
1523053346264
1311085506920
2290039429831
1003529681950
2690759558105
2485448927328
2791266219844
2359227274236
1038418182737
1476198222575
1113858886906
1742481029800
2732287635628
2281748247154
2600176446587
1110133697557
2524008188988
1021634303592
1084686128691
2134271039316
201036620919
653208359575
2710479403675
1482771460733
1307587565947
1781385555997
1090413604861
1267153610515
1021927538562
1988429957175
1810314917913
2703000774155
882691986630
1714405793551
1241707161263
555834067895
984890947486
2455873402593
2457787231407
1579336935201
1686875338594
1913975861111
983412091931
2838368475230
1764023713290
2492987105146
2850705695289
1296685486968
1772376246434
736730838323
885867589876
835370857112
1934918972394
2219539984327
1177145793990
2652012658738
982113421952
1632009406022
1808053160663
1818296641188
455390442097
2710749618935
445554544654
747483857295
1476124267870
1477642519191
1081914655954
1364672821659
1326734573635
3426358674043
1991648919771
2423587238654
1229842049502
1126486340339
1886063763290
1586203407103
1092752107001
2340494132240
1135257484176
1284510630724
763392303546
225360553610
2070911523196
2629385679786
656295798166
3456339654597
1432474938225
2116032688275
1673647157957
1756009967192
1831595073847
892558590206
1343937208795
533548599591
1964297436538
3088116732995
1000264777875
2352095840254
2279177933895
102716566826
2685291173722
1218865903816
535191858211
2364261738712
1141651955228
4380673578302
1573431470060
900347521878
2346614364171
1302282558368
1793816428586
3920545367889
1311940184778
1478991335934
2332672524781
3349136141266
2267667543376
3115556925541
2046482953958
1358585257828
1353399536713
3955577931045
2938327585172
416072395173
2734087022742
1093580670748
758773372464
1434430840917
308704645856
1276195994369
2541791563339
1042224149317
1366342374208
99188687669
1658412930492
933491813593
1259683548693
926105580209
1512649334709
3083784406781
964226262194
1188232643965
1888199718647
1745869669824
1192841814738
1413962097392
2716528781805
2743364205242
1607567556490
919088300698
831937482012
1454676030198
2517319605989
1130878567690
294671791977
2509092957303
2694862022779
2361506223272
1626753057845
2595656682456
1171776768239
850910957483
1435375328771
1523071309068
3492126432366
831862964932
1240956462068
2567939522248
2136961538305
1019385912484
1494824046009
3194189059482
3528363804019
1740583521769
1082915599776
3353772715545
1404662467782
2166413557418
399591030907
1483600559479
1440946913222
920736800703
1799597625743
2009459732743
1432321241625
1027108835007
0
2835962337648
532905101313
1405868743446
1297113906831
934937328979
2038331407725
2070596967336
1298572677297
2306666461083
1282652049919
1392296542214
658494917721
2298199169574
1814682177395
4118960128581
971398708152
384948615386
2101613705287
1948172003121
2312792368194
92323892849
915650338727
1507941936201
1183868020380
2117752404653
1700543406297
1084246471085
1413347829366
825134675114
3642734753361
1393662015916
1161561849584
3444059443633
1365910523019
2571869626747
1095968639398
1456102882233
1715997407482
1612940862523
3600826204483
1289103757888
804105348706
2049552467475
2034559411440
860660452696
1656337721613
1886165628070
1132143996921
1506662095568
2145244091886
1325932763850
2262714553061
1542264653268
1541684095592
920249287837
1209816151206
1605288620732
740977439846
1314768861023
1285935124215
788779438949
2092060253041
1090373877728
301926054647
3007925693125
17069376072
661053921656
447727936146
2325566721761
85352706593
1258130994833
1776338380286
10174532265
490716190335
2900047270079
1699454962409
1653432075532
1084129147307
1647474681032
4545685936862
1530871254479
1514298357477
2475562013962
731756321423
2433891429715
990068713679
2853026895188
1984428007060
744045617588
1882295571640
1391209121787
1606922386283
342798738085
848354447650
711469420773
1754887624436
2349248735731
1534732632841
2215295966251
2638162449024
1580682494491
9969661269
736647099569
1550049762534
743147675361
2695709950641
1912735600234
2472564754622
2732781279439
2369886236816
2265597048497
1431361841133
2084468116581
2349642027903
1440837792114
1746954039707
479863005679
1477108760586
722066692849
716215722196
2463546462309
2666351688775
1981411875795
1858073034579
523264447806
2479749684709
1254878662606
1496650864047
1440073574102
523192892190
2191867724898
622580926203
1057515777881
4538772215042
1049123325237
1977997929703
1477362275558
2952842057498
2293493752607
711417120427
1931611175350
3203897623478
1070192707083
1849314545508
1784777949897
1066525398245
692951300865
801266123912
1437650976732
1728691633284
895481554161
9960873237
2337009498807
1024474220450
1680970607217
929651668395
2139294195160
1574566278300
1455752325271
2608074759954
2212633553863
1205695157593
1174557352463
1216222417806
1853664977998
774195537485
3222524734308
430823766810
1020625531717
994628030581
2173194444793
2065803034845
2143650288694
1138584026681
1029824341327
729744746660
1841152917614
70790052095
1806492798049
1699248914824
2414745437860
2627828492677
2221921769178
2210580915631
1258674594102
392900849524
1551888680039
1245864283595
1910273079603
1077568327342
1372179195386
552825746799
657932970975
1547403229062
3699740289232
1929474116688
1481499511439
883930930481
1930145410015
1427715165156
2353749545978
2561926493950
964370091880
2471091929614
1538140495450
2347458213512
2113371372960
280225451934
2541550311231
1577730799048
1306544370982
1800022347850
2765608013613
1209038868473
1326802637019
1092457090809
2003502133791
949596845778
1006429266212
2582032912590
1400876583785
790327667422
723055316729
977654123856
2300792611000
1293940792811
2946843688473
2674986980251
353676732863
2231940555520
1097026403115
1292790202091
3782378004673
1239375111263
434530863035
795958046098
2308805814531
2303674253906
2315027674920
1887300933494
1786406315713
137930606631
763399046971
596357721425
594247570096
3216808560879
555699977103
804631625618
1218323373234
2415364226073
2315631236302
1857455364559
2361736943681
2688502244186
1079666358282
3592547308818
722022094204
2299505303437
2248551551033
1062712728822
1278350871202
1711227013975
2623531880085
2922630184203
1662398803383
3291133962544
3610706678558
1133951890311
4945787208886
1305881395268
2417198412772
974873040210
1279742027124
1344181204947
1767409762783
2694675143650
1964365299700
381259628597
1316231299615
845483296885
1183921338602
2946024026779
1936759859964
1904284552572
425076076908
1291024547214
692876169569
4735368039101
2344155847865
1902341491944
2004955058962
172417618587
1490608929220
2862875427297
2622919194073
3275358486027
3368441865050
1863468920424
1965410329148
2012635038596
1594311762991
1192554929832
1619504745459
1140590701347
1709522449361
1674880664239
6189974672
3901591531023
2409922248416
875804183679
83912291332
2039899878656
2779155219328
1296017251655
2413511362522
3030087631872
1662883267239
2289858718892
2413464019706
1003411766439
1311929004738
1032011016321
1439079634503
3029499106264
2281264524246
3409101412614
2449630907787
3489092859750
2256576399355
2307440417331
728718854940
701232411650
949125628547
1236970384774
1777517460697
2126927219299
1115591316424
742356382896
1024739650087
1603206475211
741909473746
1129623428966
1175361858392
976777043855
1955891304946
2086668924301
1161835422260
298682454745
1548167668779
2152329885397
884690428339
1266389031760
2081709048546
676853091188
2527819689501
1919507341637
1219621403964
1762132851594
1412956757134
2472784831818
1761566096092
1206363525971
1185089735305
1912580918887
2735326465438
1890621381174
4762538083768
2168187914636
2338758514813
4547781427590
1583684143050
1560078436386
2155399318314
1926538671936
2814031252827
2014907772912
3793290911656
10380501765
1203341286650
302733165261
2295767388657
1515488105386
1614419074379
971331931695
1385182265983
2724183135775
862962296884
1300114407207
2129012702093
1092854508217
2548221343613
397467649275
2903262615204
497351086358
831919538482
673050929664
1429099689267
763649676465
523157475774
634105437746
2195343639731
1838036009041
2949447542770
1662362935383
2757626547367
806774306183
881777054353
268140542648
1429697917695
1339835198963
1048932748196
400891068003
3778195010295
1860492770536
1256930650653
757039320375
2055488085257
2116043174048
2237153789135
1543410646662
769508047856
1453774183463
2911884804805
909130006586
1957425732850
1228977917800
2288303192208
1541272096956
1205087602289
1365900994837
1469710897182
846289226459
2175917947584
2865731926098
1581007065414
3588341848524
1456777718031
671303653905
723500086525
2683930478204
1546952093398
509145340791
523171118322
1637830167141
1237966012563
828610259443
2739426184726
2186626878231
1224500190545
2997432000826
1523715403504
3021252637351
1509073544659
1395846101392
1352242009960
2291248299053
2477546944270
2626749198134
1137993599022
1865005868341
2872027091960
1156946176485
1116496681224
564934571515
831885713623
1500081124029
1921923072029
2260649474826
1817680373904
826379684048
1264426200248
1992652048758
1503923578536
2762417567974
1891301884104
1727298141928
2156323201714
1385647567849
1954131941188
2028026756122
2269900826479
1994574029106
2684987593178
1614651295652
2065733803237
1482931195709
1395776991482
399494821604
1294070077710
1885102188529
1365175667810
2023981615487
3078888734809
1857278278745
1366590583815
1727650443558
2098994688426
1400851802573
769722935290
981799142474
2191613457920
2355153127383
3292795203770
2654434814048
2349186000682
1065405880251
1297159779175
2293278629133
2436174317525
1568318845014
3519572622760
1408985166111
2418161341407
1448232432913
2575764630129
2905940884471
1902990502191
3121368775689
1252238010439
1551279747033
2993452234405
1685620382236
1809714843436
2112302145003
1239019105017
1910499238192
717846669887
3046808817598
869840544959
1902605194372
439163315684
2984997166063
1613724522967
1370331414895
1354400871628
1283194444200
1237181545124
1194038034860
2426018951931
523203011166
1118378036034
1841630929261
3466809995287
1905950993839
874983923126
953099486160
1258604686772
1242276252534
1854201044705
3044841390923
1983426104543
1718453755715
1756100438076
1531040851259
1547820838149
1582934338070
4022169188062
1392895105401
1090376474092
1287764881355
1983789958226
0
777768199992
1822033578880
2267907858042
1584484553256
43936205062
1630824001709
1394292493796
1680981017583
634203207054
2521684620047
2336601533253
1920243003963
699250865964
1860766358292
1184623131232
2235124974360
2369909124030
1760433227629
1084117177512
624951303918
2700323633541
2004596873396
2461978504645
3204874010460
1725196152042
1505189362401
3053259054986
1521861182267
3468188251594
916125159137
1784359823322
1739383873532
2242337183618
2988331131363
1224275256455
2815053934126
2129371484703
1809038455653
2075624740766
602257860119
1100199875133
1196663914626
1317076232431
697174018250
1490540408585
301909413935
2323573354907
1701156437101
2421379317853
2633769162654
572523869979
1175922339781
98649223415
2042308514868
1761791026119
2147807498356
1504429182856
2144090490253
2021375388764
3091240197258
839562776113
1239102253645
2666492254744
2734082646246
2457260668081
3016944128735
1280518805983
2814797600219
938245754991
4073236434355
3091959874380
1486262797982
254952009409
2022701054389
1677894868611
813509515212
2858432738556
2876784130232
1348624965866
2347779145768
1881137247003
2530301802863
2136547315959
1553084804166
299747316010
2417235066169
1914024372127
1405994986661
3729506386613
1652859523319
4405295617125
1261304685310
968585362922
2624351607580
2013164022236
1727841626649
1244226751379
2671199093023
1745496544915
1043261997187
2881975666860
1538299582642
1118146167928
1027579953730
2437838514651
2020118758329
3159399323500
1190143414819
523164613266
1088353987997
826046175325
2947472075868
748641823162
1426767041329
1251948227464
2142808996793
2137764095340
2477461963641
1745020979889
1057048174773
1537245431227
1991398383624
2149134595814
2433236689976
301968501815
678543840092
1233863378592
2934112842353
976488347436
1071176460181
9915834573
2908214605338
1908681168842
802619291282
281026868733
1861549640195
763584626027
1574379039449
1160128850903
1044483077257
1114921489315
1310962476410
920584630322
2280293734080
1699142448131
2477552316733
719465069959
3771811981859
2620139776344
2105037361794
925556453294
1326180741608
2816310498087
1301796232921
1901562095378
1416298286915
397292698035
855437802105
1441555452111
1083858042377
2654508919603
1634636177876
1354593683619
2776292336105
523264357458
1053132287836
878712556042
1839488638866
1250636439923
958238561670
467816363826
2659201242810
1484281469031
3199923748091
1740679905038
1770002593357
504210865083
1455750637173
2070976333407
225406088250
2921729899345
1603250904551
2087499408289
1342297183139
2175048916550
964587688706
3248713162739
2364877529360
2715571049448
2585721230772
867982354359
1769144548775
1127588783714
1154094673678
1375485417642
2249293194635
2019444326820
2877029363905
971593469279
2462493741807
991881591613
95642807207
1698400764705
770031741084
2495707359921
2245723219484
1066511892643
2757211856671
3105038175715
1848592604539
1304011588211
3045086723437
1712690356322
83788603031
58314205366
2544443918122
545731870141
3711462915442
699410218029
855451884318
3456568229987
2675761604815
2714779145286
1085123515588
2183897898012
1543989791988
1625925114094
2757836301712
845571794907
957352905210
1940479180324
4045748738340
2302760156064
553015469786
1520093082464
4595743623829
1629035575235
1441070763940
3425989191419
891603154433
1193452187520
2608627827076
1256471533509
1311446003346
1663527656533
2760865090695
2329930145757
2732726498748
1908990147147
2368592631702
1448931346190
1130300007609
1381258285133
1480278620466
2334162820182
2475731867770
1304149576300
1843020263671
1972763994373
2904478466531
1332430145764
2076780663159
615695396503
3866606824714
1507803597253
1152981548050
2049178400918
928818859036
653029614095
1877820188593
3675593050788
1925186200090
2060608034484
1312237590174
1804317060918
1369001667371
2735767671830
2229192267438
1434432519984
1500066849340
1630203787730
939815144717
1310732990170
1902768571992
1779811860098
2707465611125
1530098501545
1344120943517
2148156960686
793438630416
1541725212478
1252695625280
1434978864229
1955570372334
432046178586
140334159821
98781054953
2012822833213
2477891608334
3089249691150
1698492706022
2453156075394
1896797260731
648611213151
2745521186141
2621341689548
1690031439036
1070466752815
1573746331921
115647268814
9709865073
643245719674
905256866164
1327230929745
2445675197099
60301040208
1801889067891
1081806264223
1746994572711
1061078463638
1905774246513
1257700713231
2280989259946
1541862934990
1147333575328
1573549979314
1586103297616
1254771023462
1773026141499
2208830453186
1216056187270
1869409003641
1131518750087
748631558124
1914947251998
1193323330544
2179286125534
1568283847430
2349575712424
2156343100338
4400530543240
591217872951
801131000094
3162757147744
2109953414773
697001166495
2901522985776
1388564730705
1863018226884
1312402541673
2845255464795
763267145578
684342627792
1719357247680
2316132224286
1115977962249
679043710209
2417183407352
1682790728278
2740759375573
834112318607
1505466295208
952689123267
1756203676114
1077079846411
1835711769554
1759476870355
995582592188
2179107882789
2654394448639
1245137515231
2107962544313
1339075207526
1619164333594
1577020000889
1667204579773
1534946113253
1893730254614
1273649593102
3434065806956
143350096735
2446803786034
1852833020008
692926606337
1202278585821
2053738947341
3973457219832
2834483344305
2270880409767
1787972487068
2769701950828
2816867409392
1739619257640
783470558493
1746237223723
3063875832481
83839578502
2757504892438
1161412837733
1723448332759
3004239598197
3081580761698
2618063110339
925648271603
3476625486222
2260822630382
2224826237701
1773657530587
4404645156655
2053228280509
1546962609576
1993581445141
1564464961962
2659890663243
989155990822
1881926712424
798740456011
1649586088197
1676197301049
342296813840
2363400624126
1777205444954
93394956624
1722014857558
1491470781189
3473390578603
789011451338
1986722521920
1926381971343
1432281455616
269752099306
1749932356852
612081997438
535223432594
1962012099885
842354477775
1882291045066
1882418664674
796405274144
1724527150472
2437433066438
1635862827035
1397022834505
1723387376416
2360533347399
2399504718152
1578756688877
1065820709941
1096665553680
2576352110451
1825890671848
1433214857654
2527712952291
1932085779377
799070906150
1722063094644
2358936679414
2134546223021
1148148258584
3779788268027
1383337294567
1777610151954
1819536270498
3068397946092
1176352922180
472125811629
2846313228658
1906830519896
1229375041955
484670976093
3993893801763
1642409284698
1111571114666
2171792646128
944519383389
1270337982400
821980639570
2623114026329
2552020244515
1387858207674
1953546802455
1416361699246
3846058388027
1478834268168
342036755384
2962891019330
1989967095364
3224621807431
2045292779886
1305178059466
10466734329
1865661606738
1420235521071
1636987373894
3563374659371
2849853380607
1498030772014
1196844087727
2410608409398
4323497484029
1359155481740
1411821086773
