12935
12922
12909
12896
12883
12870
12857
12844
12831
12818
12805
12792
12779
12766
12753
12740
12727
12714
12701
12688
12675
12662
12649
12636
12623
12610
12597
12584
12571
12558
12545
12532
12519
12506
12493
12480
12467
12454
12441
12428
12415
12402
12389
12376
12363
12350
12337
12324
12311
12298
12285
12272
12259
12246
12233
12220
12207
12194
12181
12168
12155
12142
12129
12116
12103
12090
12077
12064
12051
12038
12025
12012
11999
11986
11973
11960
11947
11934
11921
11908
11895
11882
11869
11856
11843
11830
11817
11804
11791
11778
11765
11752
11739
11726
11713
11700
11687
11674
11661
11648
11635
11622
11609
11596
11583
11570
11557
11544
11531
11518
11505
11492
11479
11466
11453
11440
11427
11414
11401
11388
11375
11362
11349
11336
11323
11310
11297
11284
11271
11258
11245
11232
11219
11206
11193
11180
11167
11154
11141
11128
11115
11102
11089
11076
11063
11050
11037
11024
11011
10998
10985
10972
10959
10946
10933
10920
10907
10894
10881
10868
10855
10842
10829
10816
10803
10790
10777
10764
10751
10738
10725
10712
10699
10686
10673
10660
10647
10634
10621
10608
10595
10582
10569
10556
10543
10530
10517
10504
10491
10478
10465
10452
10439
10426
10413
10400
10387
10374
10361
10348
10335
10322
10309
10296
10283
10270
10257
10244
10231
10218
10205
10192
10179
10166
10153
10140
10127
10114
10101
10088
10075
10062
10049
10036
10023
10010
9997
9984
9971
9958
9945
9932
9919
9906
9893
9880
9867
9854
9841
9828
9815
9802
9789
9776
9763
9750
9737
9724
9711
9698
9685
9672
9659
9646
9633
9620
9607
9594
9581
9568
9555
9542
9529
9516
9503
9490
9477
9464
9451
9438
9425
9412
9399
9386
9373
9360
9347
9334
9321
9308
9295
9282
9269
9256
9243
9230
9217
9204
9191
9178
9165
9152
9139
9126
9113
9100
9087
9074
9061
9048
9035
9022
9009
8996
8983
8970
8957
8944
8931
8918
8905
8892
8879
8866
8853
8840
8827
8814
8801
8788
8775
8762
8749
8736
8723
8710
8697
8684
8671
8658
8645
8632
8619
8606
8593
8580
8567
8554
8541
8528
8515
8502
8489
8476
8463
8450
8437
8424
8411
8398
8385
8372
8359
8346
8333
8320
8307
8294
8281
8268
8255
8242
8229
8216
8203
8190
8177
8164
8151
8138
8125
8112
8099
8086
8073
8060
8047
8034
8021
8008
7995
7982
7969
7956
7943
7930
7917
7904
7891
7878
7865
7852
7839
7826
7813
7800
7787
7774
7761
7748
7735
7722
7709
7696
7683
7670
7657
7644
7631
7618
7605
7592
7579
7566
7553
7540
7527
7514
7501
7488
7475
7462
7449
7436
7423
7410
7397
7384
7371
7358
7345
7332
7319
7306
7293
7280
7267
7254
7241
7228
7215
7202
7189
7176
7163
7150
7137
7124
7111
7098
7085
7072
7059
7046
7033
7020
7007
6994
6981
6968
6955
6942
6929
6916
6903
6890
6877
6864
6851
6838
6825
6812
6799
6786
6773
6760
6747
6734
6721
6708
6695
6682
6669
6656
6643
6630
6617
6604
6591
6578
6565
6552
6539
6526
6513
6500
6487
6474
6461
6448
6435
6422
6409
6396
6383
6370
6357
6344
6331
6318
6305
6292
6279
6266
6253
6240
6227
6214
6201
6188
6175
6162
6149
6136
6123
6110
6097
6084
6071
6058
6045
6032
6019
6006
5993
5980
5967
5954
5941
5928
5915
5902
5889
5876
5863
5850
5837
5824
5811
5798
5785
5772
5759
5746
5733
5720
5707
5694
5681
5668
5655
5642
5629
5616
5603
5590
5577
5564
5551
5538
5525
5512
5499
5486
5473
5460
5447
5434
5421
5408
5395
5382
5369
5356
5343
5330
5317
5304
5291
5278
5265
5252
5239
5226
5213
5200
5187
5174
5161
5148
5135
5122
5109
5096
5083
5070
5057
5044
5031
5018
5005
4992
4979
4966
4953
4940
4927
4914
4901
4888
4875
4862
4849
4836
4823
4810
4797
4784
4771
4758
4745
4732
4719
4706
4693
4680
4667
4654
4641
4628
4615
4602
4589
4576
4563
4550
4537
4524
4511
4498
4485
4472
4459
4446
4433
4420
4407
4394
4381
4368
4355
4342
4329
4316
4303
4290
4277
4264
4251
4238
4225
4212
4199
4186
4173
4160
4147
4134
4121
4108
4095
4082
4069
4056
4043
4030
4017
4004
3991
3978
3965
3952
3939
3926
3913
3900
3887
3874
3861
3848
3835
3822
3809
3796
3783
3770
3757
3744
3731
3718
3705
3692
3679
3666
3653
3640
3627
3614
3601
3588
3575
3562
3549
3536
3523
3510
3497
3484
3471
3458
3445
3432
3419
3406
3393
3380
3367
3354
3341
3328
3315
3302
3289
3276
3263
3250
3237
3224
3211
3198
3185
3172
3159
3146
3133
3120
3107
3094
3081
3068
3055
3042
3029
3016
3003
2990
2977
2964
2951
2938
2925
2912
2899
2886
2873
2860
2847
2834
2821
2808
2795
2782
2769
2756
2743
2730
2717
2704
2691
2678
2665
2652
2639
2626
2613
2600
2587
2574
2561
2548
2535
2522
2509
2496
2483
2470
2457
2444
2431
2418
2405
2392
2379
2366
2353
2340
2327
2314
2301
2288
2275
2262
2249
2236
2223
2210
2197
2184
2171
2158
2145
2132
2119
2106
2093
2080
2067
2054
2041
2028
2015
2002
1989
1976
1963
1950
1937
1924
1911
1898
1885
1872
1859
1846
1833
1820
1807
1794
1781
1768
1755
1742
1729
1716
1703
1690
1677
1664
1651
1638
1625
1612
1599
1586
1573
1560
1547
1534
1521
1508
1495
1482
1469
1456
1443
1430
1417
1404
1391
1378
1365
1352
1339
1326
1313
1300
1287
1274
1261
1248
1235
1222
1209
1196
1183
1170
1157
1144
1131
1118
1105
1092
1079
1066
1053
1040
1027
1014
1001
988
975
962
949
936
923
910
897
884
871
858
845
832
819
806
793
780
767
754
741
728
715
702
689
676
663
650
637
624
611
598
585
572
559
546
533
520
507
494
481
468
455
442
429
416
403
390
377
364
351
338
325
312
299
286
273
260
247
234
221
208
195
182
169
156
143
130
117
104
91
78
69
62
55
48
41
34
27
20
13
7
12755495714
174317
8913251113
1483318837
6414651321
8578521458
164957
122863
273767
6346621424
36764
2215464589
24024
66300
56446
7096172512
3624212852
211445
3281078762
147342
5916085162
3962144160
9280236706
11414329043
4174961011
261651
12106932279
5644996214
641646252
3951776400
64415
10523836726
75517
12105867852
34697
5915807963
9713253966
10856103778
167310
120718
12612435433
10459162909
1537779503
12139550904
3094987844
1690284856
6779502405
8097000938
302445
12429345006
237107
6110484718
1248571831
9850904349
1845339652
6444614254
8612622694
185692
11854327160
3206632234
6688805084
5185232533
207298
217607
132301
7581332863
7892879618
438231040
8133169824
12523014426
3772808676
16549
350363
85540
3892542186
273715
11049614706
89076
283036
12411001850
210106
1426550554
2896763974
2101579948
2508825059
313547
300690
8341857173
5854015284
12521455570
2277963961
3412133660
12066998437
322114
3970039099
190489
12127977095
336193
8949506215
127270
4184511045
10202019854
7026584942
11429017314
11943435452
4464476744
4288182002
379119
251893746
11283838904
2724287267
2802066904
133549
10449815038
11195433548
11254176934
285168
3499081287
11175342438
10989555824
1240857787
9263558421
2758709577
6258940532
277074174
6278056395
6123700375
8950647511
10163503350
1669101213
9622590926
7075806855
566704229
1884442742
68965
3773857126
252135
3263473889
146198
1631001190
2851455399
91975
205049
6522605245
10883760810
2926853293
364715
4802080517
44629
11394760923
279890
5420020346
8788583401
4721945826
643997913
11474807851
12758129475
8108258691
745881448
339300
4801293276
747741930
10919619737
6767065266
372463
10319601669
5257667714
331322147
11011612235
12736245314
10729932824
9464210964
260442
6269577522
228111
1711817926
5658793712
144872
20241
9562953335
117975
3735923633
94458
8222722560
827966360
12792487032
7935295017
1126988538
302757
6853951741
271284
376571
5654138022
8522068373
287547
10925245110
11571547533
10493481258
1680715296
6762946151
1694669574
100165
6679274498
384475
204282
9227097997
212004
12456411461
1470929252
423646847
115206
358462
151775
2557610900
1925131221
3231384052
318474
271726
10306990447
219960
2588486823
10737521808
6731467405
160927
903455553
10894769379
9251750950
11802786034
86671
4246189727
85462
8788597610
3650233496
359437
10534243889
1559193298
99619
196690
6555622528
11350878916
12897036698
6286011706
3028132458
276861
3920534813
1560347035
388856
193388
11803115103
3118690627
175253
2199644837
75426
777226645
11588841940
5219995625
292123
6451731819
243610588
345943
7568766712
3272115015
4405002524
91182
12337699621
11451393798
4649243781
9947277990
103753
9347426387
179361
2705199900
268853
246974
160836
46657
11589127004
166608
1398416422
12677116218
210795
1643229458
5917638805
313976
993911490
161018
8412384461
1692701517
274183
9365900388
4940621751
6248597472
368238
10103916238
6901239332
182650
2635033310
1883900603
8132448337
174135
51675
311610
1611553294
1349110581
107588
7002314267
2349497722
246688
40053
41964
9610123081
4771671515
12940113121
9373531050
303368
5936031439
77155
371864909
98137
4467273018
1455528295
10686610233
326430
244959
260598
63011
233194
7880128035
1830498007
150085
8399667198
4686386588
58799
1507614810
7847677227
7348556332
6488340677
9649964571
2611181729
2074859215
298168
12565569068
173030
12526281963
833194882
9485597862
3243147349
6527116076
39975
813228910
148343
3281922930
1499066309
2460560232
713750687
12731057339
362115
193765
6470716187
6547112390
2238520440
6542736733
91234
148759
3356015507
116584
4948176701
3431611183
6702347431
229281
1851381376
11482697460
86398
1160047629
54457
144404
185575
104072345
3385127967
384202
2108857400
31200
11743264429
362960
2687644284
294489
59592
358423
230282
5429508721
12923785251
12022483356
11945788491
4505515534
11025834118
2037094384
91390
212797
187947383
7086253018
4320122235
5536376937
804872939
10256251759
11467879033
12884701219
4479928115
243139
8766538209
305864
807693523
379301
57070
8314581925
232856
1044317326
4945722223
1867525231
298636
10248468568
10191733695
7892325584
2997878897
2815479472
5388160973
9030137480
385801
8455609227
1656595967
1394701321
138333
868200190
2586134161
1836293576
3177079594
3174380196
599474954
2996622356
2546714664
3518230547
356369
305474
7102745156
333515
10620021139
2516905261
2923962509
1538511208
27092
2465568482
5133622338
388063
9573437341
7115967599
190255
9164256803
9152704652
12828044710
195442
6575762323
220714
7896438056
61763
11708213751
218517
4012280883
7537743044
1238704051
3945183957
138359
341549
4802446766
2289111721
333706646
2425560202
623955046
5008046446
3244042529
526126874
382772
4043685009
3236959011
11834700761
6828812588
12166815700
260689
6607257787
9258840877
261659190
8715626634
1086272174
91455
10130975582
7837562083
12301205657
675017252
346866
438174672
9147123089
11937339921
318409
3185798109
10352107207
7897532825
5381025130
7064631132
2756706225
89661
177827
2521972427
621622391
188114472
8885818162
2406291095
7128788251
314145
355616079
281086
11313916406
88543
299429
10805077829
359671
305994
63141
7174256076
6608028947
274547
2555881458
92443
5069887745
1843260809
1877117905
277381
6760653718
76837904
3430057436
3661254168
4147640107
325897
5738926011
111605
126061
3343847715
6986479786
4144142223
7691729825
12062302850
2618301114
8267583558
329199
2087073053
16315
52325
5452080192
269516
10376079649
137526363
659027928
2187127072
3989156548
12668210932
2512194711
4221399039
216970
7716283380
9665638528
10808414851
311181
7891961701
10114440791
10390798249
5501428322
10580545560
6172295649
109187
110890
4176599297
345228
8532780490
256022
11781918239
12269602488
144248
329563
9279054824
2541736158
1613377532
4098162016
320320
21502
8740924205
97214
77714
135460
5967707187
376324
9150233937
2675292412
9768368168
6762834104
336401
287339
3344328221
184626
4314158381
8010219243
12602244824
3954452307
3207152949
5921537258
769969356
4537447317
3213518529
11611094222
383305
6998195061
284271
10348476437
313625
378079
291499
332800
5588046776
301847
11172159206
65780
129376
4687491133
10621444899
3139412224
5335815511
2987542792
4156138285
356304
9348067677
68250
226902
4276550525
3488491656
4399219201
189176
4521159539
4696648658
305240
356547620
7758270351
8115382067
392863692
12980718751
3938317838
1104123696
5915609570
1494512344
2707237351
12013749670
7773283921
5723446846
4428050640
68094
4058301559
2758352883
2790198567
3168287291
7351135116
6437630264
12682473830
12576277831
11910201849
110916
10892817260
5437673423
10208292900
11375039975
186446
163020
6593034032
367627
12049744031
12188230821
207350
266695
65052
117637
232492
4861929462
910391612
3933144410
4578334995
76037
131586
10934200680
10812352642
6580240602
4852783767
5646360668
9261593055
224497
150137
360022
854353773
4993479127
8934810326
6880066050
14573
239954
8237777743
4120382747
1749207356
5745184731
6377049471
1090143509
10689960385
1892862569
8267552475
2820277278
7825417834
12157811874
9431440824
6710852330
591461533
12838791446
9610065543
1241863467
1669673291
8492703453
5870747103
346658
10695808838
34931
12077823004
1805443718
7793897124
7822341462
3014426064
10231319852
375349
168691796
379613
846015287
2542617259
1126026031
1391618761
7691203455
5457201529
1196233766
7864340029
100490
1235777231
4973923253
9878590852
154336
6728380373
11069539494
621546640
1927418311
356460
8283730793
3079495094
6663107269
7572561451
7822055891
168155
385047
11499955935
285870
307034
9484704450
43498
11728767310
3333984134
12220676871
266344
12198487912
4644164096
3835582374
6281697201
45461
837092399
4009139537
7896009732
7865840853
6470381879
140673
336700
264719
10976132596
144651
233038
456582334
2941391804
59176
9062257698
7102788914
8713788122
207688
12944360299
4949484423
7133535786
729056913
3562740506
210210
66196
4338499100
10618466469
90662
387985
380666
1333071012
12580773842
223132
112788
50856
184444
2942661046
248170
4813833739
7274762469
7927097503
4228181880
11313653598
1870102299
253812
6577826996
278525
7183426055
362713299
65065
5748831101
8120185008
8313388200
428040015
191581
9804352402
34463
305292
216918
380133
315328
12797160090
9896497
11592710545
5781506406
212771
9845449432
349453
69485
12581442055
95303
7844726162
5240906541
1385520812
827886982
3332450082
2421779607
7675220943
275717
12003929392
4421100827
229658
2891666674
7978312706
11566092226
11199147726
7532682261
10448490819
344656
4018687205
123617
197886
7117631326
3655451670
375999
247689
373061
4027059777
10824870862
39325
337194
3315915070
83434
9311694509
2264387359
1299712648
312208
268216
10107899243
3677096579
56321564
10128621555
4381931840
366314
7098422552
285142
1983592481
341458
7695462190
6580315937
3300638445
12801877179
12274676752
29523
227487
9116914872
4898902658
4459151476
10236240261
1391119600
153365550
12518271987
8411159068
7228667472
3586026665
9246637933
7579403169
9543742351
894145668
176410
2226674125
5061028804
11130295345
174200
230126
2372806423
1524860493
10523219213
9029771192
194987
4610330452
2884200787
7744185592
359073
9142756948
11074067147
12113418018
249743
1330777955
4457156483
158821
3316650961
6305710112
269529
8814119847
42913
203060
114790
313612
3391334505
101400
11760727264
9885998239
92131
2713283833
76141
10010626990
8698109290
2531136309
48828
5317937911
11567803780
2665577928
6634202679
42302
2623073037
373607
175136
7898643792
224978
3425941337
175656
341631186
10521458337
180310
15405
10035991888
102804
6505939492
267605
10816241579
9049825837
323362
273572
5088740592
86151
159731
10656444201
5859109776
1257199918
9440717026
9347462293
185692
6666072972
10734690278
5360698863
1996311915
12322265553
308490
221156
2427925123
6191681431
8660137525
163007
17303
10646600965
224458
89016395
683010679
4700352462
10076075620
318331
311064
286227864
649319138
280943
10276031389
204594
70499
121433
7614263293
171483
387842
5891672670
3420700647
2883117575
8779750681
7331690561
209716
254137
9240735673
1020643156
676348829
10906705368
1908011365
327938
3361302022
1756875510
3699963215
371348146
1144688233
100789
5291600314
4611431175
3562300300
7994138971
82576
8825863748
2032574960
308438
5668601991
10926870097
355030
1753470407
7780232109
741833040
7767613451
8385187161
83915
11006042034
1476163429
9097240789
3409783546
7525337690
12302694651
349310
211471
332912775
8064032652
3184297662
7385933581
8146205886
11256844157
6245841212
105118
843282505
11010776907
11100245533
8766100993
125775
9114603654
12406968938
22165
65780
9651199844
10372157172
1747225298
185744
7725326193
7234537557
335426
5593771586
331851
86775
354107
11532342562
12204497175
1126574072
1128218936
4716937368
135785
5042027653
138242
5173164893
6940442691
6069875968
317408
195364
4644781180
1831197173
11851407334
331825
273039
12937609633
199862
288392
2328818284
2573773865
12363132821
357942
2857145525
281528
12127326562
11044891
11635736489
52117
265434
9050124343
12858321814
175409
74191
3672298448
1152190091
941433441
7415575661
11735280388
322465
6229457793
9605183757
7378228429
10225658378
11340592679
7317163074
7008455116
3851451981
11604555781
5130278244
7140644602
45136
274118
9056548020
124488
2475938101
5558971093
10631452897
12462506550
187361109
218543
7269017197
6461857233
4846994971
161772
8680257313
2910716588
2847364182
9002159439
3089637239
10168493283
1508151801
940906746
3076105825
5250794991
12161656923
7113853864
152620
207610
223314
4034123106
12859186561
6167751785
232856
7458669465
5041739885
4459731289
980045898
9243784875
446843540
51948
301977
5840604848
12279323173
74555
11443137758
1788161869
347685
358982
778213007
252070
4940340821
1322629529
9712558921
40222
8811764429
1401948938
11965229549
68770
280033
245453
10915784451
6611661394
9198853131
677551329
12817711803
153309
371176
10406311214
795848833
278824
3417950302
6637701174
5697328403
307164
12849878171
9678800612
6512709970
4452966388
5849909741
266513
8729552377
138047
2105791961
7973456335
12200460285
4460275664
3493393124
2749832865
4052340825
2689803116
297271
214708
10777120484
4652834290
328160742
5342702248
11803146342
206076
797130568
1269490300
3171046775
350818
231426
4714214115
149175
109031
5730043982
7360190019
268177
5620399577
8386960621
7431402225
92209
75309
259701
264446
7363809518
5547420125
283153
4870157487
192322
165295
192917985
10344217845
11132733742
7745842182
181298
137696
10968175530
7543113084
177866
10859673643
364702
12576237011
3194065550
9677963841
1038081876
7444719399
5154964802
54587
356889
168285
271726
191438
2018700190
7739824599
1529112741
10023316251
191035
1594246927
1197944930
128596
1819006631
5239712465
5337479771
11002629742
10632569246
8145095660
4569007313
9104287842
77636
7290690498
357279
5504628376
3885300471
379444
9220451331
277368
255073
9708974054
12713509250
850940428
311727
8614190663
8657986870
8498688575
9602752887
305461
7190651078
8277498554
399521551
356733
37102
6520047326
7382633869
172731
8214341408
4908703579
7680875826
7451984787
2413730943
12410048495
139594
218374
6850744771
9926499830
175422
10989742309
224224
9454977519
10585463915
267306
5699145738
180856
2605456308
10908780168
4748187977
5666530844
5892127930
9665182527
35984
9808460675
10349276210
10808062122
11862090214
3448803748
3881972484
9432268599
57811
10726201005
11116030146
289068
10655111805
11414253097
7904920452
7834110037
121310683
74997
11966188585
11663509494
5408083434
1207193481
8195149157
4861174812
44395
3684159687
12109121154
74711
8880421459
2168733034
7073895062
8641148659
6522936225
3459162655
358514
12883621296
12939791410
33384
7409840230
267501
146068
5292390428
11899026386
7674938076
189640568
6113050957
7706987353
245973
10006506302
191841
8936275530
4392620674
2630779619
8984912534
319384
2033198908
12455791296
3377510357
12324614913
7655432759
3081715988
4821757408
4796897742
372502
5990395775
225290
8917003472
3716528270
4643665468
5404642997
153751
12535548467
4183944245
7570705233
10607486695
151489
11339061383
2266594772
1607084505
345917
6033820988
178620
10352895514
259025
221026
64220
287911
13689
596688326
7913379903
103376
2729957464
4059695094
1656001737
4934158008
7084981137
29068
367029
4648433257
2796283685
4107805
340795
10462324223
1377918568
12365782819
1093652651
11034679396
849120142
12609584884
7107702966
246142
7896636228
8642600551
7052993636
3693132924
62465
1755838214
4033141567
190814
687831092
3254510727
195338
9084615358
10380766669
8508861829
136201
6297599139
11027143491
12456170194
126048
332800
364689
129623
302328
9458476859
105872
73697
7361418428
268918
289224
4648994324
250692
357448
200356
3702195458
120796
16942653
182507
5110691248
9413025661
12280979230
227266
11773868743
398978723
87594
1668609085
2978805661
1971258276
12756527368
8887141900
9163096332
3745433068
96330
136266
5382215670
8785151466
1839233968
356538
161590
1830482602
8200313030
9893886574
7655268712
10189565477
7802421666
225745
2467014537
45136
8295960023
55315
98969
407712279
9730587906
3204266572
282919
5882998212
10651610294
227736288
263887
9003650110
3028832274
9653293923
12387193546
346762
255099
7434924471
3810585389
57811
2214270851
11952528471
7235061015
202982
7415769348
18278
293029464
308776
6346842645
3269324409
785302141
4689805289
1970828704
7038376384
38883
81861
383422
4495569611
10626399732
87802
12988347879
10231516906
282048
543607922
10902273941
9094758829
162513
369200
867943258
11105352336
8925948044
5681775775
62296
6712925232
321282
2294988852
116480
3384207463
5476735329
258128
326963
144170
2859057383
10543911014
379197
5123678157
58708
177775
10163589410
228475
2984814118
9196406193
12733259929
9099605502
61074
169624
8593735358
162669
268242
354718
59644
66612
4670945409
191880
13052
2404675039
9307247378
98644
8902900357
7099268982
11841791039
7913002890
646533186
97019
167439597
1905077083
9919498160
275886
8864318606
1599575926
804416392
7808869562
304083
8622934489
180310
279188
11291108686
8000148897
1239988763
1240898607
116389
154882
3432970086
452872498
3605958473
3159041353
181305436
275977
351091
105625
2549563562
6286429591
11455117791
10325334357
6343836356
57941
2216491459
1207185928
151814
195169
137007
166751
177164
12743897556
7969080028
39143
2331559945
207194
2228735444
237029
11768902808
77142
1300296959
225680
11708249306
301925
10633674376
7108147371
152269
5635704919
10293688418
7276577958
8111815218
6577250394
291122182
2831463791
8630103131
196417
2367437358
4761253094
44694
933134891
3324658948
2866778720
98683
11910323100
202436
79170
68458
10596227512
3886837032
11363093547
12770545840
12966293379
250900
2914961907
135174
164931
12693073029
79742
257036
1922479169
534050998
12073883120
354770
246545
11630806486
328329716
1076430862
1858909416
77909
93236
12541240530
11714132482
3078242947
5573715394
10026974308
3654384721
4639927383
321126
10605094474
6427595395
98072
4053126025
4588496627
8851639745
12791631411
138892
1546757459
141128
4907522074
12218640629
235976
130780
9411724712
9806206787
7335485352
197419300
261222
7152197702
10132586451
1348423414
1944567391
3885323923
11153684100
8950422
599124097
6600114456
9190424295
5168491354
187629
6589982243
330187
15717
3062216664
1481454923
63752
239902
12750705903
12474886814
3824455076
139685
5490130893
128318138
12953264701
38207
6838204464
383903
227695
263172
26026
2185384253
8992649289
261404
9721263929
10505218321
11908632346
282172397
8806330910
8193382899
11764932140
7641197070
173797
11347719877
8528748137
10925401747
62686
4278723748
6225594895
3550773551
4814016142
8909548622
12446163444
8256703975
5809010792
294099
7296352024
6086296450
100265880
5639235537
383045
9691022276
10391135677
1764763351
3417001276
11091177032
1337005527
358774
3997670560
3695085030
361738
79255202
1059731530
12532749788
4604066168
130403
2797478164
6411781701
167609
268580
12796097613
1365274352
376675
10955962342
11561610632
3636696258
11346225371
128180
20423
7702733038
289367
133172
271102
8377178628
55965
2779166143
2549423578
281411
8459446671
2400458853
12660230440
2697469229
12977980184
12279071077
10006585329
210184
360438
4148971281
6648613205
1862161561
301808
2536306175
10155072928
139490
243711
11452607764
4651482849
5278291109
2698644715
47775
2437320743
12542144030
5354501698
11071013694
11809118776
225160
8660687867
1089937953
11169463747
11462955985
1227565885
1334652384
279279
11408539207
1865057532
1034742891
96486
3737920823
12382260410
4057721902
236340
7909584423
387504
11371644115
76232
300729
12348006801
251628
9374393795
4317797393
3238694004
61971
5829979051
4645766047
345969
2249144521
7215831272
10333860225
9898437965
7036785379
143736736
2198759511
258557
11409187166
11514170863
2066273144
3924102234
12310150502
5223761465
5986715020
3932489210
1955286281
47034
12966506046
11206456989
10273824275
92287
272350
12834069430
349791
10386602174
12914497765
5256514835
6391942050
344825
12070782581
1619899866
269698
2652256204
4382528111
539867523
46410
1776094320
105378
955784258
130793
7888332699
663431938
490397583
341419
298376
5407710477
530846771
5228353572
8253795082
5673608057
186901
3199984489
12356080399
5288171096
309894
8130201807
3741314395
5136715363
139789
89765
234897
9078063462
2919191041
7060532856
4660118710
140036
83668
175396
7351549790
9115567422
417963260
2552549194
11352937375
816701730
208468
12769909646
247364
7383657463
63628864
382772
7406835683
31278
12041124147
6764282629
247923
10281465103
4578647645
122694
2887544452
4445087803
194948
187395
5204870112
5532580924
8007730991
1023519432
367029
10709477792
1957818044
5658187951
368862
1477037029
345371
64519
6251089026
7088916640
354341
6943154400
3452913581
54561
5856804863
90480
383968
134394
3580467722
88517
250315
11883911299
337350
382174
12215037172
9849519225
8866843635
12414761242
3225890044
174707
229645
10637311243
278811
8919951586
267631
9921932072
4612137569
9712015144
6772942332
7995082511
6404016476
383214
9072941761
12684557444
91143
9860393933
304811
2520562902
1295224034
267340983
49517
1285049376
2608961979
248937
793447044
1011001576
7597129592
11994467199
248911
1263271789
138606
6097300482
10398391848
16055
288977
109109
7475572676
2377014432
208429
9135164779
382135
4893030207
11322275770
3284314358
3839003818
244270
155883
3782042901
4308227833
3759598531
7461277356
1057930003
8776486433
119834
1477410740
7144262424
1191431995
94406
11448670428
8122584262
7289095983
1942895877
45422
6077323889
11601306340
134952259
11173539884
2691991510
3235191271
6635951023
7123213513
11339083808
8998798627
12270849006
112398
6492523856
11022661000
17446
10261097964
8929885237
285233
9709933402
11479177645
8758228674
4799568319
9816406808
1626935804
299478894
9043429772
7497146189
7375333043
347059154
296504
2684042452
7944561742
2739132435
275873
8082603503
83759
12829737921
1487819749
10992275177
20436
9304695699
1122990310
173628
9553241412
100841
3741711857
2563276534
12251232214
296504
203463
7581464475
6297232500
371098
11808952376
301847
121550
198237
7489595802
115804
120679
2677674220
12254327280
292604
11923277886
211601
9546395846
185237
6475989325
9800955905
373932
5356545311
191594
23829
2775646289
8462814022
42978
3134353404
370864
263211
11952048433
2856991137
1812148208
3180345740
1427605348
6623247852
136760
17111289
10364727724
296764
11221811952
1579535893
378716
109031
181818
4558106306
306956
1825304728
904902323
3115672833
4067448775
39572
368329
11950428620
8280757992
12870241202
103012
1395594044
114127
161460
11390206581
32981
7615839894
7797399701
891807293
1938545869
3731039585
287807
8280693720
206973
119080
268398
12457917563
156910
611750659
10391437277
2613733772
140873226
6704926267
91832
2670584800
6095737622
2087593612
243009
3408120300
1913434887
2555154485
232648
104728
2544546680
7680314863
4959271291
6670617161
135005
7397748007
2548940823
183334047
1718228941
5409633814
1301058408
177151
337194
11587069468
11601265468
3676220626
11701711593
36946
8407685104
79729
289640
4868422377
339300
377923
5658777475
50791
5705129807
7710209741
7687289701
7222919873
5703207315
339085786
230880
2164486467
10478295373
3218774143
4463942353
10794848740
7304184927
191789
6039391709
130611
1648494887
185822
322842
103727
5738310097
6045213603
11126585600
7026854965
5529005209
67886
7474560600
8468823142
288054
4881296238
196950
315367
251706
3375904389
245120954
193921559
302419
5606686059
7650344962
2862004717
39403
11137443772
5442746608
27612
3709498858
40755
298922
250471
1232851464
10506108613
239629
1424530289
3298345310
2058647981
10726943058
171899
146003
187694
202891
1367954211
9964377995
228904
3441905025
117429
9635269774
6668235353
6826644487
6215682798
141817
4772179217
11642070245
193544
209937
277680
2415618907
86671
12354259229
168259
9310388971
114452
8308026181
3072280341
178750
122200
5976317854
12747601230
11257766936
2221489062
3720936089
175903
2856105278
384735
9668469629
3836319513
8191408654
370526
1090893739
1484997371
5938318542
9984335192
30017
9482073497
307398
138294
8713091933
4241354169
10660805844
11125908157
11977677192
4013815949
11046775051
5990470434
2885025299
110838
121394
62491
226694
264355
10890471943
7340315398
327418
1052605437
96837
4580349228
10506641301
12889045403
134069
252746
106392
126100
1728678744
116207
1551947605
12320767979
2151035952
9728480671
230633
7703429162
24999
8574483502
9146660328
11644673612
59176
6860385805
1198789930
5934646016
232037
10093397158
7942663196
6773135681
5995301806
5679021049
3103366617
8705376355
9336164474
11059220679
2056172898
11145017156
9126084175
178022
6518323565
201331
10738326495
236678
12017075005
3158016264
5701045142
14560
3278921308
3460045602
8991813636
12052652651
7343121513
11115174993
5575238500
4140163196
3950516297
4677392239
343564
2508085307
2533658426
6235638136
12862023018
19279
7399348463
258726
4119802453
1903453071
12447585527
11875220565
8625300892
4474363322
345644
154089
12324753766
181733201
2357506476
118235
63089
347334
9376652116
5768105876
218127
5955592305
10392632419
4821828921
144989
8918358059
12214208773
7992682282
12030901012
185627
7823899915
12477421489
70239
3445172965
11446161116
5260680984
256802
2515759337
12239936280
309556
10192143923
296101
1156379692
12553432541
10938860699
10480413242
234689
371852
3711900868
285103
321581
717882503
294879
4350646248
300261
3638333439
261540994
10155741739
584293892
1716798213
39312
297687
3265353169
5508085661
197951
10547377802
269490
157755
3306326322
119067
9082152261
7834712613
206869
6740059248
1199411187
9787890736
8557254680
197171
187913505
3434970630
49465
11630758633
877085105
2771058147
320177
169611
3119638171
12642801639
124761
1367722304
5713562777
5067158122
3646214299
239434
10682944337
6192807569
2242911801
30524
932900995
8785013380
1032092776
5171235459
11679173181
9632233767
6198869001
4953565877
1962955670
9586981118
254397
10917364198
163878
12147611060
320931
12244343722
8180170791
294138
438427405
140387
523213028
4020339193
100321
8668315877
2650346777
386360
43394
1428927825
235781
3364668658
5182874788
6761271088
2453171838
323635
4974853520
4458094472
223509
382460
8751205567
164827
7957964976
4807301811
8106607548
370474
6349133024
132730
131053
64545
238901
2368076074
206531
11247076360
316147
1920768408
8453151590
12021834825
11777233338
11027307226
8008736424
4169627995
364832
9313653336
7921742556
9237019129
8013740072
51909
154713
10186299266
12757728451
10316153536
2684126601
303108
2744690078
344487
478668047
11951817826
65897
7355484942
7447764818
9316372650
326859
8943067731
213629
1418555216
12289756180
119379
8083220262
1602950739
6464908112
2182369774
10713721148
4200474174
6655077663
2071838171
11510505396
374699
5638461504
52039
8770346195
9467088215
79053
1023003969
9998231724
1839925555
10700166139
5623000721
12190617088
9515825904
9168920852
2096452748
12410451417
9966301618
25051
239510427
188747
3193261097
1305070078
10321048569
271999
95121
129545
228553
168883
2130530506
11169804113
8471355243
10577563503
84474
4523113205
10567473449
11990338217
2436065294
12864207915
11557641745
1721362084
363571
907943868
13156
19058
98319
1785587479
9827359204
259350
410793799
11464267035
10437556246
9363824821
597522016
8228570506
1968630417
85280
195169
11721308014
6952246834
265928
10583245309
66872
7227993071
121784
3840788601
173238
239408
4165526794
10391345159
36634
1233626719
238940
1784244735
111410
286676
2316433431
122031
378755
7443627555
11531910793
7377356090
321570249
9188898394
262746250
11008552568
200928
358761
9791027246
65871
53235
268364668
2764997482
15808
9491639781
9943938823
6799651885
64909
8545064112
5607531137
11934173706
4108595998
3462893564
7961688410
8480336410
8103023461
1451095022
149786
830159642
5672355455
1589767712
1690476346
2513375540
389272
220402
462387107
1520840724
6944936128
7669805221
200376618
6244467762
323078210
6582281017
826719829
2737508228
126061
105560
4091021415
1959641359
12769278314
297804
4636170968
4635044479
421969691
9501564605
5697182062
355186
2841877532
5193327464
10563267182
140244
123461
10616366605
5339448413
11565470371
7162680863
3898150048
4042381603
1325898041
75686
1730365533
177203
364585
8673589028
2933954452
310167
776339395
4812011386
2140863192
385307
8213643841
62920
2185885364
141362
157976
10786420424
201919692
307008
3639132562
4463527471
10681160282
353301
10404971291
370149
152516
60723
2623632310
5327862761
2733994835
186667
54652
51877163
8098421786
971541103
1713950342
8786542180
12468594775
77662
11509438837
6601484968
249171
5881879237
223158
53430
7349479150
303836
216840
71565
1453842962
6589936535
12476588761
2284032803
156689
8701368468
8330788856
3769384008
60749
239005
7851502360
250549
190632
1256049665
5243225702
9500119083
17641
788438716
5389066891
260663
3989453845
8274478953
3474352154
9544274480
144859
10247046810
56927
12427091430
47008
1393706769
500619353
7735489112
10872465266
9644798839
176982
1390913160
229307
3794173344
6547116056
2289780090
111839
1121578081
7168961670
36413
10436354643
365417
12997000211
980688124
11060271742
10609817972
21866
229853
3465260383
38064
4765145060
341536
4455608508
12743056118
7982912340
110537739
8147787817
8468545839
9189543688
8176832469
7517629756
237185
12139813088
8236003282
1428763076
9265060870
10166553267
5445280997
9164190919
2317850964
8312265767
208663
116922
343733
2409739267
8963596421
248482
3485337336
226603
8389333550
3052859485
178945
5154403930
9825177427
220857
3539914612
71812
2619338046
10919737673
93782
62777
1507898197
50596
8148598562
3177492253
4575855284
3219636953
253396
656920953
342784
10412922351
11953034184
83421
10475357282
215514
11848332197
10118430075
239411796
4500789202
252044
593824010
10972512291
11095588907
124553
152711
169039
3056768195
3924706123
11060795837
2877877860
1326361413
7904198588
10213594768
6871607405
8493285047
190502
1013948689
7486496004
8928719215
3089640684
153959
120120
100854
135629
155415
4053504234
179517
125424
154154
9371179428
139568
44707
3360328062
369772
9635184052
3289680745
344786
218645388
8507011812
9846249478
1973021622
12631735181
313703
104923
6271371457
12240832279
12153040796
3812519828
3070160522
1070053348
7634655431
4224929592
12328968015
330785
2191775430
357838
3181726821
34606
12811638216
9554385126
224952
10828096214
4408532219
4673835439
10268975509
4216538586
132665
675919062
3284698599
12014472106
4620171023
4786530216
32635538
10230164685
1480219039
12754712880
330629
188162
2478716682
2567693505
9270764854
9995067836
36504
11458891925
9197747052
12838213141
217061
7518714645
85631
266461
311116
3235967748
28769
12306104993
405999347
4962164662
242749
6043324651
157898
10267227594
6500228813
9430282979
343053542
3708139968
304317
2514052580
9117433000
5028244923
278616
358787
6540698853
297739
181389
7455764979
106782
210587
535578251
9000934657
227448
911027663
383227
150540
74919
2576634268
622342292
294658
94601
7856717063
119743
214097
3393188929
2315151683
59059
396564909
6144437689
3518827169
1282590777
256223084
3772029066
99918
6481030920
5585228519
2250939002
180726
45396
10349108770
173589
180518
9216687012
2068725490
6852477151
293163
10150571080
4475045250
4335421220
265915
78936
2165872683
4406335999
91936
1233224408
8029376251
11748859200
9385170327
3882014279
41028
8058033373
5754388627
767215241
12493091858
10034327108
2586427818
2624171108
12920187722
101023
12740664352
9640250360
7698216903
6775030093
1492609742
11079139370
231959
4473530594
3073380271
11051636531
1127642152
3011729838
110253
25857
1229226791
6487246402
57733
3016130221
9842769729
99697
4382857973
7848780251
11333784241
272219948
287718639
12106987672
3476147168
3015509484
70837
363246
40742
8265628488
4875758394
2178441746
6198088702
1474959330
2105196353
8115128268
194519
6599059025
12131093676
2655044522
82472
966141215
125138
166647
9062592526
85683
25246
260247
180453988
2706295605
526217068
9894188291
7184476455
145899
6583300126
588366051
9640213817
6485377106
1372709585
278928
6931986984
10637809130
91832
12327436238
248105
3732762852
7887200490
2742892958
3327521184
12063994657
3707971527
296504
5239426530
27313
10598392428
4097933320
1922069617
8461312353
212017
3387826117
11117592148
12262333720
12560881684
1390538890
8935740021
72956
12157192138
8166406716
3569559903
269269
9628819733
6422660088
7119494330
324337
89297
101660
13299
381290
231647
2255772883
132701894
116207
5931393845
527666425
5259111429
379964
214513
57512
34996
6239189970
10789318969
7890946947
8931770237
7761180089
4101714396
3179494955
7772749712
12500652632
2003456858
3628605669
4318417532
12482069184
9073092743
2808610896
194558
8940943908
3239838459
299416
107640
1888946202
521850420
304720
9108863972
18499
132184
2382805568
136149
12912905148
9102027987
9673466361
197639
22724
70330
12784867680
8079859021
913682120
244452
10960461941
165802
12352249975
8278506535
241787
12410020714
776848046
13624
12633679500
1709198699
2162271969
14300
45656
7291678160
168727
5104908861
5787617680
106119
1023438390
2080747461
2424605599
6270632680
288782
5106140572
297279424
1219156016
302120
5280371525
11929032011
384384
2773772950
12707995235
1925900678
4558600150
4316476645
5677734465
265967
4830890961
9598401293
6430739276
88517
143741
10742642456
299026
38714
343980
298675
378118
1029208908
11902113522
2935335130
165113
2038555805
58968
9896698188
57525
3300205064
12388229347
26897
2277950337
25883
1361201140
7657495482
4528278703
380016
342797
105612
100620
3772989779
10798273967
12756231787
265122
9610210272
205560186
3569648316
184743286
8582438072
358267
1067851447
3930593433
1344354648
981736964
8678419243
3539202680
9813544260
9225151338
195455
6863988456
6452534972
26754
22997
11594614941
44798
9629401158
12660984804
23712
3124981327
53586
12675805844
384774
301626
12386722894
332904
81315
8069339564
29386903
10940243067
133549
491114819
200304
5401953440
83668
2211512420
155064
284089
9993391915
232609
8894738905
8078944484
1010559771
115674
10998358124
196677
123123
12490904738
8693798997
145028
11262979091
4383410460
161122
12515032049
10284384461
778515738
8553037766
9482412953
9124005501
92794
11358963382
3713586214
1521425750
10422542273
192075
12337313326
3399961149
26676
4381433810
136006
405571920
185198
12931116809
384306
1684083479
158645396
5514336594
314262
149292
20488
3064598264
3910108020
8958544023
452154157
2407173730
251433
133276
12194080821
11103405092
7065506006
2520353043
5130420815
3726983299
11996098543
114595
10837617687
725390952
4006641314
35188712
378781
10052553615
1599593593
239993
262379
322660
107302
140647
12780052090
269204
3240185208
7775411995
6953508016
9172546123
746822323
261950
4698358678
4079951590
714793066
29861
289081
5319962622
6099222727
7043780614
120861
70421
7944629537
9962591860
31759
374907
1951995942
7011790474
12136774572
952861936
7438193191
6493077799
69953
55952
965332056
3884360727
12539961226
159042
5196919234
368069
103181
73086
9835511660
108537
10077999022
9714038698
645476182
7216105195
131235
9258795962
6755651305
9640303036
4718512942
382070
257790
8017262864
180843
141882
4872892258
10431692869
65247
10302630039
3789461598
11932066952
9063225210
323336
11509382586
181285
20826
7395571911
4913856103
295178
129129
8721261055
9927093839
12873970668
8346352261
125762
10782464862
4189596580
4321970029
84708
11714226004
11516542180
5406424465
6065922512
7810959520
10066580134
7063080817
5026490703
336297
2270261747
383414213
12981898618
3882430617
1226185896
9831737812
10901918495
7762877733
12507781
3084959709
104013
12048917595
11634040756
102739
379730
10005064940
1940126487
11151232729
5478503082
4377353214
5532200193
25480
1671739069
8682536278
124774
11732628739
3443743095
28210
192023
1748453213
181792
6833090901
347659
11717983901
240292
7034341964
4905804449
5049580887
212680
78676
3665355200
378586
8270940444
4091375353
9941921652
241267
322803
261326
4344092389
991604978
3597302982
9899520280
9923313062
3151827913
5285556497
316680
7479537039
2597806185
208065
6491966442
9081660614
239551
15353
2498631135
362089
304564
12721498725
237094
194896
159575
12426839282
18967
3719920620
9918889786
9401772432
6850723178
267241
320750456
4270440694
1285908325
1591553730
8170877442
229944
8804762252
6142732362
7546723626
10328592157
224575
110084
310830
9965947641
370617
165854
9718052851
7780600100
9693420802
72735
157326
6294529865
410174531
64389
7129589181
4229077073
1905288775
7749176240
4184159811
11504340731
623470419
4315983555
2433940145
7170430904
10028158192
260169
48542
2287454312
144365
745555616
7402296278
382837
38324
10302141512
9036813123
362947208
6887798086
4328158627
2017790983
2934793563
12091958359
8863526698
3267361318
5358797990
9056034897
9990404086
358280
119990
964977806
274690
4079247380
286117
5273561098
9795788665
2160685852
380900
330317
341185
298649
6599506498
5069097319
6486756081
247377
1748909994
361803
77207
97110
5360188678
150332
101075
109928
6459339601
2500346888
4231041568
3793179819
7389154175
12277666635
137254
10371260146
11436368190
187811
3738733310
381368
342134
6479730686
340457
343200
4592731988
9283831908
415629422
4846455354
4733951430
698010794
10024416519
10540287875
3252251587
1926139384
346086
604638749
849749433
12649800293
7293052195
4089810946
156234
3277858428
12602574530
7361365674
260988
329394
2452294130
11478803037
12301569540
319033
13962
232245
4382222728
304421
10651280874
279435
95069
10204986558
9580471459
1172165917
105937
11994357557
5959595499
7184002904
10804221701
312819
48165
239161
133081
154791
1208636169
40742
7084685569
7843643301
316914
267995
1589827681
123110
283784735
4884874293
5648381206
12901159713
10487370244
387062
296101
90194
8883703920
12073334299
7642222575
756843711
190151
1565055128
10052928288
318188
293748
326547
10963292509
324831
1591738954
1365346528
8978485308
1152899722
11913044169
3957976620
2366965224
191269
9477051831
3966599351
67613
5588867063
69758
379431
13338
6642503764
2143410542
10258092273
18512
1511765229
5792180056
183872
3940046864
4143657050
12319810061
192478
2324278619
198094
3748640974
12301526718
3207431331
426479131
3218796945
7958577900
6027638552
10672502360
3003203047
12705633005
450348015
1643604391
5444344087
7836889697
7345790816
11916378045
1575046746
12473896396
339521
3015013352
348049
3573003252
3750123754
7089145752
6638721544
74438
7045898340
4872738910
5052800337
1618626061
4279017873
3854667817
8535606443
285402
6913734204
8870581083
4879875208
276068
9041822049
3090941906
1119498679
326339
10522696808
273676
2242354868
7170216092
9455236843
11875662552
6147698570
11271343278
56862
58084
806416494
193713
335790
2846157275
26051337
387153
12667252481
317317
182949
277199
8028817654
294229
3071682666
12629025500
9401254395
7455508359
7912489806
11506799902
138567
9692793552
10021051989
2531432072
1520870871
366795
12009872355
9683770083
9841037986
231868
11886683874
2182911731
315770
3459831752
282178
254969
1035581469
9721972169
604075576
4017374465
269867
10679476899
5391746789
4706735605
108563
27833
60138
12528399455
3973178651
215332
9692923409
262171
4578207127
9846558306
8183116045
335036
8929354265
133198
1189167174
10524365696
10105910763
61906
55094
20891
2810918149
196469
3489134246
3752973848
339222
228891
3593488665
424669154
1564753502
231985
6371745146
5792385781
1788733024
2769064272
8441284956
8179363036
10003898424
115427
1706065803
5871868184
10748361559
284674
2505983844
8812477349
98371
11276828277
8887716682
188032
305773
8571289311
8546378854
5522038756
9581520325
175357
11002230161
192465
10337110225
10452956631
325481
4546018685
4283307613
273481
3811046317
253305
345917
88868
8439202798
10930980268
96694
194155
4048701046
11165413948
349804
4045511535
6036638088
9935892304
320411
1952645968
222417
7731274824
12997960976
5953123852
2572823591
1443764153
286975
12819503528
165126
359931
193167
11427630916
283634
4787160560
176163
260260
12211016051
1621473568
8799658959
3749313932
261859
10609112423
3316151553
10475597145
798171764
364689
360685
7419529390
14092
150313072
342563
185666
86853
8256599143
254488
71162
343525
6731228751
232050
61906
90642006
5093718045
3027622130
280111
376142
5672244175
103233
3801933746
2328538862
8115175653
241735
9236196918
7326191977
254592
377910
5001893117
5719307659
6098273870
167518
3393398307
2323750689
12689571908
3782660310
78260
2340377455
5099477968
10495391244
12293214609
4076234981
12398183941
226837
12223865121
332547124
214578
11499889817
11397154106
228228
3112619354
9271401178
1216485478
324168
238293926
169325
3077464494
356382
273325
296725
958830782
12796919876
1552215561
11299473731
4594844358
358358
12481253109
203489
10222294303
3244613073
297089
4925655488
6771395995
5731598886
3384365114
9904978967
105547
196118
2156481691
137056010
161642
6597661291
376675
765696490
11204664848
11492844519
3471318227
855165129
1555049405
2927402374
10211758258
8090142957
206921
3419636909
4686269705
1300694577
11817468611
8683754456
111748
47671
8670095733
2411976229
8732481082
4299195420
268125
2276196
8820477796
21736
9258931370
6196260447
7178955901
12897136642
223730
64909
1642274595
7057585977
5697267693
253071
7723695551
4057204840
8454882319
348972
4079570469
215241
7095933013
1321708063
33382557
10565021259
9215067693
39442
5642099840
12688879099
5479009094
6314124414
4779507447
91780
3832391563
2947827051
20280
3345552938
387114
3711600373
12545112021
7044789375
134264
111059
341348358
4947613944
8597042272
27205152
238654
10487268012
277085432
5081933246
8334910246
3042047489
12004236322
11427080301
2621183734
9188533653
849178421
4118861448
226681
194714
162773
7368517351
49218
347919
287651
6754286253
305825
12182428414
1763539414
1923174565
6115498844
4381783198
30914
11640328960
4009488652
117247
276280056
10506055924
7761652340
173459
2342139371
129298
273780
6180977361
273182
91156
5221815300
10851220575
12710857315
8974785157
6497349352
3780681008
4495895716
385697
112320
7510251398
45032
11110308469
4478617585
118703
977181049
217516
5836923755
2647996559
5188514175
375375
12628489627
12385898668
204100
10705412042
185679
215826
10276218264
8264565582
66573
12937959060
274300
10988464942
379886
8142759495
6733656332
486714124
11916113781
6692310742
386503
12747673991
12508122315
275535
4545146086
1320694531
11759706283
10577648549
8456491797
8393396700
11724572002
1859812526
4543282614
3982594876
217126
115778
6508343582
93951
5072425995
316927
8801081315
225524
300079
7036716973
63778
6858788807
9964091293
436967856
4467949239
265005
10913839092
10938389436
10409068293
218608
804873979
7719480158
43940
2222241879
7207246969
4417502310
7169405802
2476051838
1946468186
8941630438
1783786173
8315990098
5168614308
4326590489
12135525909
7606068574
290524
9581301626
10729994366
3678901668
4480882276
12890938931
278993
983226049
8792454060
8409267594
6704658623
4352863801
91741
2366718159
326885
117665080
58630
5280502448
223509
85735
7606573065
275041
6399704363
1522947140
386503
12377476280
222911
46020
285298
117260
780155987
7707776336
169871
46007
12324142571
4199528398
3559975159
2503758595
158795
264875
218998
135629
6681161721
931425898
117299
12578475533
9299020731
9501783499
117416
105313
12161995924
164489
12791121447
5945326231
9774421410
246740
5992527541
3756039053
4660230146
10836598994
11710293465
8900021728
4560281804
12362235899
9048296543
6016616489
12611662193
10749472396
1371877949
488631871
209196
248209
3634829133
135083
1597250915
10093355571
10904499593
5542614701
9098856247
6544626205
240695
12187357884
4615283907
2386457515
322205
5892490578
10889654347
240344
40287
272350
407308928
4488147807
5689044465
362622
6881528147
245037
10940180927
5586668321
6608101396
138775
65754
5724007055
10773870536
7732424531
4517985108
118083134
291733
5135276614
11790968033
3785140047
366754895
1313659633
10226907600
3801814939
2370007445
80847
4694347125
2263256125
3875172405
189098
321646
4588820548
7132134789
260026
1525379739
382499
271713
21476
173290
2172058759
4882998250
12894503440
8087330654
10616597667
1585025130
169910
133463239
610535432
12914081037
5384112877
4609036263
11631928568
2546474502
7366597732
2128090601
369811
12942145957
6221849660
64870
166894689
8066322927
3663413611
2711511062
277563
4089784023
8628209577
267046
203684
379652351
48139
8054211672
1959420242
194779
221793
10445641674
12265669520
318045
43732
9114376843
3579804852
329992
3059996316
4557996261
2029003873
11817712309
11251390306
7758882846
2476299397
5350037537
260910
9490789685
10117412201
332410
360269
10861720246
710726198
8238476779
7157361952
199875
32019
5552460888
10853549980
136630
5899553543
9412676754
6535344608
8039991310
5101410028
11860685382
269646
233831
278668
342056
12590681038
86320
216743176
94848
5334572828
364130
176878
288392
11897724501
4711705986
5849196730
7986800328
7269173704
213811
1263920125
7048652403
334209200
7364868303
174434
9657889969
12175870109
1838882201
7405631012
345995
356824
1308705008
5565480024
173485
304668
8796384870
5506520071
3610032855
114088
200278
10265009248
148993
7746291410
6404948732
11581717108
181909
198770
310804
2976390794
247338
8719392799
1093471301
5745020840
3552166657
9576235864
11829907440
249730
2767447787
351234
167154
9933871519
305227
2753313251
272649
5202947360
5485846769
4582735898
311636
11607642592
62985
91650
8326054334
12993926959
242983
857009764
11275455841
3783411606
8536422362
4226348061
601648424
7932123056
62634
2160524197
6019972660
12351973088
7342207951
11344571095
180583
7805791227
10670570352
7810602098
11437822396
364338
12695944248
11641458140
2775366945
4796987377
19465121
146445
9774419863
309907
351130
8323284671
371449
12972871340
12870491504
8445128185
5908277596
8420925487
12610667316
218673
115557
9829512875
5713050265
296751
332982
6290456900
7581149706
11061516739
1268340866
11543017902
6642539436
230464
6897446101
132717
10288171946
372294
8354710611
51311
9335861678
1595503117
141986
6893939910
1330622150
5326134125
328068
343343
301119
2775650826
8534437288
187889
58552
50570
9029289945
190398
9826246690
329446
12143884389
35841
5608790096
6352864947
68068
120445
185016
2570667086
1707581369
12080835793
7899371480
267579
1182854049
308022
2177515873
370305
8057387507
117897
11551624500
682113107
6235102874
96564
12980512870
742732588
10565014499
4161345370
193492
1263307669
9333660063
139282
37141
8761514099
12171875040
2010211840
319527
351442
302042
20683
204945
116740
10431046132
3251156038
8049912546
11092302299
269399
5521232184
5073695484
193362
113674587
1455785708
2352282764
191298718
368017
321685
5314105979
8102745417
942359132
7059670306
24102
368017
4410836794
5438903769
347529
53677
7896725785
897313703
2463262776
84403553
7152786914
215462
45487
153218
198133
7272959876
10083114028
9856345577
1679735798
1345907160
182507
7951311589
10083525634
447164861
2603103113
281437
7176023374
7368018554
11931710622
289588
161051267
182949
1976194155
10194323867
265577
295893
6900410569
1404466765
161785
3103114274
8927080227
29367
10374592241
4155809216
181987
6323409326
11352458286
26143
146367
3693869543
7380772048
55200678
69615
33865
7031369735
181636
749197111
3733523638
9804043171
9084678785
98215
8329097348
7536959157
3077219652
4519536229
257871302
85212530
137163
11515491221
1489350902
4916449876
163228
2863381573
1266208892
14781
316082
2075681959
194987
131911
23234107
4298566454
1461807919
6225885107
3824740049
329212
11160449820
7207676073
123461
3289357292
292058
12130636258
132496
1586970515
140439
1004446313
10504070603
1499629638
7192915080
301275
2247548849
282269
242034
4046818087
7961819762
4845294402
7868089606
82602
6982220271
369239
337766
7894724201
8744380424
184691
9974241186
2859169521
1223193894
2999104108
10107579664
195871
12363800891
6483661938
291527366
146900
11441827241
153816
9006752898
343239
164125
7479595045
1375515518
107042
3574122669
168155
3213394561
8267481586
562120702
299883259
5944672591
12630692776
74373
12991433247
352456
2496864968
381420
1325757108
1204743553
6813097746
9253622820
4267358979
603290545
5529482062
140907
7701252481
11368763276
348725
376883
11065915146
2468553178
9574690801
159367
17771
2941922841
169507
7621906253
120614
6750511339
8132679620
8208700669
2491136453
6468932093
7616752156
11950553290
1707570657
127673
447014490
1350771630
11683369464
6524957322
3482775673
3125240625
11698642488
3387962617
1752537332
142961
3546933429
229424
3927330576
12558675493
1868697272
10869214109
127998
7526786956
9447472502
1093547819
11847369716
2148938025
981737484
2640560572
5605162472
198341
1465953866
376883
6620216772
488732322
6565482742
915815316
3836348750
19773
9803970696
12661189346
98670
12774332441
11850551388
12794259751
8382867116
60502
293852
313638
129818
5714315490
244556
4667037076
291447
275769
143481
1675419356
318330415
10700621451
295841
305422
6658024659
217035
10412653251
2069095028
334048
10518096303
133237
350207
6530252885
11879467782
11290579716
992640532
67873
8028028580
5616660101
10016285006
3967109107
83850
66300
54964
54860
2500522999
367900
180713
10998159601
210334215
235898
3022291155
303264
10760701601
306280
129766
2344125654
2080350883
7223829938
11826232899
40846
1886785589
12726216022
980413798
10490482717
11861103891
1452498671
11080957576
129870
159497
7139937220
349921
5440512324
11060459501
104000
28080
2402163621
194792
6830138393
19149
4102819331
345566
1004827122
5984092374
4379845119
2196992187
330915
158678
10848843564
11644777872
5371351154
2866590922
1442632087
581955140
4738817551
234065
10478524498
6609455463
11382464743
159523
2658121102
2858905205
1287677963
4993574547
12576876650
5163253095
1421319302
234494
4687574853
38737842
11247565875
175669
74958
2553850676
3284262540
12194785811
8915016643
356070
6579417533
12996567155
11070395908
4585920365
8119876323
167089
4631278821
9999931916
2303224547
341926
2680665780
1596596417
12798602141
1932080891
5518506539
11539933444
145665
5824656032
5664369815
6443824790
6712544956
355485
168077
2145258570
11143454114
10813964642
1402076988
5855282511
326846
5314754718
26481
2565041765
11064983943
2281125990
8003926203
11398913825
1265546958
4779532706
3785706184
336102
2413554312
1613181557
334308
82706
212732
98741175
77883
7842253107
289822
8842535442
10467227979
366353
3524127815
2632329518
6046045135
784778098
6825639392
364390
3106723581
5949749832
15704
5355710906
8286350982
52897
7892872975
96239
1387162920
285974
326950
59956
82719
10159718465
9340888479
9630357295
198653
49114
323505
690517568
12133091984
6427495750
12687340588
1381043183
7628192234
192335
8467397861
1807572481
5659457674
113360
10629313643
72722
3125443139
83486
11022094668
11711079081
4220915127
10947027520
7375971122
12725059360
7594699580
4206827586
253955
1097260957
7647988153
241969
93431
5433303096
57018
1193558678
174213
5823398828
7134337054
264082
7301883225
1999591386
12545209729
298688
243529
3076411390
362661
10997983126
10891163426
311012
9534615571
598705107
6943100229
4221522968
414978083
350246
870358047
3779124648
11153871560
324718706
57434
11026208284
10846825249
98033
9131478369
7652329113
1831187969
11325208856
9785303450
2165450352
12136525024
2842025173
274950
5289332984
108875
7537646285
334230
11343260175
6323178212
6012494449
9284333409
5020582918
10862849803
2587787839
11926540392
8372657046
9341162675
2195425622
208585
12205411517
2504293857
299429
2421865719
755631006
11120767099
387452
125645
9362228369
7090160597
4049484777
7088116035
1924949234
6854982927
6677454823
9310523560
203749
2559053419
5276464999
4541495205
11708478587
336394188
8004122412
95771
6017471317
3865668274
1842331686
12593443902
480825878
5676344024
15782
2685913750
10023985881
328094
8809615698
9955076924
754500812
129116
9234646746
5182043906
176014449
7360029365
6568261388
208663
8304612186
655306509
97357
4674508267
12027627170
7205396367
4814630977
214474
11128179530
377624
4033701594
3200346500
8049013128
4462716011
11239539025
12359598628
1590003428
259207
4308563337
263133
264160
12549682418
2624540191
68898180
7831146869
9376391141
343135
3589851850
205665577
4128816367
6214968305
1487991518
2993711474
4182100572
10195158675
9798803417
253188
3857160307
2485168491
5885409894
6762833441
239928
5264709437
75829
7520903884
370331
269672
283166
3548675546
22152
249431
91754
11178176659
4920886737
337519
8612080230
11350279642
117650
5203474614
4077222994
143832
455040703
1009743189
5537414558
5324194551
2596216506
9634612923
861738137
5594257721
8704227220
10501296884
9648826499
2647702473
8032440676
246207
356109
1405480661
9115399566
5960647953
118807
96070
3407286948
113217
4031864226
39195
302562
3910223551
307931
76999
333723
352170
7595613428
7699592082
281996
539545422
366600
6698040713
1863312945
10078420521
5205657665
12600036059
2083565120
8021799513
10716345055
2315344525
12350626236
389051
4760854241
6437767440
182052
1108918395
9044079395
229541
6590203269
12485459987
8461622026
12353270722
11952917587
13780
8457855510
7320872819
7827637155
7582264352
2567067100
370110
8893485484
176410
191217
1290835468
181870
10871549585
121277
1850805411
825264102
10715575221
4732536185
12890234760
6169545005
8981548654
1612322946
6288430980
27976
6865219881
11804010036
1454199435
2121696473
229164
353730
7073664208
1422535855
248339
286676
11957153897
1653201758
1530922263
3759742831
162942
12255835540
5240989520
2990142324
2267053191
12613076242
360464
241774
5588625926
160303
39182
9466243072
818256465
285051
26923
8855429375
11327316091
304642
44213
2603637127
110513
218309
39962
230087
24843
11838209643
1184394653
4183246561
376298
192920
12154876695
2994248374
10246109939
91884
6824693304
170755
5417308
9309203384
39962
374322
5031027313
8313439888
2986409062
6278497186
7133336964
8791701984
3184018097
371280
12667896384
10658439727
350584
220038
96824156
3745521780
127868
10912479864
79313
169884
95654
269854
2087672977
248612
6495003528
9163037767
279916
5039867547
12418869099
122628428
5832563269
83590
6409058409
2211848054
274846
284895
77324
8672618708
5528726320
71071
258778
3149171753
27768
135239
4042674519
1997625435
3176993339
145262
166218
5369215098
5298536464
8732878817
1880828222
299082680
9293780366
11843706277
122369
3600475866
3258989773
10874540625
7191827331
2340885963
10532959268
9695001069
5796961742
169975
11119847609
6609259891
18525
232869
3789401980
181480
206037
9684609805
4105064184
541498880
9010853930
5022895033
14794
178542
11846853031
12192057215
12231991304
56706
5221953555
761349251
158002
1154164154
9439952977
62270
339274
783158753
4894264024
169117
286741
11878234277
9471618507
310206
8891208625
145834
10061760956
333190
380861
10414192061
11731998889
8542127087
8179805270
11147635135
191165
2478706893
3834402819
211900
894053069
4815590416
8700139656
131053
8631291734
5680818624
8851173812
5864735201
2017462746
790623327
8575875100
316004
20007
103675
4994351388
4760295007
49114
79794
11692844969
101621
79508
90555725
41418
336128
372632
10060220209
9515637326
11814905375
10760034493
1220710725
286585
6898268026
180583
55939
6809524995
8837961951
65572
5876154674
130481
5754266115
166998
12659588175
4265662180
293345
11239579065
388193
7182471283
225355
6110580866
243035
6379410622
10442234556
448947668
24024
203099
273858
9181319511
6121489582
4284840651
3696757168
267163
3125991661
3632262374
26455
4679121577
338364
6849378484
11596200148
194597
124059
3922397323
11977310345
11011355485
214734
1108470896
3384836208
211068
43875
376701
73959041
234884
11287815370
11306589099
8967547888
272792
846668693
10695717357
65227435
389441
2034903897
134316
1807559858
6807958105
5631353663
250757
9941996285
1035216130
7684855997
226109
7805734079
11869142259
3977268204
11716676972
3868240649
11124851114
5859830847
12281481173
382018
311727
12220202293
1057515849
138918
351715
382941
2940554968
4984123183
4188597309
2795593021
12483273491
232830
141739
3020057755
8004480055
650691509
11805231646
210678
5107562824
9989817357
10064450981
3981784859
6394143119
1543834630
4652189802
11122110168
6427480566
9575813260
248937
3428530534
5795180183
2266406493
154583
180011
1519310234
2939108133
343005
9584598595
364273
10957427728
195247
620972469
158574
1853487025
287820
7894422991
377775866
7484708140
168168
8740550871
2041256503
8320585663
4208099701
11991294978
215293
12893971961
239590
7113803736
3758919034
62608
6505171231
214292
165932
12653264130
188243315
4643451020
1080071031
302042
2567662604
2177058975
84604
110019
1909948261
6217898050
33800
25051
10996688001
568511424
101881
3549103909
4423954977
367744
12484382248
11984989458
257543
8961350424
9258607462
320268
4322046014
203034
8188029655
5279258959
3013353070
4602860132
7515506895
10832271801
11990524247
279032
10587281094
8310111602
66482
9514277877
224380
137501
29809
7311177770
11934526097
12700380394
43771
4700190924
25155
5954348985
3569038629
229528
225199
5149667640
31343
4631087994
283790
8294994448
12378037763
9076176629
189189
90155
26403
9053670379
12522595930
2960870679
4092901709
8409550292
7270924856
1173751332
11421912749
339248
3269216353
8732923914
4417565438
127192
374998
7644517231
3229996939
72592
10392122091
34021
331929
3168685494
2011800609
104286
7645873404
98631
612976156
275211339
9383694827
1272393499
4596366944
235924
5922942012
9534979428
5525121758
95121
3107529984
162877
5366100129
368004
10257301925
60398
983529664
167895
4249378523
94029
139893
100438
307736
12159808570
217126
58188
5036614648
6883870981
327275
10627732297
4332744533
90649
302614
6714981065
3309595393
8356442341
4508645635
126828
4050043270
289705
9086722021
10748227581
12063767664
85527
5968513811
2498427724
335751
266474
4246255325
40846
6111570647
267280
5912956894
2089864036
3528836831
12079576847
3064289709
311402
281801
12088665953
4977284663
339430
46943
4073483232
7358849680
123461
6945193671
221000
7838846080
63713
9585064762
12161961344
10745532902
288444
9257019239
1133870686
7377316297
223782
189683
3417444732
12631723702
59919444
41587
5550228476
69836
9585762368
6356212681
235937
49972
5651353916
11057697989
308243
176007
174278
248209
2216060808
368496128
137800
9641911669
10380039644
103155
59436
9029875699
6845270393
4185568426
323947
7264835916
127491
28652
1047469397
3557194667
3205173491
10890470487
24752507
7292183132
8768483997
356304
2763537452
186940
1375461698
12487642154
4804716397
54405
66846
8688994444
9374122953
8651471088
111930
1658172243
7299430983
12593889529
242554
3664202386
10925156801
2392278330
6347295071
9618410061
7678651708
85111
1187689932
7937288450
1425873111
10435051315
307567
1896213462
12174518798
595573342
66794
381420
9139540722
7486267568
6174761216
78962
1569318504
7549196291
2504989708
11618168926
9112994306
234728
67247401
3698245343
136578
4254013959
6049243551
317278
7923489691
381511
8511112103
125229
2408244748
254722
39962
2825901663
294073
222404
11660504700
189696
2161670056
144339
139802
62387
469738633
2310162062
1534757809
12455619137
5304232206
328042
7264690563
37089
9561644612
8279865256
7371075959
110162
279526
351377
8967867792
6212486735
1926796547
750165676
65143
345267
2181632882
77142
6819356817
93587
198328
216281
12119248934
8683645893
10666860958
237913
8806095337
5855195268
10858582072
255060
12028552679
2914248272
9365296824
11935633021
3016130221
5397413281
8007838969
316901
1766310325
8280298208
8964627984
11756380818
342199
12389190892
331994
260598
163085
11011284102
10580303370
246025
11843547729
12207730314
297908
4700237750
4522195899
6638659300
12515149322
129025
5578787708
4541234373
8343272067
7729943442
224120
2958746401
2990549081
7314554754
6647079920
143619333
20215
419183648
185913
164008
5441845214
159926
312559
225680
5082169755
1730323452
6655856727
46371
9099423593
11466496795
7975069804
212527978
12837884878
2584546900
9355560279
3729346075
2922075182
11038158833
117364
322075
199173
10226895562
848825718
9916885446
167479
10560796220
8704830290
3007905420
4702297002
1173017235
11225460532
311571
8409458538
26195
3354801931
9170379998
8784580753
267644
4991342525
4046428321
134264
11421181343
86853
11499303816
9714686423
10999776554
328575
12667712629
7112369784
427203959
261482
89596
258544
3508072880
9529178542
5017674506
12051752843
126841
3261795563
10203517545
12023473501
140530
5218150678
7109908
8411257530
4610397207
28938
9983895285
4427071506
18421
230178
215176
9007099803
199731597
8545699266
143455
2474255498
12236497416
291499
3418722658
12859896166
479136918
5700942949
186602
9349851693
598579488
144430
2468615500
11019609718
1851901129
48672
7814532947
12955464119
1660285913
260338
69264
1523817880
260052
5567460197
292708
12811761105
10012536313
4436194919
93314
8620519453
443012674
242892
8971612065
325546
5626248927
362453
9719854040
6100405727
7089213313
2644672654
33566
9345993501
8449880348
78104
54288
5774325102
11637274948
255671
67093
3763158490
1512365465
1645159243
3146046358
8474677354
120250
248248
3299300303
8170264817
6406933728
209872
8377767047
9913532941
122031
8392201935
3950520236
41249
9844377322
2389044502
8691211230
245076
367640
65819
8082503390
104325
219700
39962
9126308516
5478361057
12699606400
138450
2052816740
5279392677
1736449858
169728
364000
1858960116
12476384596
283881
72936890
45565
7780306261
84750484
1912669655
9247804033
208091
9258353247
256529
8060908609
5125090360
144846
8066917781
4810559598
22139
10378118933
139620
12846188615
242736
120081
2969629260
2417380238
16861
11542763583
4396456545
12800807110
11574389827
259129
268281
931095399
3516947564
111722
6801400606
323622
7154577235
1671166146
1668100226
11545965613
146796
216996
3525657915
949964808
68614
286936
3572756187
5508003033
11063901745
2169700780
365898
78013
5131812439
5622857383
1152981544
9898679726
6245054140
7080834072
251186
2060491134
6226983802
9268515100
4069058435
9597380832
1906667815
10782664542
3673480798
9126524602
373399
9640314242
256204
164775
266630
8495099106
304837
2128975940
308178
10245401439
6638558784
4994728284
47879
2913731054
677938417
2516064005
296127
2447706326
51142
6859189922
10182246113
2202566054
323674
1360598720
317551
9877705760
4879388579
5030765220
1525974476
8069573499
8768997315
8227879725
5687186648
596100648
5187841490
175136
19292
4894091488
394039776
3906272695
3087630494
6207426212
9451330122
538825235
190008
103363
116532
199069
115622
146978
8364222477
1865131502
127595
792120927
57902
6414124184
314405
9471316153
30095
8475383592
6258646940
323271
3355603784
2810176200
194896
288717
4584296795
2715552190
6662514833
11023997023
376441
11223283357
350441
2264193295
12849464069
10531289314
6240012701
3081457548
2740008336
11764996022
3893472674
385021
3338711454
232144367
556810943
6193256225
9431547047
4918208945
4712718465
206323
227669
3762228106
2123782336
62335
142688
89626342
5670467946
12126339251
4593648397
9760066979
8384500683
352742
158210
304928
10125266710
65728
12751133564
243997
332631
146562
8573676384
9912652074
1851597852
12984649327
8629068136
361439
11190417004
3323750066
5853816163
129610
8835878142
181168
1905815288
10825339200
8493951973
10615617207
885549665
169507
100308
2685830394
1335328644
6206813938
11062248041
30446
3580451108
6792663943
3092323585
10368210866
88283
569197993
2265897608
245856
4938820523
2965697098
11995779068
4869387107
1718076178
103168
245141
127556
366860
5119456329
1415852997
7440219046
30888
160706
12893579413
4525342809
9976829655
8245750838
317772
75374078
11104793297
63596
11316213480
2884899446
11136083101
191451
3682772314
9375221687
8137676625
1102107357
12303024383
11231803609
11069770231
2967613961
12555519158
332150
11754818270
324454
343811
82823
68397693
351507
228384
12445353336
180947
11364150356
2133752673
104845
32643
116324
431946372
5107607258
12867960248
1042136004
297154
63557
9218592279
9873030648
7879396161
175968
211991
8036100527
257985
257322
311441
943375368
8477775072
177957
12630010874
9323281591
235690
59808151
8649698161
4938173513
324675
7640132370
10361961441
363077
12056351411
10255402313
8096422191
8105818812
10310811953
4660414486
11306490351
269386
5031070759
7165833714
304564
10470700019
4751065618
1270625239
12944297756
4387316895
5912339355
11404781167
359372
92092
3544510411
9295900731
381056
187421
141440
9913577544
231400
11386827010
2902234374
9841567216
295945
1471891278
113685
10192200031
4541538456
6117235969
5924947028
155662
7408533015
11780562820
357708
12021339629
12738841531
10153459498
362947
11079756246
152672
100334
251589
4756436399
170612
3208541739
92937
6699472793
219388
263575
1033357260
2775389240
386724
215358
4769438479
998141326
3984052280
5082782016
147212
12621521497
313040
3059821141
7794102056
11085846941
136097
4807011404
4481536917
1711194823
4595811532
297076
5299878012
380510
4770912250
8514256426
87399
44746
5314002044
8714374409
5595665543
10681855418
5500005901
3570022092
3364210460
873254343
374257
12306954569
5495313226
8307072761
7127600818
376922
95238
169442
10240206379
6767040241
244803
5288019035
9789089895
9279472345
240461
102583
2057662373
174512
1127025952
3099804721
8082328228
53534
51805
4218278181
168701
62881
8590768407
1250514304
73684
384436
3351450154
7644345683
5922892248
4817214805
3264613118
341055
565007794
3400888829
254540
5241311933
75491
9332905569
302367013
11663313207
11723977863
7824549785
314318784
222716
163917
92963663
8414689569
8861698339
8653622289
137969
350272
11651428607
5854980222
4240029027
53170
7407195536
785448950
1162511935
12236412240
386347
2340829218
64779
363675
4607103995
359775
3591857243
1824569812
1703465790
347152
1466364250
7567978067
1770519777
2857367032
159094
10523106555
8381292166
7095303475
8757987355
11509941248
9396570144
234182
7093118929
329173
7633404428
11155068522
7353843419
79716
146666
12437064094
167739
314535
401925173
3377796942
11796828316
9374473355
11818132885
1243287513
80687919
62439
9201497279
6182590947
168155
3583173295
266136
197600
243113
10852897705
150098
2692732731
508661530
6110701792
8317607623
31486
1111235710
29185
3075386470
1806087361
2034863896
5163863198
9395431474
8578808199
145496
181298
107458
327626
1918190404
9696210394
331487
1034659509
3556287917
7714457543
12869870429
8279331086
342186
10420028229
370929
307333
2706919176
11248056027
3458740220
118300
2806472799
1500471648
2776561268
4198085541
2687123816
10183442880
324337
7458739132
3028169274
10948719379
6842517383
127725
325650
374400
8595628860
3535053275
6369975534
1271205416
96655
297856
6934008289
8355300135
9068086183
355147
1652544374
7868600363
282100
7297639622
302965
1876275544
12724179195
11408344935
2137182918
3738105072
8534152575
175864
10063145092
10845934671
36972
7273077058
10769760196
296283
39325
7457944221
8406442499
85944781
135499
8479959436
207805
7729916753
12435405112
9644095123
10715160963
1302711735
1390875928
12570201683
24453
895001744
10066292106
155267762
8965417214
386984
6931207023
4891657160
166465
12772402630
28964
3247256363
162110
7184711209
11603066982
121615
2033935852
1812686278
236301
4484299040
2033887947
42328
6510061831
11583246935
166777
66651
12388126491
9880757445
185510
347646
3954718755
865917325
9410360518
6190208895
66313
132860
3258442148
10697663522
9628855080
6959566146
1989290862
7742071389
1927051100
168480
6829220476
7742266714
298818
7193416490
8311939090
3533972754
29068
908096150
11804353730
2831123711
3845569299
1646202948
9237617012
1678427764
6245058391
110682
1651454584
12954691893
11387251148
2048980063
92027
10360311026
6855650373
7546691945
10534097145
336206
12175348809
1545763375
11411396009
269568
5652372934
10985829738
3586732695
3353505766
8956371086
5386678453
2435784845
6806647939
11066394352
5809649885
7010084835
357123
1097528003
366171
160212
8658431392
782535533
315406
182702
70826275
3172935779
975528788
80652
143273
2369692429
275236
1954905693
6557565092
234533
4280705611
10580819509
354575
84500
8638934785
499361460
509936037
1040507377
524699331
12356391255
2647327397
151944
12761349848
7860191417
9935546634
7009637700
9007695476
4857014747
182260
109525
6121015121
2692810861
10017608276
7883841706
263744
10854919621
264511
5410441946
841492977
7286377852
387387
981874192
8292126102
3680699074
346814
8838051495
4579917290
5055565294
47892
9000737382
255593
2762612957
2098689931
12419358432
381680
2700292855
7975398626
2892630676
9803385020
1240290558
1622914319
186979
9532254433
12995650265
191984
6944397629
72501
113373
6206908305
3827086692
80457
2670271526
8056640891
11940197841
7069779236
6134395514
11089372190
9608293656
902571228
238628
155337
6063963139
6534559317
6185923172
2088132774
143195
30940
380562
1566835543
103220
26195
4305782572
5502992443
352235
153673
4124260738
1611710711
64688
4119779690
3773623100
55874
6306256073
9113379041
12526514507
67067
1093607931
322452
60541
285546768
143078
188110
1244753588
2439709077
692607916
8655543494
146471
10945361700
3328691821
6129796062
5267067117
11732477198
3252007551
2912037401
12089093484
7181226247
10026807102
167466
132574
199095
268775
9874660068
213083
113971
2173892188
6483210591
11993112300
271817
12154677145
5648197477
9016051200
10729824170
12180016316
8181604132
261170
1077498175
334919
331721
11111100975
2039786424
12208122732
3324136660
1050487139
258492
7474091105
3600658490
12718454580
301626
25298
5453753643
7270448107
78598
2833194598
11838827130
33617935
44967
2585236576
1868508356
7755564154
7955939147
368641
5189674568
3373565884
3234802844
4537179088
3636247199
10175878414
1152618649
8700912142
147199
33332
8517300103
177931
904746531
211250
6244311177
119886
4407947362
368914
347581
18577
6006945880
107562
12091202591
80704
7986001283
58812
11160222099
4173466011
1671502651
3218552623
11050325650
2048016568
9998816646
991858400
7204474914
1370579431
111293
4958645276
8942705538
254306
48919
5776422990
6232582564
35087
180674
1397355440
12940001022
8534984627
7626333208
4230220501
8046680837
5680004447
6502070029
173173
10439067392
10451541087
12420748054
8480931355
9974147417
11565397870
155220
2791536098
9250173010
4673632431
352755
121251
12478798280
3319162288
99151
2922930660
5130758282
4491196060
295464
4856234695
180570
8688900662
105534
6925321442
599943474
165776
12075611509
24739
8237958508
12061887578
5114375513
12527555248
7764792035
3661925020
3718067704
12297967292
10023008710
9413940770
10179227279
299845
10447593117
357357
2627167868
7281621425
4062034639
2236346580
97461
109135
74074
2242729814
5527801006
9184355843
2698123948
5598636303
185882944
169494
81172
16783
2075610030
10863519056
5687267742
10938704530
2988055447
3942554005
3572530949
12732868941
239447
12580857510
77506
9007479897
5042296467
9871231682
1298234353
10043354685
8289201557
8226855091
9892657957
7558902234
12504296441
276900
5042742237
296764
10506256501
346034
7323715321
363129
384839
242918
35763
346307
8767372913
388531
50427
10788797201
4563793806
1832899198
175786
290316
9078145375
9041617988
11259583595
10114701948
11097101158
185809
109694
20397
1083007302
286374894
51168
1629371016
211707002
378833
3206766836
2804829703
641457167
268736
3091921300
7713987892
7080874411
6787382719
8103929821
6171188543
260026
403370227
10645077846
9147713848
12161630208
11552361483
142415
35139
1159714257
3867920823
6584242561
173615
1251202576
378027
194701
9973877953
1796637765
1909892920
182078
5143586825
2544610445
97591
70590
387842
5453200558
9022068835
848271008
7502741376
1282832590
9060009777
650565578
6192177212
9666008599
381732
353448706
250861
148486
10792035293
2100951307
317889
1548914133
12676037283
6055637874
319826
1035576360
274781
112972288
10663665961
8943055758
366730
284232
5278399386
50791
2150729269
8909774835
1769761669
7500718784
71981
11344653827
112177
49530
72085
382447
9320295309
300625
11060632440
137319
10102928420
311181
2550977975
6459412362
6295993782
5968002417
9101473576
3322144449
7833010406
184990
9590829391
5093475478
12591898982
3311330724
2304505125
2112264128
291837
12761832447
348231
4207042801
12114878256
12204465962
2753823488
5618517749
192192
1986105875
30498
115986
282477
296556
358163
4959500
643595147
372658
1510340247
132769
81991
31434
12311135473
9298457792
11462340253
12335348701
386035
191880
314509
12488356140
11538514845
2489194630
1150002581
107965
8007198472
72605
2745046408
2440153456
74607
7909072054
10629940880
2216091202
1016466295
8226804248
223275
8631869272
293904
187551
8392102134
12622969242
125398
37557
6821624316
3709474652
628995367
1873096160
119765984
4616144208
128297
6863568036
6996912949
10778712984
302445
6072667198
6275289579
302744
9830171
4061583266
4319413982
4619006808
357136
4595899789
284128
5682707056
4272888581
4388332312
126061
6185400390
4552137070
93002
10512259992
11714891487
6671607189
8287743516
263744
3935255532
9850275487
12752049492
347672
211666
287196
79040
40967095
12493899236
7962658483
5332079025
268801
212615
10951761496
6879046759
11496500262
1966046589
45955
1269942856
12679991818
15015
7376362279
150358
3257328698
5313464351
117611
12629922552
115973
639819973
5234946093
8691910279
11599769376
248300
91338
9736726883
8757402186
9537757450
4871770891
7222601087
176995
2814615921
7182174376
268000863
4352922600
593788156
5621300945
196417
172682861
3603373267
6670734551
2304695315
62244
1906088379
7379249553
3865941482
216073
5274729603
5987290127
3302728572
7381154820
284635
1533727013
4860047712
2890966078
210327
3910697427
11305163402
15587
10181951247
565274489
12287216864
2944814054
1039646582
983681140
279617
2666395628
757116984
3899601446
3607874335
12663764295
12406333290
9412932360
347438
235092
253253
8151991354
260858
271596
86216
76999
26351
6425098160
8129115163
8793807113
4745757666
2136183699
324545
325767
2921357010
10596434420
358579
73307
11054605185
3997736652
4550931970
978558555
8937696963
11282264487
34060
186355
4014227334
235924
2309865818
59800
378625
23972
2561862836
5612364719
94991
162929
206570
1913997800
9541376364
12780031836
2104668046
5114408104
177424
8474834719
9053941845
9948888066
322426
47476
11669337147
9330964799
191373
128310
189683
12320123543
2992636660
47632
10345633103
940288622
115713
12401625678
370383
78065
278161
271141
4840302571
462487038
10061109526
2352792910
5429886891
35399
193570
211016
82860778
1223029002
338819
48425
340132
14924
334152
318591
318214
6752963451
11637964481
10180372579
98592
11544917098
2782058058
275288
12246362869
211965
22256
10431912478
273481
5227606592
86086
351091
8294926718
3671620433
1065082018
12438936068
7258603261
12002686891
10498257250
66040
7449474240
1218026043
2763029321
7172748882
164593
7488912704
3437759299
12429443741
245349
10249670457
7269806141
2596918012
289627
283010
4491193226
357149
10722487022
4765861646
1291694911
268203
3727947236
3312199631
11961441622
11832320344
2603903640
31486
717722018
9664075226
8456402500
1849205579
7919382432
10830043822
225849
20866209
2868877999
11257901460
7755680491
298376
3049052942
113997
8310388606
1186173950
360061
292734
2440163401
12180114232
124059
8705807019
3760982836
991365167
243256
188138639
4845969596
77181
189462
126594
644272174
138619
206154
7427591314
7382205987
8972694978
101153
12277314413
238368
500537115
9363488875
59440303
338650
2290960061
9260758611
1681393311
67756
12810709743
417649388
79911
2224709734
2313796654
8313429605
231231
2281351865
70122
386243
5456684922
364039
1595052056
12280270548
12853967126
4743127142
3461579771
2123371185
2479568793
9539507588
9751970878
2690312794
297180
450050497
12876445842
120133
1345496399
3263309543
19110
1836384160
7378281911
1961628539
10593622013
165632168
373828
6664002722
12673341018
5591367847
199784
331695
339235
10107750445
303082
610658750
4236020646
8548540585
129662
169780
256009
337705407
10179595153
359202623
6517234126
8589126182
2318192890
9148560525
118326
11763939044
369876
7479664283
379002
11279045050
255268
7747961104
728220740
11788748049
305201
272623
14937
97981
78416
6175832065
3817629595
2344097132
8860379918
4341591280
12268423947
72137
7713394026
202696
221424359
2119158795
81861
1233908806
9541861459
357461
251495738
256399
3578175770
73203
146133
11121749444
285701
12239857331
3670506437
93639
11490868870
4038305492
3265327091
12782460626
215111
135616
960367863
9586658848
4089545291
12119622697
2838704076
6794758789
3964461618
1647050808
7262038992
1621747777
7959064061
267098
5580080311
114322
2750264075
5067281583
171522
2110160832
7650421532
1990124084
8430490510
10547095988
10148259862
4997738941
2354366625
8090749173
2471472497
7797972793
4331716961
352430
187915
4307237519
9772190974
20566
3762110274
2021077734
10003142591
83902
281671
12438768615
5270497037
7004817040
10549882772
111215
4679895649
3496735840
3647856875
54353
7434127506
6802271957
7329578711
5896417917
183586
4976773412
3885436516
156221
12804160863
10877309690
9465869998
10921388738
6283631614
8481094167
981390553
6776170479
12386949081
10612929860
12533912937
33787
6175329992
1066460993
10093763732
2155552984
9727599700
3287640408
166205
357441799
9688099174
4381422383
10817516606
1568136947
6365244197
11303210919
6939283104
201084
3643365830
1629306679
313950
97565
8117704036
5652624094
311129
4469582000
5425260204
12555803663
208026
27326
20630506
325637
7362958915
8860383974
130767
11123642660
5514755675
1818461541
4320067986
1231311367
6249067825
19383
7748498264
2636527530
11705424120
21788
10632843442
137709
7034455792
97474
9455339738
224757
8919388283
10854440077
5203370588
5996544463
5964941112
1286215905
8251063626
74568
4263161084
67210
1948914825
2581390955
607326642
8259139356
2067297505
7500854621
5024364007
705532165
3364547771
10586428450
6646024229
318773
4141242716
6443560604
3189502719
10509165069
3318003455
1180413260
10849348341
87893
273546
1957093671
1125510529
237471
10235347629
251212
8378076590
7673790787
310713
4615824798
58825
12193789036
42783
19617
384969
57227677
6000247656
260442
9209328180
116207
10956234640
4090293454
711255272
10721006868
41028
11786438859
12483399279
359411
9870864341
9546036214
1253884775
262691
3702596547
11620974391
374140
10168654054
4645305717
9075275482
213564
328055
5565869270
59215
1523311595
248963
69589
63232
273572
247364
8992731267
12047273004
245999
5876981513
6121195184
5115277310
902757778
58955
150917
5869069726
3353525006
7606946776
132639
10638163627
90168
165503
366665
7623552885
10492327859
4196396906
12562466917
10905306620
10689516695
1599631345
10788073166
7021602029
366509
366509
42380
5811152451
344799
2342512627
341731
11524398002
3088647588
354536
2305401475
581527427
1826637319
9600871046
46813
12714129402
9724760552
15301
384280
11764769055
144781
3759276365
68939
6786101829
101062
355862
4840132167
865104266
12086094787
168064
5205344625
2741014978
10241204272
12913879316
2204328984
1909540646
2127197384
9553990836
6488393925
116519
12033736221
10815268308
240773
2146007708
303472
3713943259
11793695446
4194402524
5609889831
920707580
7425064231
3339714859
111605
196638
658646703
8582516943
4807237838
251368
1759792125
335491
6202392352
6233554028
2343292224
85748
9147116914
4402368165
92534
208325
377663
1990486251
206180
7620228733
9824487920
7372344512
135252
3771428544
5535338341
359466796
90311
67938
4731096279
2790562489
753027431
267462
9357559991
9326240911
360776
356863
7296635333
5405710570
11257339886
1106547429
371592
2429983725
5881438277
2873049660
245353498
11463757266
12675767845
4612644855
6572590973
4709997201
10181100046
286377
253275438
577827458
4543018896
1881514635
127400
10789665705
1353624181
3584745268
10033913032
2681116191
3114513571
8713915509
2239043495
387855
7976574463
4056326547
11717245475
261170
300300
2350611731
6909576479
1474311254
1795617005
335257
12727747929
6788645864
9265532029
8288217613
264069
204763
8037133078
252876
584884560
3530325578
333541
5333295799
136864
8922420000
223275
3305097419
88647
8741826652
7394617282
7450551212
12848005885
9848016594
304122
194740
9738537965
1178392189
4784246870
90688
6945815474
216944
276479125
347659
2182729211
6366710181
1562820064
3699296445
6935381297
3398624216
1621295507
436281404
939931785
161278
12784121974
340756
798038332
155688
5901706551
359385
319709
5612627566
8074984190
4795137737
2593944444
6725416386
10260896230
332865
202943
11879650549
101907
57187
354003
376636
1928436783
76557
2663489205
52143
3378745500
4368895050
5663691280
1526493592
81291418
320619
151788
9967493432
6554115243
1883164777
65260
9778523053
1970886242
281112
15158
5284851286
574788643
2740640903
11579357595
6859750703
11730400825
254332
1329722823
232492
88530
11777767430
10333082604
750301565
5196804730
182364
2129042565
237434015
366496
622279216
9879479285
9992728343
2729686011
8334307475
12149617480
1957636993
300287
4650689329
12525438198
6082462334
113607
20969
10370328644
329628
122694
1164557628
9735884470
5356837512
238056
26429
140465
306410
12469396758
22074
2168336261
2373200947
12048452208
3889307656
355771
323596
204802
318851
10323680354
145678
2753212800
310141
1438058401
10249373836
32058
241865
6645206087
8792676360
80665
151974563
9359497641
8346125515
3377359648
10101016029
384722
10815525487
1547167570
97162
6425311750
7774359957
193531
5692874863
8400778269
3682067805
24817
12765807145
6488715948
12018671834
128882
43186
140218728
3639990198
329979
2138217614
292682
4917606772
12226541054
270309
766640940
11235292874
6307402244
310713
5727692984
10654142070
12816935807
6675509490
1075961211
299793
377910
158691
12908939472
6529647423
334802
368043
81068
1172862613
1923330929
3622570393
10246189928
177762
4700842393
330163223
309140
353899
87789
1563584360
10815268984
58253
3862573312
2829712860
228904
267631
210509
142545
268697
6359487030
295737
9491545570
7816053739
353873
2182359335
25714
153504
59540
7905683968
906824867
4165919316
8264528610
290212
385255
2784247245
11827616983
86307
7253832690
10556734851
295971
2476063135
13273
10049797017
387556
3518251542
9256432198
893544483
363532
375037
1696593132
11319823034
3422746288
243945
6282280914
11705923190
9873920888
262678
1181008972
2435203433
10809349356
6478532697
8958573949
96408
8194209517
11204502517
6366786348
11226477067
368485
8548309146
353600
478894429
4193328204
12530869364
52403
11133342233
2525117582
7511260783
4593904900
4039927944
144475851
216697
10693195201
358514
264498
1920104979
3962652499
7880798042
2007889260
339365
326027
3755167104
2158179166
57980
294684
325351
12937939443
220753
11661745329
63687
11987881802
228436
1799326178
2324696569
11102330148
8968414195
4394427128
61659
10032034493
2614877525
109798
12391000063
8480435509
204464
9324429348
3403196589
3046635644
210587
231673
9651585086
1774743802
2591170322
3315314496
7700970199
7419004307
380029
145236
788598239
1598645308
135880836
240217926
295971
294229
2290176395
7710216982
5146955866
6308631511
7114176017
309816
11558711359
128856
193336
5308094142
244998
229112
4685335759
24089
12069067335
12418869125
113880
6840668822
297102
415265864
9855755780
2260031475
10473289190
136877
45123
9255303824
9368263372
8644753351
8536064043
11985815075
1813310980
269919
622984648
3179384741
7521797621
8384533833
324415
4123445131
9438107835
287742
8222892977
2466019153
185276
278928
10824939593
509986399
10092688021
229099
79417
7879701492
9565585848
213603
310323
9063217839
10188684519
44317
615313426
335905206
1294423481
5406046828
32279
5575903463
10145456945
4311410675
12170626403
566717814
7752559997
91429
10673582647
4270996548
2409095936
366444
8929215529
311467
5136756638
12241377590
375804
9587121830
241111
10983411530
380250
1676235535
230347
6854794245
3369343926
190073
6482990995
7174271312
75907
11239177937
3078773542
12045365982
6331812734
11795340739
11979501651
343031
12276315922
7971800252
8352354153
9161590022
815913618
9804721212
90363
9292283689
1485631641
3336386339
8284888170
2976221378
7558281146
348829
223106
9287789420
690076907
11857516840
40326
6576516804
154570
9122868586
53079
7501164905
3410044144
9807151432
4831460829
5100603781
1525609579
5415187700
258986
3744656500
9151268581
10384764663
144482
317428280
2538048474
294931
12198389164
634823618
12781912871
10377015246
1704116609
6055885264
234091
11196267498
6322381182
161772
52897
12123771140
2818822786
7981280463
1701024468
264524
10959712465
8772504949
366691
1200791046
10034731122
331630
78741
2052637392
78767
3749288075
154453
12204872498
1349836202
7090353946
9004364811
4292633579
12893412350
131768
191217
185523
3470564838
4580828590
1418621139
163319
9621518218
8036847754
385736
43992
389051
8647708134
7961713344
129390365
1359256925
222547
7302192898
9226123634
386048
64337
12900430595
122850
4936141873
289419
40014
279019
269035
353613
148356
335686
2979455258
4059969147
2897448606
196573
3498135212
7479017299
10899705076
221884
6813322763
126932
144040
11112744877
648042889
5913256037
11072331569
9489519689
8924022744
9108051498
10050499147
1431357525
239564
9488542869
333320
317772
2153084687
11970664316
1661783968
111215
3466742695
545048296
257062
2625767963
10723906258
285327172
5226529269
5074367506
12602442801
248053
12239982859
8970244348
10291088184
22997
4930721159
244257
379678
2489861634
166933
9984249249
312039
10632461294
11832303535
8432961680
363129
256230
12717353207
11127825644
4169546589
4318017392
3147968603
8703902909
7632882855
12450089548
7115526587
720934214
5213774527
7270879421
7839619879
7748568542
84916
34476
299741
1921141963
358722
19513
6931057055
642353491
148499
58110
287911
292916
2797065063
139308
7212957765
50778
7608655613
243854
292279
3179698873
8516616108
8685197859
358046
1550964155
9380563491
86333
10328060730
11559348684
12715293448
6286399340
188955
6420443952
8647103660
8632774735
93340
8561388576
1873035177
318877
188461
169598
200434
3234114858
1976568113
7500364664
293618
9683449984
2418033202
714268334
123591
11436596951
5816631509
320164
6093369282
228644
263419
63466
134758
15899
10407320703
8717668518
204152
7608107013
7687174495
10111327603
11414310999
1964939678
185744
199862
110240
11803870026
137683
59657
242060
131534
7370764323
120016
7559760013
53989
11947094315
55666
11601437263
5705012586
6672445429
8031013991
7496531432
10618175113
5245964867
2259716758
11904601891
220571
4688556496
314379
11949432599
4797130221
1175222581
106236
1231732736
6065412795
4454625591
11792294072
204791977
11527651278
62452
3805575072
12085429278
1833095121
1407590769
44149547
2791239386
17823
10679678477
218283
110773
3151461950
1439730981
164489
1980510779
3969624087
83213
2475856565
364884832
4646952622
279175
9981962471
972560771
466185343
153062
3052319101
55822
4194097596
9047091586
1013416599
3346989204
91455
2383223947
11371984546
7218169816
8638879249
77753
3460800915
563071496
3190470075
327873
8027692140
12348108071
11899205643
972009428
114738
4120859964
333461284
82979
161772
3817871603
11535160260
198146
224380
98930
3939287027
7815151305
385866
12843079301
1680371004
5981309490
12544150151
4326913578
3352455613
4780291581
11502109528
636651964
86593
93041
3208618608
5657150122
312221
9478567176
6436690624
4397399890
4523563057
340717
341549
3822809731
65689
243685
132041
7333420055
6527144754
8383528660
7919536352
1065841491
139555
1802271458
1301080222
2164857604
327158
7651717528
340236
7385537549
3976717004
8981916567
12773144306
1952329704
5886383438
269971
9329686925
12923424969
366119
62907
209285791
8433366838
55484
2041601692
207922
8521983509
7372735448
170289483
149565
12355729165
1310647910
7763620943
7922611723
245188736
12124298147
867810008
2408033511
7947457674
10912368623
80561
1176290882
10964391477
333814
334932
286364
1118583960
648110268
12767736410
53586
1808070030
137748
6242786056
3064106175
6223175465
2508671009
26845
376376598
11898167086
6120120552
7487600796
1590186130
206310
11840851945
11952352035
19019
3213636348
269347
1602753412
267553
11591310445
81471
6245486390
4032731248
9692168083
6100619512
259532
154583
1132817413
4723856176
93405
168636
3651505910
4702832797
5061871542
246558
255073
6313813909
5375879080
1514964750
134329
4847867154
205322
17914
6962160413
316667
4591978703
5901891788
92763346
11405823208
2337451233
11484732350
2144102909
27638
220129
2277726347
240292
11178001471
2229856434
96850
116298
4734751073
170963
5273721011
843057683
2719085408
382538
